{"/Users/josesilva/Documents/Projetos/Viveo/flow/services/alcis/consumer/consumer.service.ts": {"path":"/Users/josesilva/Documents/Projetos/Viveo/flow/services/alcis/consumer/consumer.service.ts","statementMap":{"0":{"start":{"line":3,"column":0},"end":{"line":3,"column":33}},"1":{"start":{"line":4,"column":0},"end":{"line":4,"column":null}},"2":{"start":{"line":9,"column":0},"end":{"line":9,"column":55}},"3":{"start":{"line":10,"column":0},"end":{"line":10,"column":104}},"4":{"start":{"line":12,"column":0},"end":{"line":12,"column":79}},"5":{"start":{"line":14,"column":0},"end":{"line":14,"column":16}},"6":{"start":{"line":15,"column":0},"end":{"line":233,"column":null}},"7":{"start":{"line":21,"column":2},"end":{"line":21,"column":16}},"8":{"start":{"line":20,"column":27},"end":{"line":20,"column":35}},"9":{"start":{"line":24,"column":8},"end":{"line":24,"column":42}},"10":{"start":{"line":25,"column":8},"end":{"line":25,"column":41}},"11":{"start":{"line":26,"column":8},"end":{"line":26,"column":30}},"12":{"start":{"line":27,"column":9},"end":{"line":28,"column":62}},"13":{"start":{"line":30,"column":25},"end":{"line":30,"column":null}},"14":{"start":{"line":38,"column":2},"end":{"line":41,"column":4}},"15":{"start":{"line":42,"column":26},"end":{"line":42,"column":40}},"16":{"start":{"line":44,"column":2},"end":{"line":51,"column":4}},"17":{"start":{"line":53,"column":2},"end":{"line":99,"column":null}},"18":{"start":{"line":54,"column":31},"end":{"line":63,"column":null}},"19":{"start":{"line":66,"column":3},"end":{"line":68,"column":null}},"20":{"start":{"line":67,"column":4},"end":{"line":67,"column":30}},"21":{"start":{"line":70,"column":3},"end":{"line":70,"column":57}},"22":{"start":{"line":72,"column":3},"end":{"line":79,"column":5}},"23":{"start":{"line":81,"column":3},"end":{"line":81,"column":56}},"24":{"start":{"line":82,"column":3},"end":{"line":82,"column":38}},"25":{"start":{"line":84,"column":23},"end":{"line":84,"column":58}},"26":{"start":{"line":86,"column":3},"end":{"line":93,"column":5}},"27":{"start":{"line":95,"column":3},"end":{"line":95,"column":43}},"28":{"start":{"line":97,"column":3},"end":{"line":97,"column":56}},"29":{"start":{"line":98,"column":3},"end":{"line":98,"column":16}},"30":{"start":{"line":109,"column":2},"end":{"line":112,"column":4}},"31":{"start":{"line":113,"column":34},"end":{"line":113,"column":48}},"32":{"start":{"line":115,"column":2},"end":{"line":122,"column":4}},"33":{"start":{"line":124,"column":2},"end":{"line":165,"column":null}},"34":{"start":{"line":125,"column":24},"end":{"line":129,"column":null}},"35":{"start":{"line":132,"column":3},"end":{"line":134,"column":null}},"36":{"start":{"line":133,"column":4},"end":{"line":133,"column":23}},"37":{"start":{"line":136,"column":3},"end":{"line":136,"column":50}},"38":{"start":{"line":138,"column":3},"end":{"line":145,"column":5}},"39":{"start":{"line":147,"column":3},"end":{"line":147,"column":56}},"40":{"start":{"line":148,"column":3},"end":{"line":148,"column":31}},"41":{"start":{"line":150,"column":23},"end":{"line":150,"column":58}},"42":{"start":{"line":152,"column":3},"end":{"line":159,"column":5}},"43":{"start":{"line":161,"column":3},"end":{"line":161,"column":43}},"44":{"start":{"line":163,"column":3},"end":{"line":163,"column":56}},"45":{"start":{"line":164,"column":3},"end":{"line":164,"column":16}},"46":{"start":{"line":175,"column":2},"end":{"line":178,"column":4}},"47":{"start":{"line":179,"column":33},"end":{"line":179,"column":47}},"48":{"start":{"line":181,"column":2},"end":{"line":188,"column":4}},"49":{"start":{"line":190,"column":2},"end":{"line":231,"column":null}},"50":{"start":{"line":191,"column":23},"end":{"line":195,"column":null}},"51":{"start":{"line":198,"column":3},"end":{"line":200,"column":null}},"52":{"start":{"line":199,"column":4},"end":{"line":199,"column":22}},"53":{"start":{"line":202,"column":3},"end":{"line":202,"column":49}},"54":{"start":{"line":204,"column":3},"end":{"line":211,"column":5}},"55":{"start":{"line":213,"column":3},"end":{"line":213,"column":56}},"56":{"start":{"line":214,"column":3},"end":{"line":214,"column":30}},"57":{"start":{"line":216,"column":23},"end":{"line":216,"column":58}},"58":{"start":{"line":218,"column":3},"end":{"line":225,"column":5}},"59":{"start":{"line":227,"column":3},"end":{"line":227,"column":43}},"60":{"start":{"line":229,"column":3},"end":{"line":229,"column":56}},"61":{"start":{"line":230,"column":3},"end":{"line":230,"column":16}},"62":{"start":{"line":37,"column":14},"end":{"line":100,"column":null}},"63":{"start":{"line":108,"column":14},"end":{"line":166,"column":null}},"64":{"start":{"line":174,"column":14},"end":{"line":232,"column":null}},"65":{"start":{"line":19,"column":21},"end":{"line":233,"column":null}},"66":{"start":{"line":19,"column":21},"end":{"line":19,"column":34}}},"fnMap":{"0":{"name":"(anonymous_15)","decl":{"start":{"line":20,"column":1},"end":{"line":20,"column":27}},"loc":{"start":{"line":20,"column":71},"end":{"line":22,"column":2}}},"1":{"name":"(anonymous_16)","decl":{"start":{"line":30,"column":14},"end":{"line":30,"column":21}},"loc":{"start":{"line":30,"column":21},"end":{"line":30,"column":null}}},"2":{"name":"(anonymous_17)","decl":{"start":{"line":30,"column":25},"end":{"line":30,"column":26}},"loc":{"start":{"line":30,"column":25},"end":{"line":30,"column":26}}},"3":{"name":"(anonymous_18)","decl":{"start":{"line":37,"column":14},"end":{"line":37,"column":25}},"loc":{"start":{"line":37,"column":38},"end":{"line":100,"column":null}}},"4":{"name":"(anonymous_20)","decl":{"start":{"line":108,"column":14},"end":{"line":108,"column":26}},"loc":{"start":{"line":108,"column":39},"end":{"line":166,"column":null}}},"5":{"name":"(anonymous_22)","decl":{"start":{"line":174,"column":14},"end":{"line":174,"column":25}},"loc":{"start":{"line":174,"column":38},"end":{"line":232,"column":null}}}},"branchMap":{"0":{"loc":{"start":{"line":66,"column":3},"end":{"line":68,"column":null}},"type":"if","locations":[{"start":{"line":66,"column":3},"end":{"line":68,"column":null}}]},"1":{"loc":{"start":{"line":84,"column":23},"end":{"line":84,"column":58}},"type":"binary-expr","locations":[{"start":{"line":84,"column":23},"end":{"line":84,"column":36}},{"start":{"line":84,"column":40},"end":{"line":84,"column":51}},{"start":{"line":84,"column":55},"end":{"line":84,"column":58}}]},"2":{"loc":{"start":{"line":84,"column":23},"end":{"line":84,"column":36}},"type":"cond-expr","locations":[{"start":{"line":84,"column":28},"end":{"line":84,"column":30}},{"start":{"line":84,"column":23},"end":{"line":84,"column":36}}]},"3":{"loc":{"start":{"line":84,"column":23},"end":{"line":84,"column":30}},"type":"binary-expr","locations":[{"start":{"line":84,"column":23},"end":{"line":84,"column":30}},{"start":{"line":84,"column":23},"end":{"line":84,"column":30}}]},"4":{"loc":{"start":{"line":84,"column":40},"end":{"line":84,"column":51}},"type":"cond-expr","locations":[{"start":{"line":84,"column":45},"end":{"line":84,"column":47}},{"start":{"line":84,"column":40},"end":{"line":84,"column":51}}]},"5":{"loc":{"start":{"line":84,"column":40},"end":{"line":84,"column":47}},"type":"binary-expr","locations":[{"start":{"line":84,"column":40},"end":{"line":84,"column":47}},{"start":{"line":84,"column":40},"end":{"line":84,"column":47}}]},"6":{"loc":{"start":{"line":132,"column":3},"end":{"line":134,"column":null}},"type":"if","locations":[{"start":{"line":132,"column":3},"end":{"line":134,"column":null}}]},"7":{"loc":{"start":{"line":150,"column":23},"end":{"line":150,"column":58}},"type":"binary-expr","locations":[{"start":{"line":150,"column":23},"end":{"line":150,"column":36}},{"start":{"line":150,"column":40},"end":{"line":150,"column":51}},{"start":{"line":150,"column":55},"end":{"line":150,"column":58}}]},"8":{"loc":{"start":{"line":150,"column":23},"end":{"line":150,"column":36}},"type":"cond-expr","locations":[{"start":{"line":150,"column":28},"end":{"line":150,"column":30}},{"start":{"line":150,"column":23},"end":{"line":150,"column":36}}]},"9":{"loc":{"start":{"line":150,"column":23},"end":{"line":150,"column":30}},"type":"binary-expr","locations":[{"start":{"line":150,"column":23},"end":{"line":150,"column":30}},{"start":{"line":150,"column":23},"end":{"line":150,"column":30}}]},"10":{"loc":{"start":{"line":150,"column":40},"end":{"line":150,"column":51}},"type":"cond-expr","locations":[{"start":{"line":150,"column":45},"end":{"line":150,"column":47}},{"start":{"line":150,"column":40},"end":{"line":150,"column":51}}]},"11":{"loc":{"start":{"line":150,"column":40},"end":{"line":150,"column":47}},"type":"binary-expr","locations":[{"start":{"line":150,"column":40},"end":{"line":150,"column":47}},{"start":{"line":150,"column":40},"end":{"line":150,"column":47}}]},"12":{"loc":{"start":{"line":198,"column":3},"end":{"line":200,"column":null}},"type":"if","locations":[{"start":{"line":198,"column":3},"end":{"line":200,"column":null}}]},"13":{"loc":{"start":{"line":216,"column":23},"end":{"line":216,"column":58}},"type":"binary-expr","locations":[{"start":{"line":216,"column":23},"end":{"line":216,"column":36}},{"start":{"line":216,"column":40},"end":{"line":216,"column":51}},{"start":{"line":216,"column":55},"end":{"line":216,"column":58}}]},"14":{"loc":{"start":{"line":216,"column":23},"end":{"line":216,"column":36}},"type":"cond-expr","locations":[{"start":{"line":216,"column":28},"end":{"line":216,"column":30}},{"start":{"line":216,"column":23},"end":{"line":216,"column":36}}]},"15":{"loc":{"start":{"line":216,"column":23},"end":{"line":216,"column":30}},"type":"binary-expr","locations":[{"start":{"line":216,"column":23},"end":{"line":216,"column":30}},{"start":{"line":216,"column":23},"end":{"line":216,"column":30}}]},"16":{"loc":{"start":{"line":216,"column":40},"end":{"line":216,"column":51}},"type":"cond-expr","locations":[{"start":{"line":216,"column":45},"end":{"line":216,"column":47}},{"start":{"line":216,"column":40},"end":{"line":216,"column":51}}]},"17":{"loc":{"start":{"line":216,"column":40},"end":{"line":216,"column":47}},"type":"binary-expr","locations":[{"start":{"line":216,"column":40},"end":{"line":216,"column":47}},{"start":{"line":216,"column":40},"end":{"line":216,"column":47}}]}},"s":{"0":0,"1":0,"2":0,"3":0,"4":0,"5":0,"6":0,"7":0,"8":0,"9":0,"10":0,"11":0,"12":0,"13":0,"14":0,"15":0,"16":0,"17":0,"18":0,"19":0,"20":0,"21":0,"22":0,"23":0,"24":0,"25":0,"26":0,"27":0,"28":0,"29":0,"30":0,"31":0,"32":0,"33":0,"34":0,"35":0,"36":0,"37":0,"38":0,"39":0,"40":0,"41":0,"42":0,"43":0,"44":0,"45":0,"46":0,"47":0,"48":0,"49":0,"50":0,"51":0,"52":0,"53":0,"54":0,"55":0,"56":0,"57":0,"58":0,"59":0,"60":0,"61":0,"62":0,"63":0,"64":0,"65":0,"66":0},"f":{"0":0,"1":0,"2":0,"3":0,"4":0,"5":0},"b":{"0":[0],"1":[0,0,0],"2":[0,0],"3":[0,0],"4":[0,0],"5":[0,0],"6":[0],"7":[0,0,0],"8":[0,0],"9":[0,0],"10":[0,0],"11":[0,0],"12":[0],"13":[0,0,0],"14":[0,0],"15":[0,0],"16":[0,0],"17":[0,0]}}
,"/Users/josesilva/Documents/Projetos/Viveo/flow/services/alcis/healthCheck/healthCheck.service.ts": {"path":"/Users/josesilva/Documents/Projetos/Viveo/flow/services/alcis/healthCheck/healthCheck.service.ts","statementMap":{"0":{"start":{"line":3,"column":0},"end":{"line":3,"column":33}},"1":{"start":{"line":4,"column":0},"end":{"line":4,"column":null}},"2":{"start":{"line":9,"column":0},"end":{"line":9,"column":55}},"3":{"start":{"line":10,"column":0},"end":{"line":10,"column":47}},"4":{"start":{"line":12,"column":0},"end":{"line":12,"column":16}},"5":{"start":{"line":13,"column":0},"end":{"line":59,"column":null}},"6":{"start":{"line":19,"column":2},"end":{"line":19,"column":16}},"7":{"start":{"line":18,"column":27},"end":{"line":18,"column":35}},"8":{"start":{"line":22,"column":25},"end":{"line":22,"column":null}},"9":{"start":{"line":30,"column":2},"end":{"line":57,"column":null}},"10":{"start":{"line":31,"column":22},"end":{"line":32,"column":null}},"11":{"start":{"line":35,"column":3},"end":{"line":37,"column":null}},"12":{"start":{"line":36,"column":4},"end":{"line":36,"column":21}},"13":{"start":{"line":39,"column":24},"end":{"line":43,"column":5}},"14":{"start":{"line":45,"column":3},"end":{"line":45,"column":23}},"15":{"start":{"line":47,"column":23},"end":{"line":47,"column":42}},"16":{"start":{"line":48,"column":24},"end":{"line":52,"column":5}},"17":{"start":{"line":54,"column":3},"end":{"line":54,"column":43}},"18":{"start":{"line":56,"column":3},"end":{"line":56,"column":23}},"19":{"start":{"line":29,"column":14},"end":{"line":58,"column":null}},"20":{"start":{"line":17,"column":21},"end":{"line":59,"column":null}},"21":{"start":{"line":17,"column":21},"end":{"line":17,"column":37}}},"fnMap":{"0":{"name":"(anonymous_15)","decl":{"start":{"line":18,"column":1},"end":{"line":18,"column":27}},"loc":{"start":{"line":18,"column":71},"end":{"line":20,"column":2}}},"1":{"name":"(anonymous_16)","decl":{"start":{"line":22,"column":14},"end":{"line":22,"column":21}},"loc":{"start":{"line":22,"column":21},"end":{"line":22,"column":null}}},"2":{"name":"(anonymous_17)","decl":{"start":{"line":22,"column":25},"end":{"line":22,"column":26}},"loc":{"start":{"line":22,"column":25},"end":{"line":22,"column":26}}},"3":{"name":"(anonymous_18)","decl":{"start":{"line":29,"column":14},"end":{"line":29,"column":23}},"loc":{"start":{"line":29,"column":36},"end":{"line":58,"column":null}}}},"branchMap":{"0":{"loc":{"start":{"line":35,"column":3},"end":{"line":37,"column":null}},"type":"if","locations":[{"start":{"line":35,"column":3},"end":{"line":37,"column":null}}]},"1":{"loc":{"start":{"line":47,"column":23},"end":{"line":47,"column":42}},"type":"binary-expr","locations":[{"start":{"line":47,"column":23},"end":{"line":47,"column":35}},{"start":{"line":47,"column":39},"end":{"line":47,"column":42}}]}},"s":{"0":0,"1":0,"2":0,"3":0,"4":0,"5":0,"6":0,"7":0,"8":0,"9":0,"10":0,"11":0,"12":0,"13":0,"14":0,"15":0,"16":0,"17":0,"18":0,"19":0,"20":0,"21":0},"f":{"0":0,"1":0,"2":0,"3":0},"b":{"0":[0],"1":[0,0]}}
,"/Users/josesilva/Documents/Projetos/Viveo/flow/services/alcis/inventory/inventoryAdjust.service.ts": {"path":"/Users/josesilva/Documents/Projetos/Viveo/flow/services/alcis/inventory/inventoryAdjust.service.ts","statementMap":{"0":{"start":{"line":3,"column":0},"end":{"line":3,"column":33}},"1":{"start":{"line":4,"column":0},"end":{"line":4,"column":null}},"2":{"start":{"line":9,"column":0},"end":{"line":9,"column":55}},"3":{"start":{"line":10,"column":0},"end":{"line":10,"column":104}},"4":{"start":{"line":12,"column":0},"end":{"line":12,"column":79}},"5":{"start":{"line":14,"column":0},"end":{"line":14,"column":16}},"6":{"start":{"line":15,"column":0},"end":{"line":167,"column":null}},"7":{"start":{"line":21,"column":2},"end":{"line":21,"column":16}},"8":{"start":{"line":20,"column":27},"end":{"line":20,"column":35}},"9":{"start":{"line":24,"column":8},"end":{"line":24,"column":50}},"10":{"start":{"line":25,"column":8},"end":{"line":25,"column":49}},"11":{"start":{"line":26,"column":8},"end":{"line":26,"column":30}},"12":{"start":{"line":28,"column":9},"end":{"line":29,"column":70}},"13":{"start":{"line":31,"column":25},"end":{"line":31,"column":null}},"14":{"start":{"line":39,"column":2},"end":{"line":42,"column":4}},"15":{"start":{"line":43,"column":33},"end":{"line":43,"column":47}},"16":{"start":{"line":45,"column":2},"end":{"line":52,"column":4}},"17":{"start":{"line":54,"column":2},"end":{"line":99,"column":null}},"18":{"start":{"line":55,"column":23},"end":{"line":64,"column":null}},"19":{"start":{"line":67,"column":3},"end":{"line":69,"column":null}},"20":{"start":{"line":68,"column":4},"end":{"line":68,"column":22}},"21":{"start":{"line":71,"column":3},"end":{"line":71,"column":49}},"22":{"start":{"line":73,"column":3},"end":{"line":80,"column":5}},"23":{"start":{"line":82,"column":3},"end":{"line":82,"column":63}},"24":{"start":{"line":83,"column":3},"end":{"line":83,"column":30}},"25":{"start":{"line":85,"column":23},"end":{"line":85,"column":58}},"26":{"start":{"line":87,"column":3},"end":{"line":94,"column":5}},"27":{"start":{"line":96,"column":3},"end":{"line":96,"column":43}},"28":{"start":{"line":97,"column":3},"end":{"line":97,"column":63}},"29":{"start":{"line":98,"column":3},"end":{"line":98,"column":16}},"30":{"start":{"line":109,"column":2},"end":{"line":112,"column":4}},"31":{"start":{"line":113,"column":36},"end":{"line":113,"column":50}},"32":{"start":{"line":115,"column":2},"end":{"line":122,"column":4}},"33":{"start":{"line":124,"column":2},"end":{"line":165,"column":null}},"34":{"start":{"line":125,"column":23},"end":{"line":129,"column":null}},"35":{"start":{"line":132,"column":3},"end":{"line":134,"column":null}},"36":{"start":{"line":133,"column":4},"end":{"line":133,"column":22}},"37":{"start":{"line":136,"column":3},"end":{"line":136,"column":49}},"38":{"start":{"line":138,"column":3},"end":{"line":145,"column":5}},"39":{"start":{"line":147,"column":3},"end":{"line":147,"column":63}},"40":{"start":{"line":148,"column":3},"end":{"line":148,"column":30}},"41":{"start":{"line":150,"column":23},"end":{"line":150,"column":58}},"42":{"start":{"line":152,"column":3},"end":{"line":159,"column":5}},"43":{"start":{"line":161,"column":3},"end":{"line":161,"column":43}},"44":{"start":{"line":163,"column":3},"end":{"line":163,"column":63}},"45":{"start":{"line":164,"column":3},"end":{"line":164,"column":16}},"46":{"start":{"line":38,"column":14},"end":{"line":100,"column":null}},"47":{"start":{"line":108,"column":14},"end":{"line":166,"column":null}},"48":{"start":{"line":19,"column":21},"end":{"line":167,"column":null}},"49":{"start":{"line":19,"column":21},"end":{"line":19,"column":41}}},"fnMap":{"0":{"name":"(anonymous_15)","decl":{"start":{"line":20,"column":1},"end":{"line":20,"column":27}},"loc":{"start":{"line":20,"column":71},"end":{"line":22,"column":2}}},"1":{"name":"(anonymous_16)","decl":{"start":{"line":31,"column":14},"end":{"line":31,"column":21}},"loc":{"start":{"line":31,"column":21},"end":{"line":31,"column":null}}},"2":{"name":"(anonymous_17)","decl":{"start":{"line":31,"column":25},"end":{"line":31,"column":26}},"loc":{"start":{"line":31,"column":25},"end":{"line":31,"column":26}}},"3":{"name":"(anonymous_18)","decl":{"start":{"line":38,"column":14},"end":{"line":38,"column":32}},"loc":{"start":{"line":38,"column":45},"end":{"line":100,"column":null}}},"4":{"name":"(anonymous_20)","decl":{"start":{"line":108,"column":14},"end":{"line":108,"column":32}},"loc":{"start":{"line":108,"column":45},"end":{"line":166,"column":null}}}},"branchMap":{"0":{"loc":{"start":{"line":67,"column":3},"end":{"line":69,"column":null}},"type":"if","locations":[{"start":{"line":67,"column":3},"end":{"line":69,"column":null}}]},"1":{"loc":{"start":{"line":85,"column":23},"end":{"line":85,"column":58}},"type":"binary-expr","locations":[{"start":{"line":85,"column":23},"end":{"line":85,"column":36}},{"start":{"line":85,"column":40},"end":{"line":85,"column":51}},{"start":{"line":85,"column":55},"end":{"line":85,"column":58}}]},"2":{"loc":{"start":{"line":85,"column":23},"end":{"line":85,"column":36}},"type":"cond-expr","locations":[{"start":{"line":85,"column":28},"end":{"line":85,"column":30}},{"start":{"line":85,"column":23},"end":{"line":85,"column":36}}]},"3":{"loc":{"start":{"line":85,"column":23},"end":{"line":85,"column":30}},"type":"binary-expr","locations":[{"start":{"line":85,"column":23},"end":{"line":85,"column":30}},{"start":{"line":85,"column":23},"end":{"line":85,"column":30}}]},"4":{"loc":{"start":{"line":85,"column":40},"end":{"line":85,"column":51}},"type":"cond-expr","locations":[{"start":{"line":85,"column":45},"end":{"line":85,"column":47}},{"start":{"line":85,"column":40},"end":{"line":85,"column":51}}]},"5":{"loc":{"start":{"line":85,"column":40},"end":{"line":85,"column":47}},"type":"binary-expr","locations":[{"start":{"line":85,"column":40},"end":{"line":85,"column":47}},{"start":{"line":85,"column":40},"end":{"line":85,"column":47}}]},"6":{"loc":{"start":{"line":132,"column":3},"end":{"line":134,"column":null}},"type":"if","locations":[{"start":{"line":132,"column":3},"end":{"line":134,"column":null}}]},"7":{"loc":{"start":{"line":150,"column":23},"end":{"line":150,"column":58}},"type":"binary-expr","locations":[{"start":{"line":150,"column":23},"end":{"line":150,"column":36}},{"start":{"line":150,"column":40},"end":{"line":150,"column":51}},{"start":{"line":150,"column":55},"end":{"line":150,"column":58}}]},"8":{"loc":{"start":{"line":150,"column":23},"end":{"line":150,"column":36}},"type":"cond-expr","locations":[{"start":{"line":150,"column":28},"end":{"line":150,"column":30}},{"start":{"line":150,"column":23},"end":{"line":150,"column":36}}]},"9":{"loc":{"start":{"line":150,"column":23},"end":{"line":150,"column":30}},"type":"binary-expr","locations":[{"start":{"line":150,"column":23},"end":{"line":150,"column":30}},{"start":{"line":150,"column":23},"end":{"line":150,"column":30}}]},"10":{"loc":{"start":{"line":150,"column":40},"end":{"line":150,"column":51}},"type":"cond-expr","locations":[{"start":{"line":150,"column":45},"end":{"line":150,"column":47}},{"start":{"line":150,"column":40},"end":{"line":150,"column":51}}]},"11":{"loc":{"start":{"line":150,"column":40},"end":{"line":150,"column":47}},"type":"binary-expr","locations":[{"start":{"line":150,"column":40},"end":{"line":150,"column":47}},{"start":{"line":150,"column":40},"end":{"line":150,"column":47}}]}},"s":{"0":0,"1":0,"2":0,"3":0,"4":0,"5":0,"6":0,"7":0,"8":0,"9":0,"10":0,"11":0,"12":0,"13":0,"14":0,"15":0,"16":0,"17":0,"18":0,"19":0,"20":0,"21":0,"22":0,"23":0,"24":0,"25":0,"26":0,"27":0,"28":0,"29":0,"30":0,"31":0,"32":0,"33":0,"34":0,"35":0,"36":0,"37":0,"38":0,"39":0,"40":0,"41":0,"42":0,"43":0,"44":0,"45":0,"46":0,"47":0,"48":0,"49":0},"f":{"0":0,"1":0,"2":0,"3":0,"4":0},"b":{"0":[0],"1":[0,0,0],"2":[0,0],"3":[0,0],"4":[0,0],"5":[0,0],"6":[0],"7":[0,0,0],"8":[0,0],"9":[0,0],"10":[0,0],"11":[0,0]}}
,"/Users/josesilva/Documents/Projetos/Viveo/flow/services/alcis/invoice/orderInvoice.service.ts": {"path":"/Users/josesilva/Documents/Projetos/Viveo/flow/services/alcis/invoice/orderInvoice.service.ts","statementMap":{"0":{"start":{"line":3,"column":0},"end":{"line":3,"column":33}},"1":{"start":{"line":4,"column":0},"end":{"line":4,"column":null}},"2":{"start":{"line":9,"column":0},"end":{"line":9,"column":55}},"3":{"start":{"line":10,"column":0},"end":{"line":10,"column":104}},"4":{"start":{"line":12,"column":0},"end":{"line":12,"column":79}},"5":{"start":{"line":14,"column":0},"end":{"line":14,"column":16}},"6":{"start":{"line":15,"column":0},"end":{"line":97,"column":null}},"7":{"start":{"line":21,"column":2},"end":{"line":21,"column":16}},"8":{"start":{"line":20,"column":27},"end":{"line":20,"column":35}},"9":{"start":{"line":24,"column":8},"end":{"line":24,"column":47}},"10":{"start":{"line":25,"column":8},"end":{"line":25,"column":46}},"11":{"start":{"line":26,"column":8},"end":{"line":26,"column":30}},"12":{"start":{"line":28,"column":9},"end":{"line":29,"column":67}},"13":{"start":{"line":31,"column":25},"end":{"line":31,"column":null}},"14":{"start":{"line":39,"column":2},"end":{"line":42,"column":4}},"15":{"start":{"line":43,"column":33},"end":{"line":43,"column":47}},"16":{"start":{"line":45,"column":2},"end":{"line":52,"column":4}},"17":{"start":{"line":54,"column":2},"end":{"line":95,"column":null}},"18":{"start":{"line":55,"column":23},"end":{"line":59,"column":null}},"19":{"start":{"line":62,"column":3},"end":{"line":64,"column":null}},"20":{"start":{"line":63,"column":4},"end":{"line":63,"column":22}},"21":{"start":{"line":66,"column":3},"end":{"line":66,"column":49}},"22":{"start":{"line":68,"column":3},"end":{"line":75,"column":5}},"23":{"start":{"line":77,"column":3},"end":{"line":77,"column":60}},"24":{"start":{"line":78,"column":3},"end":{"line":78,"column":30}},"25":{"start":{"line":80,"column":23},"end":{"line":80,"column":58}},"26":{"start":{"line":82,"column":3},"end":{"line":89,"column":5}},"27":{"start":{"line":91,"column":3},"end":{"line":91,"column":43}},"28":{"start":{"line":93,"column":3},"end":{"line":93,"column":60}},"29":{"start":{"line":94,"column":3},"end":{"line":94,"column":16}},"30":{"start":{"line":38,"column":14},"end":{"line":96,"column":null}},"31":{"start":{"line":19,"column":21},"end":{"line":97,"column":null}},"32":{"start":{"line":19,"column":21},"end":{"line":19,"column":38}}},"fnMap":{"0":{"name":"(anonymous_15)","decl":{"start":{"line":20,"column":1},"end":{"line":20,"column":27}},"loc":{"start":{"line":20,"column":71},"end":{"line":22,"column":2}}},"1":{"name":"(anonymous_16)","decl":{"start":{"line":31,"column":14},"end":{"line":31,"column":21}},"loc":{"start":{"line":31,"column":21},"end":{"line":31,"column":null}}},"2":{"name":"(anonymous_17)","decl":{"start":{"line":31,"column":25},"end":{"line":31,"column":26}},"loc":{"start":{"line":31,"column":25},"end":{"line":31,"column":26}}},"3":{"name":"(anonymous_18)","decl":{"start":{"line":38,"column":14},"end":{"line":38,"column":29}},"loc":{"start":{"line":38,"column":42},"end":{"line":96,"column":null}}}},"branchMap":{"0":{"loc":{"start":{"line":62,"column":3},"end":{"line":64,"column":null}},"type":"if","locations":[{"start":{"line":62,"column":3},"end":{"line":64,"column":null}}]},"1":{"loc":{"start":{"line":80,"column":23},"end":{"line":80,"column":58}},"type":"binary-expr","locations":[{"start":{"line":80,"column":23},"end":{"line":80,"column":36}},{"start":{"line":80,"column":40},"end":{"line":80,"column":51}},{"start":{"line":80,"column":55},"end":{"line":80,"column":58}}]},"2":{"loc":{"start":{"line":80,"column":23},"end":{"line":80,"column":36}},"type":"cond-expr","locations":[{"start":{"line":80,"column":28},"end":{"line":80,"column":30}},{"start":{"line":80,"column":23},"end":{"line":80,"column":36}}]},"3":{"loc":{"start":{"line":80,"column":23},"end":{"line":80,"column":30}},"type":"binary-expr","locations":[{"start":{"line":80,"column":23},"end":{"line":80,"column":30}},{"start":{"line":80,"column":23},"end":{"line":80,"column":30}}]},"4":{"loc":{"start":{"line":80,"column":40},"end":{"line":80,"column":51}},"type":"cond-expr","locations":[{"start":{"line":80,"column":45},"end":{"line":80,"column":47}},{"start":{"line":80,"column":40},"end":{"line":80,"column":51}}]},"5":{"loc":{"start":{"line":80,"column":40},"end":{"line":80,"column":47}},"type":"binary-expr","locations":[{"start":{"line":80,"column":40},"end":{"line":80,"column":47}},{"start":{"line":80,"column":40},"end":{"line":80,"column":47}}]}},"s":{"0":0,"1":0,"2":0,"3":0,"4":0,"5":0,"6":0,"7":0,"8":0,"9":0,"10":0,"11":0,"12":0,"13":0,"14":0,"15":0,"16":0,"17":0,"18":0,"19":0,"20":0,"21":0,"22":0,"23":0,"24":0,"25":0,"26":0,"27":0,"28":0,"29":0,"30":0,"31":0,"32":0},"f":{"0":0,"1":0,"2":0,"3":0},"b":{"0":[0],"1":[0,0,0],"2":[0,0],"3":[0,0],"4":[0,0],"5":[0,0]}}
,"/Users/josesilva/Documents/Projetos/Viveo/flow/services/alcis/order/order.service.ts": {"path":"/Users/josesilva/Documents/Projetos/Viveo/flow/services/alcis/order/order.service.ts","statementMap":{"0":{"start":{"line":3,"column":0},"end":{"line":3,"column":33}},"1":{"start":{"line":4,"column":0},"end":{"line":4,"column":null}},"2":{"start":{"line":9,"column":0},"end":{"line":9,"column":55}},"3":{"start":{"line":10,"column":0},"end":{"line":10,"column":104}},"4":{"start":{"line":12,"column":0},"end":{"line":12,"column":79}},"5":{"start":{"line":14,"column":0},"end":{"line":14,"column":16}},"6":{"start":{"line":15,"column":0},"end":{"line":95,"column":null}},"7":{"start":{"line":21,"column":2},"end":{"line":21,"column":16}},"8":{"start":{"line":20,"column":27},"end":{"line":20,"column":35}},"9":{"start":{"line":24,"column":8},"end":{"line":24,"column":39}},"10":{"start":{"line":25,"column":8},"end":{"line":25,"column":38}},"11":{"start":{"line":26,"column":8},"end":{"line":26,"column":30}},"12":{"start":{"line":28,"column":9},"end":{"line":28,"column":77}},"13":{"start":{"line":37,"column":2},"end":{"line":40,"column":4}},"14":{"start":{"line":41,"column":30},"end":{"line":41,"column":44}},"15":{"start":{"line":43,"column":2},"end":{"line":50,"column":4}},"16":{"start":{"line":52,"column":2},"end":{"line":93,"column":null}},"17":{"start":{"line":53,"column":24},"end":{"line":57,"column":null}},"18":{"start":{"line":60,"column":3},"end":{"line":62,"column":null}},"19":{"start":{"line":61,"column":4},"end":{"line":61,"column":23}},"20":{"start":{"line":64,"column":3},"end":{"line":64,"column":50}},"21":{"start":{"line":66,"column":3},"end":{"line":73,"column":5}},"22":{"start":{"line":75,"column":3},"end":{"line":75,"column":53}},"23":{"start":{"line":76,"column":3},"end":{"line":76,"column":31}},"24":{"start":{"line":78,"column":23},"end":{"line":78,"column":58}},"25":{"start":{"line":80,"column":3},"end":{"line":87,"column":5}},"26":{"start":{"line":89,"column":3},"end":{"line":89,"column":43}},"27":{"start":{"line":91,"column":3},"end":{"line":91,"column":53}},"28":{"start":{"line":92,"column":3},"end":{"line":92,"column":16}},"29":{"start":{"line":36,"column":14},"end":{"line":94,"column":null}},"30":{"start":{"line":19,"column":21},"end":{"line":95,"column":null}},"31":{"start":{"line":19,"column":21},"end":{"line":19,"column":31}}},"fnMap":{"0":{"name":"(anonymous_15)","decl":{"start":{"line":20,"column":1},"end":{"line":20,"column":27}},"loc":{"start":{"line":20,"column":71},"end":{"line":22,"column":2}}},"1":{"name":"(anonymous_16)","decl":{"start":{"line":36,"column":14},"end":{"line":36,"column":23}},"loc":{"start":{"line":36,"column":36},"end":{"line":94,"column":null}}}},"branchMap":{"0":{"loc":{"start":{"line":60,"column":3},"end":{"line":62,"column":null}},"type":"if","locations":[{"start":{"line":60,"column":3},"end":{"line":62,"column":null}}]},"1":{"loc":{"start":{"line":78,"column":23},"end":{"line":78,"column":58}},"type":"binary-expr","locations":[{"start":{"line":78,"column":23},"end":{"line":78,"column":36}},{"start":{"line":78,"column":40},"end":{"line":78,"column":51}},{"start":{"line":78,"column":55},"end":{"line":78,"column":58}}]},"2":{"loc":{"start":{"line":78,"column":23},"end":{"line":78,"column":36}},"type":"cond-expr","locations":[{"start":{"line":78,"column":28},"end":{"line":78,"column":30}},{"start":{"line":78,"column":23},"end":{"line":78,"column":36}}]},"3":{"loc":{"start":{"line":78,"column":23},"end":{"line":78,"column":30}},"type":"binary-expr","locations":[{"start":{"line":78,"column":23},"end":{"line":78,"column":30}},{"start":{"line":78,"column":23},"end":{"line":78,"column":30}}]},"4":{"loc":{"start":{"line":78,"column":40},"end":{"line":78,"column":51}},"type":"cond-expr","locations":[{"start":{"line":78,"column":45},"end":{"line":78,"column":47}},{"start":{"line":78,"column":40},"end":{"line":78,"column":51}}]},"5":{"loc":{"start":{"line":78,"column":40},"end":{"line":78,"column":47}},"type":"binary-expr","locations":[{"start":{"line":78,"column":40},"end":{"line":78,"column":47}},{"start":{"line":78,"column":40},"end":{"line":78,"column":47}}]}},"s":{"0":0,"1":0,"2":0,"3":0,"4":0,"5":0,"6":0,"7":0,"8":0,"9":0,"10":0,"11":0,"12":0,"13":0,"14":0,"15":0,"16":0,"17":0,"18":0,"19":0,"20":0,"21":0,"22":0,"23":0,"24":0,"25":0,"26":0,"27":0,"28":0,"29":0,"30":0,"31":0},"f":{"0":0,"1":0},"b":{"0":[0],"1":[0,0,0],"2":[0,0],"3":[0,0],"4":[0,0],"5":[0,0]}}
,"/Users/josesilva/Documents/Projetos/Viveo/flow/services/alcis/order/orderCancellation.service.ts": {"path":"/Users/josesilva/Documents/Projetos/Viveo/flow/services/alcis/order/orderCancellation.service.ts","statementMap":{"0":{"start":{"line":3,"column":0},"end":{"line":3,"column":33}},"1":{"start":{"line":4,"column":0},"end":{"line":4,"column":null}},"2":{"start":{"line":9,"column":0},"end":{"line":9,"column":55}},"3":{"start":{"line":10,"column":0},"end":{"line":10,"column":104}},"4":{"start":{"line":12,"column":0},"end":{"line":12,"column":79}},"5":{"start":{"line":14,"column":0},"end":{"line":14,"column":16}},"6":{"start":{"line":15,"column":0},"end":{"line":168,"column":null}},"7":{"start":{"line":21,"column":2},"end":{"line":21,"column":16}},"8":{"start":{"line":20,"column":27},"end":{"line":20,"column":35}},"9":{"start":{"line":24,"column":8},"end":{"line":24,"column":52}},"10":{"start":{"line":25,"column":8},"end":{"line":25,"column":51}},"11":{"start":{"line":26,"column":8},"end":{"line":26,"column":30}},"12":{"start":{"line":28,"column":9},"end":{"line":29,"column":72}},"13":{"start":{"line":31,"column":25},"end":{"line":31,"column":null}},"14":{"start":{"line":39,"column":2},"end":{"line":42,"column":4}},"15":{"start":{"line":43,"column":35},"end":{"line":43,"column":49}},"16":{"start":{"line":45,"column":2},"end":{"line":52,"column":4}},"17":{"start":{"line":54,"column":2},"end":{"line":100,"column":null}},"18":{"start":{"line":55,"column":23},"end":{"line":64,"column":null}},"19":{"start":{"line":67,"column":3},"end":{"line":69,"column":null}},"20":{"start":{"line":68,"column":4},"end":{"line":68,"column":22}},"21":{"start":{"line":71,"column":3},"end":{"line":71,"column":49}},"22":{"start":{"line":73,"column":3},"end":{"line":80,"column":5}},"23":{"start":{"line":82,"column":3},"end":{"line":82,"column":65}},"24":{"start":{"line":83,"column":3},"end":{"line":83,"column":30}},"25":{"start":{"line":85,"column":23},"end":{"line":85,"column":58}},"26":{"start":{"line":87,"column":3},"end":{"line":94,"column":5}},"27":{"start":{"line":96,"column":3},"end":{"line":96,"column":43}},"28":{"start":{"line":98,"column":3},"end":{"line":98,"column":65}},"29":{"start":{"line":99,"column":3},"end":{"line":99,"column":16}},"30":{"start":{"line":110,"column":2},"end":{"line":113,"column":4}},"31":{"start":{"line":114,"column":38},"end":{"line":114,"column":52}},"32":{"start":{"line":116,"column":2},"end":{"line":123,"column":4}},"33":{"start":{"line":125,"column":2},"end":{"line":166,"column":null}},"34":{"start":{"line":126,"column":23},"end":{"line":130,"column":null}},"35":{"start":{"line":133,"column":3},"end":{"line":135,"column":null}},"36":{"start":{"line":134,"column":4},"end":{"line":134,"column":22}},"37":{"start":{"line":137,"column":3},"end":{"line":137,"column":49}},"38":{"start":{"line":139,"column":3},"end":{"line":146,"column":5}},"39":{"start":{"line":148,"column":3},"end":{"line":148,"column":65}},"40":{"start":{"line":149,"column":3},"end":{"line":149,"column":30}},"41":{"start":{"line":151,"column":23},"end":{"line":151,"column":58}},"42":{"start":{"line":153,"column":3},"end":{"line":160,"column":5}},"43":{"start":{"line":162,"column":3},"end":{"line":162,"column":43}},"44":{"start":{"line":164,"column":3},"end":{"line":164,"column":65}},"45":{"start":{"line":165,"column":3},"end":{"line":165,"column":16}},"46":{"start":{"line":38,"column":14},"end":{"line":101,"column":null}},"47":{"start":{"line":109,"column":14},"end":{"line":167,"column":null}},"48":{"start":{"line":19,"column":21},"end":{"line":168,"column":null}},"49":{"start":{"line":19,"column":21},"end":{"line":19,"column":43}}},"fnMap":{"0":{"name":"(anonymous_15)","decl":{"start":{"line":20,"column":1},"end":{"line":20,"column":27}},"loc":{"start":{"line":20,"column":71},"end":{"line":22,"column":2}}},"1":{"name":"(anonymous_16)","decl":{"start":{"line":31,"column":14},"end":{"line":31,"column":21}},"loc":{"start":{"line":31,"column":21},"end":{"line":31,"column":null}}},"2":{"name":"(anonymous_17)","decl":{"start":{"line":31,"column":25},"end":{"line":31,"column":26}},"loc":{"start":{"line":31,"column":25},"end":{"line":31,"column":26}}},"3":{"name":"(anonymous_18)","decl":{"start":{"line":38,"column":14},"end":{"line":38,"column":34}},"loc":{"start":{"line":38,"column":47},"end":{"line":101,"column":null}}},"4":{"name":"(anonymous_20)","decl":{"start":{"line":109,"column":14},"end":{"line":109,"column":34}},"loc":{"start":{"line":109,"column":47},"end":{"line":167,"column":null}}}},"branchMap":{"0":{"loc":{"start":{"line":67,"column":3},"end":{"line":69,"column":null}},"type":"if","locations":[{"start":{"line":67,"column":3},"end":{"line":69,"column":null}}]},"1":{"loc":{"start":{"line":85,"column":23},"end":{"line":85,"column":58}},"type":"binary-expr","locations":[{"start":{"line":85,"column":23},"end":{"line":85,"column":36}},{"start":{"line":85,"column":40},"end":{"line":85,"column":51}},{"start":{"line":85,"column":55},"end":{"line":85,"column":58}}]},"2":{"loc":{"start":{"line":85,"column":23},"end":{"line":85,"column":36}},"type":"cond-expr","locations":[{"start":{"line":85,"column":28},"end":{"line":85,"column":30}},{"start":{"line":85,"column":23},"end":{"line":85,"column":36}}]},"3":{"loc":{"start":{"line":85,"column":23},"end":{"line":85,"column":30}},"type":"binary-expr","locations":[{"start":{"line":85,"column":23},"end":{"line":85,"column":30}},{"start":{"line":85,"column":23},"end":{"line":85,"column":30}}]},"4":{"loc":{"start":{"line":85,"column":40},"end":{"line":85,"column":51}},"type":"cond-expr","locations":[{"start":{"line":85,"column":45},"end":{"line":85,"column":47}},{"start":{"line":85,"column":40},"end":{"line":85,"column":51}}]},"5":{"loc":{"start":{"line":85,"column":40},"end":{"line":85,"column":47}},"type":"binary-expr","locations":[{"start":{"line":85,"column":40},"end":{"line":85,"column":47}},{"start":{"line":85,"column":40},"end":{"line":85,"column":47}}]},"6":{"loc":{"start":{"line":133,"column":3},"end":{"line":135,"column":null}},"type":"if","locations":[{"start":{"line":133,"column":3},"end":{"line":135,"column":null}}]},"7":{"loc":{"start":{"line":151,"column":23},"end":{"line":151,"column":58}},"type":"binary-expr","locations":[{"start":{"line":151,"column":23},"end":{"line":151,"column":36}},{"start":{"line":151,"column":40},"end":{"line":151,"column":51}},{"start":{"line":151,"column":55},"end":{"line":151,"column":58}}]},"8":{"loc":{"start":{"line":151,"column":23},"end":{"line":151,"column":36}},"type":"cond-expr","locations":[{"start":{"line":151,"column":28},"end":{"line":151,"column":30}},{"start":{"line":151,"column":23},"end":{"line":151,"column":36}}]},"9":{"loc":{"start":{"line":151,"column":23},"end":{"line":151,"column":30}},"type":"binary-expr","locations":[{"start":{"line":151,"column":23},"end":{"line":151,"column":30}},{"start":{"line":151,"column":23},"end":{"line":151,"column":30}}]},"10":{"loc":{"start":{"line":151,"column":40},"end":{"line":151,"column":51}},"type":"cond-expr","locations":[{"start":{"line":151,"column":45},"end":{"line":151,"column":47}},{"start":{"line":151,"column":40},"end":{"line":151,"column":51}}]},"11":{"loc":{"start":{"line":151,"column":40},"end":{"line":151,"column":47}},"type":"binary-expr","locations":[{"start":{"line":151,"column":40},"end":{"line":151,"column":47}},{"start":{"line":151,"column":40},"end":{"line":151,"column":47}}]}},"s":{"0":0,"1":0,"2":0,"3":0,"4":0,"5":0,"6":0,"7":0,"8":0,"9":0,"10":0,"11":0,"12":0,"13":0,"14":0,"15":0,"16":0,"17":0,"18":0,"19":0,"20":0,"21":0,"22":0,"23":0,"24":0,"25":0,"26":0,"27":0,"28":0,"29":0,"30":0,"31":0,"32":0,"33":0,"34":0,"35":0,"36":0,"37":0,"38":0,"39":0,"40":0,"41":0,"42":0,"43":0,"44":0,"45":0,"46":0,"47":0,"48":0,"49":0},"f":{"0":0,"1":0,"2":0,"3":0,"4":0},"b":{"0":[0],"1":[0,0,0],"2":[0,0],"3":[0,0],"4":[0,0],"5":[0,0],"6":[0],"7":[0,0,0],"8":[0,0],"9":[0,0],"10":[0,0],"11":[0,0]}}
,"/Users/josesilva/Documents/Projetos/Viveo/flow/services/alcis/order/orderCancellationRequest.service.ts": {"path":"/Users/josesilva/Documents/Projetos/Viveo/flow/services/alcis/order/orderCancellationRequest.service.ts","statementMap":{"0":{"start":{"line":3,"column":0},"end":{"line":3,"column":33}},"1":{"start":{"line":4,"column":0},"end":{"line":4,"column":null}},"2":{"start":{"line":9,"column":0},"end":{"line":9,"column":55}},"3":{"start":{"line":10,"column":0},"end":{"line":10,"column":104}},"4":{"start":{"line":12,"column":0},"end":{"line":12,"column":79}},"5":{"start":{"line":14,"column":0},"end":{"line":14,"column":16}},"6":{"start":{"line":15,"column":0},"end":{"line":101,"column":null}},"7":{"start":{"line":21,"column":2},"end":{"line":21,"column":16}},"8":{"start":{"line":20,"column":27},"end":{"line":20,"column":35}},"9":{"start":{"line":24,"column":8},"end":{"line":24,"column":60}},"10":{"start":{"line":25,"column":8},"end":{"line":25,"column":59}},"11":{"start":{"line":26,"column":8},"end":{"line":26,"column":30}},"12":{"start":{"line":28,"column":9},"end":{"line":30,"column":51}},"13":{"start":{"line":39,"column":2},"end":{"line":42,"column":4}},"14":{"start":{"line":43,"column":46},"end":{"line":43,"column":60}},"15":{"start":{"line":45,"column":2},"end":{"line":52,"column":4}},"16":{"start":{"line":54,"column":2},"end":{"line":99,"column":null}},"17":{"start":{"line":55,"column":24},"end":{"line":59,"column":null}},"18":{"start":{"line":62,"column":3},"end":{"line":64,"column":null}},"19":{"start":{"line":63,"column":4},"end":{"line":63,"column":23}},"20":{"start":{"line":66,"column":3},"end":{"line":66,"column":50}},"21":{"start":{"line":68,"column":3},"end":{"line":75,"column":5}},"22":{"start":{"line":77,"column":3},"end":{"line":79,"column":6}},"23":{"start":{"line":80,"column":3},"end":{"line":80,"column":31}},"24":{"start":{"line":82,"column":23},"end":{"line":82,"column":58}},"25":{"start":{"line":84,"column":3},"end":{"line":91,"column":5}},"26":{"start":{"line":93,"column":3},"end":{"line":93,"column":43}},"27":{"start":{"line":95,"column":3},"end":{"line":97,"column":6}},"28":{"start":{"line":98,"column":3},"end":{"line":98,"column":16}},"29":{"start":{"line":38,"column":14},"end":{"line":100,"column":null}},"30":{"start":{"line":19,"column":21},"end":{"line":101,"column":null}},"31":{"start":{"line":19,"column":21},"end":{"line":19,"column":50}}},"fnMap":{"0":{"name":"(anonymous_15)","decl":{"start":{"line":20,"column":1},"end":{"line":20,"column":27}},"loc":{"start":{"line":20,"column":71},"end":{"line":22,"column":2}}},"1":{"name":"(anonymous_16)","decl":{"start":{"line":38,"column":14},"end":{"line":38,"column":42}},"loc":{"start":{"line":38,"column":55},"end":{"line":100,"column":null}}}},"branchMap":{"0":{"loc":{"start":{"line":62,"column":3},"end":{"line":64,"column":null}},"type":"if","locations":[{"start":{"line":62,"column":3},"end":{"line":64,"column":null}}]},"1":{"loc":{"start":{"line":82,"column":23},"end":{"line":82,"column":58}},"type":"binary-expr","locations":[{"start":{"line":82,"column":23},"end":{"line":82,"column":36}},{"start":{"line":82,"column":40},"end":{"line":82,"column":51}},{"start":{"line":82,"column":55},"end":{"line":82,"column":58}}]},"2":{"loc":{"start":{"line":82,"column":23},"end":{"line":82,"column":36}},"type":"cond-expr","locations":[{"start":{"line":82,"column":28},"end":{"line":82,"column":30}},{"start":{"line":82,"column":23},"end":{"line":82,"column":36}}]},"3":{"loc":{"start":{"line":82,"column":23},"end":{"line":82,"column":30}},"type":"binary-expr","locations":[{"start":{"line":82,"column":23},"end":{"line":82,"column":30}},{"start":{"line":82,"column":23},"end":{"line":82,"column":30}}]},"4":{"loc":{"start":{"line":82,"column":40},"end":{"line":82,"column":51}},"type":"cond-expr","locations":[{"start":{"line":82,"column":45},"end":{"line":82,"column":47}},{"start":{"line":82,"column":40},"end":{"line":82,"column":51}}]},"5":{"loc":{"start":{"line":82,"column":40},"end":{"line":82,"column":47}},"type":"binary-expr","locations":[{"start":{"line":82,"column":40},"end":{"line":82,"column":47}},{"start":{"line":82,"column":40},"end":{"line":82,"column":47}}]}},"s":{"0":0,"1":0,"2":0,"3":0,"4":0,"5":0,"6":0,"7":0,"8":0,"9":0,"10":0,"11":0,"12":0,"13":0,"14":0,"15":0,"16":0,"17":0,"18":0,"19":0,"20":0,"21":0,"22":0,"23":0,"24":0,"25":0,"26":0,"27":0,"28":0,"29":0,"30":0,"31":0},"f":{"0":0,"1":0},"b":{"0":[0],"1":[0,0,0],"2":[0,0],"3":[0,0],"4":[0,0],"5":[0,0]}}
,"/Users/josesilva/Documents/Projetos/Viveo/flow/services/alcis/order/orderConfirmation.service.ts": {"path":"/Users/josesilva/Documents/Projetos/Viveo/flow/services/alcis/order/orderConfirmation.service.ts","statementMap":{"0":{"start":{"line":3,"column":0},"end":{"line":3,"column":33}},"1":{"start":{"line":4,"column":0},"end":{"line":4,"column":null}},"2":{"start":{"line":10,"column":0},"end":{"line":10,"column":104}},"3":{"start":{"line":11,"column":0},"end":{"line":11,"column":79}},"4":{"start":{"line":14,"column":0},"end":{"line":14,"column":117}},"5":{"start":{"line":17,"column":0},"end":{"line":17,"column":16}},"6":{"start":{"line":21,"column":2},"end":{"line":21,"column":16}},"7":{"start":{"line":20,"column":27},"end":{"line":20,"column":48}},"8":{"start":{"line":64,"column":8},"end":{"line":64,"column":52}},"9":{"start":{"line":65,"column":8},"end":{"line":65,"column":51}},"10":{"start":{"line":66,"column":8},"end":{"line":66,"column":30}},"11":{"start":{"line":69,"column":9},"end":{"line":70,"column":72}},"12":{"start":{"line":72,"column":9},"end":{"line":73,"column":67}},"13":{"start":{"line":23,"column":2},"end":{"line":61,"column":5}},"14":{"start":{"line":35,"column":6},"end":{"line":35,"column":57}},"15":{"start":{"line":46,"column":6},"end":{"line":46,"column":62}},"16":{"start":{"line":57,"column":6},"end":{"line":57,"column":58}},"17":{"start":{"line":76,"column":2},"end":{"line":79,"column":4}},"18":{"start":{"line":81,"column":38},"end":{"line":81,"column":55}},"19":{"start":{"line":83,"column":2},"end":{"line":90,"column":4}},"20":{"start":{"line":92,"column":2},"end":{"line":131,"column":null}},"21":{"start":{"line":94,"column":4},"end":{"line":94,"column":57}},"22":{"start":{"line":96,"column":3},"end":{"line":103,"column":5}},"23":{"start":{"line":104,"column":3},"end":{"line":104,"column":56}},"24":{"start":{"line":106,"column":3},"end":{"line":112,"column":null}},"25":{"start":{"line":107,"column":4},"end":{"line":107,"column":40}},"26":{"start":{"line":109,"column":4},"end":{"line":111,"column":6}},"27":{"start":{"line":114,"column":3},"end":{"line":124,"column":5}},"28":{"start":{"line":126,"column":3},"end":{"line":126,"column":56}},"29":{"start":{"line":128,"column":3},"end":{"line":130,"column":5}},"30":{"start":{"line":135,"column":2},"end":{"line":138,"column":4}},"31":{"start":{"line":139,"column":18},"end":{"line":139,"column":35}},"32":{"start":{"line":141,"column":2},"end":{"line":148,"column":4}},"33":{"start":{"line":150,"column":2},"end":{"line":210,"column":null}},"34":{"start":{"line":151,"column":23},"end":{"line":160,"column":null}},"35":{"start":{"line":163,"column":3},"end":{"line":178,"column":null}},"36":{"start":{"line":164,"column":4},"end":{"line":175,"column":6}},"37":{"start":{"line":177,"column":4},"end":{"line":177,"column":41}},"38":{"start":{"line":180,"column":3},"end":{"line":180,"column":70}},"39":{"start":{"line":182,"column":3},"end":{"line":193,"column":null}},"40":{"start":{"line":183,"column":4},"end":{"line":183,"column":48}},"41":{"start":{"line":185,"column":4},"end":{"line":192,"column":6}},"42":{"start":{"line":195,"column":3},"end":{"line":195,"column":70}},"43":{"start":{"line":196,"column":23},"end":{"line":196,"column":58}},"44":{"start":{"line":198,"column":3},"end":{"line":205,"column":5}},"45":{"start":{"line":207,"column":3},"end":{"line":209,"column":5}},"46":{"start":{"line":214,"column":2},"end":{"line":217,"column":4}},"47":{"start":{"line":219,"column":19},"end":{"line":219,"column":36}},"48":{"start":{"line":221,"column":2},"end":{"line":228,"column":4}},"49":{"start":{"line":230,"column":2},"end":{"line":301,"column":null}},"50":{"start":{"line":231,"column":40},"end":{"line":240,"column":null}},"51":{"start":{"line":243,"column":3},"end":{"line":258,"column":null}},"52":{"start":{"line":244,"column":4},"end":{"line":255,"column":6}},"53":{"start":{"line":257,"column":4},"end":{"line":257,"column":58}},"54":{"start":{"line":260,"column":3},"end":{"line":262,"column":6}},"55":{"start":{"line":264,"column":3},"end":{"line":278,"column":null}},"56":{"start":{"line":268,"column":4},"end":{"line":268,"column":65}},"57":{"start":{"line":270,"column":4},"end":{"line":277,"column":6}},"58":{"start":{"line":280,"column":3},"end":{"line":282,"column":6}},"59":{"start":{"line":283,"column":23},"end":{"line":283,"column":58}},"60":{"start":{"line":285,"column":3},"end":{"line":292,"column":5}},"61":{"start":{"line":294,"column":3},"end":{"line":296,"column":6}},"62":{"start":{"line":298,"column":3},"end":{"line":300,"column":5}},"63":{"start":{"line":19,"column":0},"end":{"line":19,"column":21}}},"fnMap":{"0":{"name":"(anonymous_13)","decl":{"start":{"line":20,"column":1},"end":{"line":20,"column":27}},"loc":{"start":{"line":20,"column":48},"end":{"line":62,"column":2}}},"1":{"name":"(anonymous_14)","decl":{"start":{"line":34,"column":11},"end":{"line":34,"column":18}},"loc":{"start":{"line":34,"column":43},"end":{"line":36,"column":null}}},"2":{"name":"(anonymous_16)","decl":{"start":{"line":45,"column":11},"end":{"line":45,"column":18}},"loc":{"start":{"line":45,"column":43},"end":{"line":47,"column":null}}},"3":{"name":"(anonymous_18)","decl":{"start":{"line":56,"column":11},"end":{"line":56,"column":18}},"loc":{"start":{"line":56,"column":43},"end":{"line":58,"column":null}}},"4":{"name":"(anonymous_20)","decl":{"start":{"line":75,"column":14},"end":{"line":75,"column":34}},"loc":{"start":{"line":75,"column":59},"end":{"line":132,"column":null}}},"5":{"name":"(anonymous_22)","decl":{"start":{"line":134,"column":14},"end":{"line":134,"column":39}},"loc":{"start":{"line":134,"column":64},"end":{"line":211,"column":null}}},"6":{"name":"(anonymous_24)","decl":{"start":{"line":213,"column":14},"end":{"line":213,"column":35}},"loc":{"start":{"line":213,"column":60},"end":{"line":302,"column":null}}}},"branchMap":{"0":{"loc":{"start":{"line":106,"column":3},"end":{"line":112,"column":null}},"type":"if","locations":[{"start":{"line":106,"column":3},"end":{"line":112,"column":null}},{"start":{"line":108,"column":10},"end":{"line":112,"column":null}}]},"1":{"loc":{"start":{"line":163,"column":3},"end":{"line":178,"column":null}},"type":"if","locations":[{"start":{"line":163,"column":3},"end":{"line":178,"column":null}}]},"2":{"loc":{"start":{"line":166,"column":12},"end":{"line":166,"column":38}},"type":"binary-expr","locations":[{"start":{"line":166,"column":12},"end":{"line":166,"column":31}},{"start":{"line":166,"column":35},"end":{"line":166,"column":38}}]},"3":{"loc":{"start":{"line":166,"column":12},"end":{"line":166,"column":31}},"type":"cond-expr","locations":[{"start":{"line":166,"column":23},"end":{"line":166,"column":25}},{"start":{"line":166,"column":12},"end":{"line":166,"column":31}}]},"4":{"loc":{"start":{"line":166,"column":12},"end":{"line":166,"column":25}},"type":"binary-expr","locations":[{"start":{"line":166,"column":12},"end":{"line":166,"column":25}},{"start":{"line":166,"column":12},"end":{"line":166,"column":25}}]},"5":{"loc":{"start":{"line":171,"column":6},"end":{"line":173,"column":null}},"type":"binary-expr","locations":[{"start":{"line":171,"column":6},"end":{"line":171,"column":17}},{"start":{"line":171,"column":21},"end":{"line":173,"column":null}}]},"6":{"loc":{"start":{"line":182,"column":3},"end":{"line":193,"column":null}},"type":"if","locations":[{"start":{"line":182,"column":3},"end":{"line":193,"column":null}},{"start":{"line":184,"column":10},"end":{"line":193,"column":null}}]},"7":{"loc":{"start":{"line":182,"column":7},"end":{"line":182,"column":26}},"type":"cond-expr","locations":[{"start":{"line":182,"column":18},"end":{"line":182,"column":20}},{"start":{"line":182,"column":7},"end":{"line":182,"column":26}}]},"8":{"loc":{"start":{"line":182,"column":7},"end":{"line":182,"column":20}},"type":"binary-expr","locations":[{"start":{"line":182,"column":7},"end":{"line":182,"column":20}},{"start":{"line":182,"column":7},"end":{"line":182,"column":20}}]},"9":{"loc":{"start":{"line":188,"column":6},"end":{"line":190,"column":12}},"type":"cond-expr","locations":[{"start":{"line":189,"column":9},"end":{"line":189,"column":28}},{"start":{"line":190,"column":9},"end":{"line":190,"column":12}}]},"10":{"loc":{"start":{"line":188,"column":6},"end":{"line":188,"column":25}},"type":"cond-expr","locations":[{"start":{"line":188,"column":17},"end":{"line":188,"column":19}},{"start":{"line":188,"column":6},"end":{"line":188,"column":25}}]},"11":{"loc":{"start":{"line":188,"column":6},"end":{"line":188,"column":19}},"type":"binary-expr","locations":[{"start":{"line":188,"column":6},"end":{"line":188,"column":19}},{"start":{"line":188,"column":6},"end":{"line":188,"column":19}}]},"12":{"loc":{"start":{"line":189,"column":9},"end":{"line":189,"column":28}},"type":"cond-expr","locations":[{"start":{"line":189,"column":20},"end":{"line":189,"column":22}},{"start":{"line":189,"column":9},"end":{"line":189,"column":28}}]},"13":{"loc":{"start":{"line":189,"column":9},"end":{"line":189,"column":22}},"type":"binary-expr","locations":[{"start":{"line":189,"column":9},"end":{"line":189,"column":22}},{"start":{"line":189,"column":9},"end":{"line":189,"column":22}}]},"14":{"loc":{"start":{"line":196,"column":23},"end":{"line":196,"column":58}},"type":"binary-expr","locations":[{"start":{"line":196,"column":23},"end":{"line":196,"column":36}},{"start":{"line":196,"column":40},"end":{"line":196,"column":51}},{"start":{"line":196,"column":55},"end":{"line":196,"column":58}}]},"15":{"loc":{"start":{"line":196,"column":23},"end":{"line":196,"column":36}},"type":"cond-expr","locations":[{"start":{"line":196,"column":28},"end":{"line":196,"column":30}},{"start":{"line":196,"column":23},"end":{"line":196,"column":36}}]},"16":{"loc":{"start":{"line":196,"column":23},"end":{"line":196,"column":30}},"type":"binary-expr","locations":[{"start":{"line":196,"column":23},"end":{"line":196,"column":30}},{"start":{"line":196,"column":23},"end":{"line":196,"column":30}}]},"17":{"loc":{"start":{"line":196,"column":40},"end":{"line":196,"column":51}},"type":"cond-expr","locations":[{"start":{"line":196,"column":45},"end":{"line":196,"column":47}},{"start":{"line":196,"column":40},"end":{"line":196,"column":51}}]},"18":{"loc":{"start":{"line":196,"column":40},"end":{"line":196,"column":47}},"type":"binary-expr","locations":[{"start":{"line":196,"column":40},"end":{"line":196,"column":47}},{"start":{"line":196,"column":40},"end":{"line":196,"column":47}}]},"19":{"loc":{"start":{"line":243,"column":3},"end":{"line":258,"column":null}},"type":"if","locations":[{"start":{"line":243,"column":3},"end":{"line":258,"column":null}}]},"20":{"loc":{"start":{"line":246,"column":12},"end":{"line":246,"column":55}},"type":"binary-expr","locations":[{"start":{"line":246,"column":12},"end":{"line":246,"column":48}},{"start":{"line":246,"column":52},"end":{"line":246,"column":55}}]},"21":{"loc":{"start":{"line":246,"column":12},"end":{"line":246,"column":48}},"type":"cond-expr","locations":[{"start":{"line":246,"column":40},"end":{"line":246,"column":42}},{"start":{"line":246,"column":12},"end":{"line":246,"column":48}}]},"22":{"loc":{"start":{"line":246,"column":12},"end":{"line":246,"column":42}},"type":"binary-expr","locations":[{"start":{"line":246,"column":12},"end":{"line":246,"column":42}},{"start":{"line":246,"column":12},"end":{"line":246,"column":42}}]},"23":{"loc":{"start":{"line":251,"column":6},"end":{"line":253,"column":null}},"type":"binary-expr","locations":[{"start":{"line":251,"column":6},"end":{"line":251,"column":34}},{"start":{"line":251,"column":38},"end":{"line":253,"column":null}}]},"24":{"loc":{"start":{"line":264,"column":3},"end":{"line":278,"column":null}},"type":"if","locations":[{"start":{"line":264,"column":3},"end":{"line":278,"column":null}},{"start":{"line":269,"column":10},"end":{"line":278,"column":null}}]},"25":{"loc":{"start":{"line":265,"column":4},"end":{"line":266,"column":47}},"type":"binary-expr","locations":[{"start":{"line":265,"column":4},"end":{"line":265,"column":47}},{"start":{"line":266,"column":4},"end":{"line":266,"column":47}}]},"26":{"loc":{"start":{"line":265,"column":4},"end":{"line":265,"column":40}},"type":"cond-expr","locations":[{"start":{"line":265,"column":32},"end":{"line":265,"column":34}},{"start":{"line":265,"column":4},"end":{"line":265,"column":40}}]},"27":{"loc":{"start":{"line":265,"column":4},"end":{"line":265,"column":34}},"type":"binary-expr","locations":[{"start":{"line":265,"column":4},"end":{"line":265,"column":34}},{"start":{"line":265,"column":4},"end":{"line":265,"column":34}}]},"28":{"loc":{"start":{"line":266,"column":4},"end":{"line":266,"column":40}},"type":"cond-expr","locations":[{"start":{"line":266,"column":32},"end":{"line":266,"column":34}},{"start":{"line":266,"column":4},"end":{"line":266,"column":40}}]},"29":{"loc":{"start":{"line":266,"column":4},"end":{"line":266,"column":34}},"type":"binary-expr","locations":[{"start":{"line":266,"column":4},"end":{"line":266,"column":34}},{"start":{"line":266,"column":4},"end":{"line":266,"column":34}}]},"30":{"loc":{"start":{"line":273,"column":6},"end":{"line":275,"column":12}},"type":"cond-expr","locations":[{"start":{"line":274,"column":9},"end":{"line":274,"column":45}},{"start":{"line":275,"column":9},"end":{"line":275,"column":12}}]},"31":{"loc":{"start":{"line":273,"column":6},"end":{"line":273,"column":42}},"type":"cond-expr","locations":[{"start":{"line":273,"column":34},"end":{"line":273,"column":36}},{"start":{"line":273,"column":6},"end":{"line":273,"column":42}}]},"32":{"loc":{"start":{"line":273,"column":6},"end":{"line":273,"column":36}},"type":"binary-expr","locations":[{"start":{"line":273,"column":6},"end":{"line":273,"column":36}},{"start":{"line":273,"column":6},"end":{"line":273,"column":36}}]},"33":{"loc":{"start":{"line":274,"column":9},"end":{"line":274,"column":45}},"type":"cond-expr","locations":[{"start":{"line":274,"column":37},"end":{"line":274,"column":39}},{"start":{"line":274,"column":9},"end":{"line":274,"column":45}}]},"34":{"loc":{"start":{"line":274,"column":9},"end":{"line":274,"column":39}},"type":"binary-expr","locations":[{"start":{"line":274,"column":9},"end":{"line":274,"column":39}},{"start":{"line":274,"column":9},"end":{"line":274,"column":39}}]},"35":{"loc":{"start":{"line":283,"column":23},"end":{"line":283,"column":58}},"type":"binary-expr","locations":[{"start":{"line":283,"column":23},"end":{"line":283,"column":36}},{"start":{"line":283,"column":40},"end":{"line":283,"column":51}},{"start":{"line":283,"column":55},"end":{"line":283,"column":58}}]},"36":{"loc":{"start":{"line":283,"column":23},"end":{"line":283,"column":36}},"type":"cond-expr","locations":[{"start":{"line":283,"column":28},"end":{"line":283,"column":30}},{"start":{"line":283,"column":23},"end":{"line":283,"column":36}}]},"37":{"loc":{"start":{"line":283,"column":23},"end":{"line":283,"column":30}},"type":"binary-expr","locations":[{"start":{"line":283,"column":23},"end":{"line":283,"column":30}},{"start":{"line":283,"column":23},"end":{"line":283,"column":30}}]},"38":{"loc":{"start":{"line":283,"column":40},"end":{"line":283,"column":51}},"type":"cond-expr","locations":[{"start":{"line":283,"column":45},"end":{"line":283,"column":47}},{"start":{"line":283,"column":40},"end":{"line":283,"column":51}}]},"39":{"loc":{"start":{"line":283,"column":40},"end":{"line":283,"column":47}},"type":"binary-expr","locations":[{"start":{"line":283,"column":40},"end":{"line":283,"column":47}},{"start":{"line":283,"column":40},"end":{"line":283,"column":47}}]}},"s":{"0":0,"1":0,"2":0,"3":0,"4":0,"5":0,"6":0,"7":0,"8":0,"9":0,"10":0,"11":0,"12":0,"13":0,"14":0,"15":0,"16":0,"17":0,"18":0,"19":0,"20":0,"21":0,"22":0,"23":0,"24":0,"25":0,"26":0,"27":0,"28":0,"29":0,"30":0,"31":0,"32":0,"33":0,"34":0,"35":0,"36":0,"37":0,"38":0,"39":0,"40":0,"41":0,"42":0,"43":0,"44":0,"45":0,"46":0,"47":0,"48":0,"49":0,"50":0,"51":0,"52":0,"53":0,"54":0,"55":0,"56":0,"57":0,"58":0,"59":0,"60":0,"61":0,"62":0,"63":0},"f":{"0":0,"1":0,"2":0,"3":0,"4":0,"5":0,"6":0},"b":{"0":[0,0],"1":[0],"2":[0,0],"3":[0,0],"4":[0,0],"5":[0,0],"6":[0,0],"7":[0,0],"8":[0,0],"9":[0,0],"10":[0,0],"11":[0,0],"12":[0,0],"13":[0,0],"14":[0,0,0],"15":[0,0],"16":[0,0],"17":[0,0],"18":[0,0],"19":[0],"20":[0,0],"21":[0,0],"22":[0,0],"23":[0,0],"24":[0,0],"25":[0,0],"26":[0,0],"27":[0,0],"28":[0,0],"29":[0,0],"30":[0,0],"31":[0,0],"32":[0,0],"33":[0,0],"34":[0,0],"35":[0,0,0],"36":[0,0],"37":[0,0],"38":[0,0],"39":[0,0]}}
,"/Users/josesilva/Documents/Projetos/Viveo/flow/services/alcis/order/orderConfirmationCron.service.ts": {"path":"/Users/josesilva/Documents/Projetos/Viveo/flow/services/alcis/order/orderConfirmationCron.service.ts","statementMap":{"0":{"start":{"line":1,"column":0},"end":{"line":1,"column":15}},"1":{"start":{"line":3,"column":0},"end":{"line":3,"column":31}},"2":{"start":{"line":4,"column":0},"end":{"line":4,"column":71}},"3":{"start":{"line":5,"column":0},"end":{"line":5,"column":54}},"4":{"start":{"line":6,"column":0},"end":{"line":6,"column":60}},"5":{"start":{"line":7,"column":0},"end":{"line":7,"column":101}},"6":{"start":{"line":9,"column":0},"end":{"line":68,"column":null}},"7":{"start":{"line":20,"column":2},"end":{"line":20,"column":16}},"8":{"start":{"line":19,"column":27},"end":{"line":19,"column":35}},"9":{"start":{"line":14,"column":1},"end":{"line":14,"column":26}},"10":{"start":{"line":15,"column":1},"end":{"line":15,"column":16}},"11":{"start":{"line":16,"column":1},"end":{"line":16,"column":17}},"12":{"start":{"line":17,"column":1},"end":{"line":17,"column":29}},"13":{"start":{"line":22,"column":26},"end":{"line":30,"column":null}},"14":{"start":{"line":24,"column":14},"end":{"line":30,"column":null}},"15":{"start":{"line":25,"column":4},"end":{"line":29,"column":null}},"16":{"start":{"line":26,"column":5},"end":{"line":26,"column":66}},"17":{"start":{"line":28,"column":5},"end":{"line":28,"column":31}},"18":{"start":{"line":33,"column":8},"end":{"line":35,"column":null}},"19":{"start":{"line":34,"column":3},"end":{"line":34,"column":26}},"20":{"start":{"line":44,"column":2},"end":{"line":66,"column":null}},"21":{"start":{"line":45,"column":3},"end":{"line":52,"column":5}},"22":{"start":{"line":54,"column":3},"end":{"line":56,"column":5}},"23":{"start":{"line":58,"column":3},"end":{"line":65,"column":5}},"24":{"start":{"line":43,"column":14},"end":{"line":67,"column":null}},"25":{"start":{"line":13,"column":21},"end":{"line":68,"column":null}},"26":{"start":{"line":13,"column":21},"end":{"line":13,"column":50}}},"fnMap":{"0":{"name":"(anonymous_9)","decl":{"start":{"line":19,"column":1},"end":{"line":19,"column":27}},"loc":{"start":{"line":19,"column":48},"end":{"line":36,"column":2}}},"1":{"name":"(anonymous_10)","decl":{"start":{"line":24,"column":3},"end":{"line":24,"column":12}},"loc":{"start":{"line":24,"column":14},"end":{"line":30,"column":null}}},"2":{"name":"(anonymous_11)","decl":{"start":{"line":24,"column":14},"end":{"line":24,"column":null}},"loc":{"start":{"line":24,"column":14},"end":{"line":30,"column":4}}},"3":{"name":"(anonymous_12)","decl":{"start":{"line":43,"column":14},"end":{"line":43,"column":26}},"loc":{"start":{"line":43,"column":35},"end":{"line":67,"column":null}}}},"branchMap":{"0":{"loc":{"start":{"line":33,"column":8},"end":{"line":35,"column":null}},"type":"if","locations":[{"start":{"line":33,"column":8},"end":{"line":35,"column":null}}]}},"s":{"0":0,"1":0,"2":0,"3":0,"4":0,"5":0,"6":0,"7":0,"8":0,"9":0,"10":0,"11":0,"12":0,"13":0,"14":0,"15":0,"16":0,"17":0,"18":0,"19":0,"20":0,"21":0,"22":0,"23":0,"24":0,"25":0,"26":0},"f":{"0":0,"1":0,"2":0,"3":0},"b":{"0":[0]}}
,"/Users/josesilva/Documents/Projetos/Viveo/flow/services/alcis/order/orderDispatch.service.ts": {"path":"/Users/josesilva/Documents/Projetos/Viveo/flow/services/alcis/order/orderDispatch.service.ts","statementMap":{"0":{"start":{"line":3,"column":0},"end":{"line":3,"column":33}},"1":{"start":{"line":4,"column":0},"end":{"line":4,"column":null}},"2":{"start":{"line":9,"column":0},"end":{"line":9,"column":55}},"3":{"start":{"line":10,"column":0},"end":{"line":10,"column":104}},"4":{"start":{"line":12,"column":0},"end":{"line":12,"column":79}},"5":{"start":{"line":14,"column":0},"end":{"line":14,"column":16}},"6":{"start":{"line":15,"column":0},"end":{"line":168,"column":null}},"7":{"start":{"line":21,"column":2},"end":{"line":21,"column":16}},"8":{"start":{"line":20,"column":27},"end":{"line":20,"column":35}},"9":{"start":{"line":24,"column":8},"end":{"line":24,"column":48}},"10":{"start":{"line":25,"column":8},"end":{"line":25,"column":47}},"11":{"start":{"line":26,"column":8},"end":{"line":26,"column":30}},"12":{"start":{"line":28,"column":9},"end":{"line":29,"column":68}},"13":{"start":{"line":31,"column":25},"end":{"line":31,"column":null}},"14":{"start":{"line":39,"column":2},"end":{"line":42,"column":4}},"15":{"start":{"line":43,"column":31},"end":{"line":43,"column":45}},"16":{"start":{"line":45,"column":2},"end":{"line":52,"column":4}},"17":{"start":{"line":54,"column":2},"end":{"line":100,"column":null}},"18":{"start":{"line":55,"column":23},"end":{"line":64,"column":null}},"19":{"start":{"line":67,"column":3},"end":{"line":69,"column":null}},"20":{"start":{"line":68,"column":4},"end":{"line":68,"column":22}},"21":{"start":{"line":71,"column":3},"end":{"line":71,"column":49}},"22":{"start":{"line":73,"column":3},"end":{"line":80,"column":5}},"23":{"start":{"line":82,"column":3},"end":{"line":82,"column":61}},"24":{"start":{"line":83,"column":3},"end":{"line":83,"column":30}},"25":{"start":{"line":85,"column":23},"end":{"line":85,"column":58}},"26":{"start":{"line":87,"column":3},"end":{"line":94,"column":5}},"27":{"start":{"line":96,"column":3},"end":{"line":96,"column":43}},"28":{"start":{"line":98,"column":3},"end":{"line":98,"column":61}},"29":{"start":{"line":99,"column":3},"end":{"line":99,"column":16}},"30":{"start":{"line":110,"column":2},"end":{"line":113,"column":4}},"31":{"start":{"line":114,"column":46},"end":{"line":114,"column":60}},"32":{"start":{"line":116,"column":2},"end":{"line":123,"column":4}},"33":{"start":{"line":125,"column":2},"end":{"line":166,"column":null}},"34":{"start":{"line":126,"column":23},"end":{"line":130,"column":null}},"35":{"start":{"line":133,"column":3},"end":{"line":135,"column":null}},"36":{"start":{"line":134,"column":4},"end":{"line":134,"column":22}},"37":{"start":{"line":137,"column":3},"end":{"line":137,"column":49}},"38":{"start":{"line":139,"column":3},"end":{"line":146,"column":5}},"39":{"start":{"line":148,"column":3},"end":{"line":148,"column":61}},"40":{"start":{"line":149,"column":3},"end":{"line":149,"column":30}},"41":{"start":{"line":151,"column":23},"end":{"line":151,"column":58}},"42":{"start":{"line":153,"column":3},"end":{"line":160,"column":5}},"43":{"start":{"line":162,"column":3},"end":{"line":162,"column":43}},"44":{"start":{"line":164,"column":3},"end":{"line":164,"column":61}},"45":{"start":{"line":165,"column":3},"end":{"line":165,"column":16}},"46":{"start":{"line":38,"column":14},"end":{"line":101,"column":null}},"47":{"start":{"line":109,"column":14},"end":{"line":167,"column":null}},"48":{"start":{"line":19,"column":21},"end":{"line":168,"column":null}},"49":{"start":{"line":19,"column":21},"end":{"line":19,"column":39}}},"fnMap":{"0":{"name":"(anonymous_15)","decl":{"start":{"line":20,"column":1},"end":{"line":20,"column":27}},"loc":{"start":{"line":20,"column":71},"end":{"line":22,"column":2}}},"1":{"name":"(anonymous_16)","decl":{"start":{"line":31,"column":14},"end":{"line":31,"column":21}},"loc":{"start":{"line":31,"column":21},"end":{"line":31,"column":null}}},"2":{"name":"(anonymous_17)","decl":{"start":{"line":31,"column":25},"end":{"line":31,"column":26}},"loc":{"start":{"line":31,"column":25},"end":{"line":31,"column":26}}},"3":{"name":"(anonymous_18)","decl":{"start":{"line":38,"column":14},"end":{"line":38,"column":34}},"loc":{"start":{"line":38,"column":47},"end":{"line":101,"column":null}}},"4":{"name":"(anonymous_20)","decl":{"start":{"line":109,"column":14},"end":{"line":109,"column":30}},"loc":{"start":{"line":109,"column":43},"end":{"line":167,"column":null}}}},"branchMap":{"0":{"loc":{"start":{"line":67,"column":3},"end":{"line":69,"column":null}},"type":"if","locations":[{"start":{"line":67,"column":3},"end":{"line":69,"column":null}}]},"1":{"loc":{"start":{"line":85,"column":23},"end":{"line":85,"column":58}},"type":"binary-expr","locations":[{"start":{"line":85,"column":23},"end":{"line":85,"column":36}},{"start":{"line":85,"column":40},"end":{"line":85,"column":51}},{"start":{"line":85,"column":55},"end":{"line":85,"column":58}}]},"2":{"loc":{"start":{"line":85,"column":23},"end":{"line":85,"column":36}},"type":"cond-expr","locations":[{"start":{"line":85,"column":28},"end":{"line":85,"column":30}},{"start":{"line":85,"column":23},"end":{"line":85,"column":36}}]},"3":{"loc":{"start":{"line":85,"column":23},"end":{"line":85,"column":30}},"type":"binary-expr","locations":[{"start":{"line":85,"column":23},"end":{"line":85,"column":30}},{"start":{"line":85,"column":23},"end":{"line":85,"column":30}}]},"4":{"loc":{"start":{"line":85,"column":40},"end":{"line":85,"column":51}},"type":"cond-expr","locations":[{"start":{"line":85,"column":45},"end":{"line":85,"column":47}},{"start":{"line":85,"column":40},"end":{"line":85,"column":51}}]},"5":{"loc":{"start":{"line":85,"column":40},"end":{"line":85,"column":47}},"type":"binary-expr","locations":[{"start":{"line":85,"column":40},"end":{"line":85,"column":47}},{"start":{"line":85,"column":40},"end":{"line":85,"column":47}}]},"6":{"loc":{"start":{"line":133,"column":3},"end":{"line":135,"column":null}},"type":"if","locations":[{"start":{"line":133,"column":3},"end":{"line":135,"column":null}}]},"7":{"loc":{"start":{"line":151,"column":23},"end":{"line":151,"column":58}},"type":"binary-expr","locations":[{"start":{"line":151,"column":23},"end":{"line":151,"column":36}},{"start":{"line":151,"column":40},"end":{"line":151,"column":51}},{"start":{"line":151,"column":55},"end":{"line":151,"column":58}}]},"8":{"loc":{"start":{"line":151,"column":23},"end":{"line":151,"column":36}},"type":"cond-expr","locations":[{"start":{"line":151,"column":28},"end":{"line":151,"column":30}},{"start":{"line":151,"column":23},"end":{"line":151,"column":36}}]},"9":{"loc":{"start":{"line":151,"column":23},"end":{"line":151,"column":30}},"type":"binary-expr","locations":[{"start":{"line":151,"column":23},"end":{"line":151,"column":30}},{"start":{"line":151,"column":23},"end":{"line":151,"column":30}}]},"10":{"loc":{"start":{"line":151,"column":40},"end":{"line":151,"column":51}},"type":"cond-expr","locations":[{"start":{"line":151,"column":45},"end":{"line":151,"column":47}},{"start":{"line":151,"column":40},"end":{"line":151,"column":51}}]},"11":{"loc":{"start":{"line":151,"column":40},"end":{"line":151,"column":47}},"type":"binary-expr","locations":[{"start":{"line":151,"column":40},"end":{"line":151,"column":47}},{"start":{"line":151,"column":40},"end":{"line":151,"column":47}}]}},"s":{"0":0,"1":0,"2":0,"3":0,"4":0,"5":0,"6":0,"7":0,"8":0,"9":0,"10":0,"11":0,"12":0,"13":0,"14":0,"15":0,"16":0,"17":0,"18":0,"19":0,"20":0,"21":0,"22":0,"23":0,"24":0,"25":0,"26":0,"27":0,"28":0,"29":0,"30":0,"31":0,"32":0,"33":0,"34":0,"35":0,"36":0,"37":0,"38":0,"39":0,"40":0,"41":0,"42":0,"43":0,"44":0,"45":0,"46":0,"47":0,"48":0,"49":0},"f":{"0":0,"1":0,"2":0,"3":0,"4":0},"b":{"0":[0],"1":[0,0,0],"2":[0,0],"3":[0,0],"4":[0,0],"5":[0,0],"6":[0],"7":[0,0,0],"8":[0,0],"9":[0,0],"10":[0,0],"11":[0,0]}}
,"/Users/josesilva/Documents/Projetos/Viveo/flow/services/alcis/order/orderStatus.service.ts": {"path":"/Users/josesilva/Documents/Projetos/Viveo/flow/services/alcis/order/orderStatus.service.ts","statementMap":{"0":{"start":{"line":3,"column":0},"end":{"line":3,"column":33}},"1":{"start":{"line":4,"column":0},"end":{"line":4,"column":null}},"2":{"start":{"line":9,"column":0},"end":{"line":9,"column":55}},"3":{"start":{"line":10,"column":0},"end":{"line":10,"column":104}},"4":{"start":{"line":12,"column":0},"end":{"line":12,"column":79}},"5":{"start":{"line":14,"column":0},"end":{"line":14,"column":16}},"6":{"start":{"line":15,"column":0},"end":{"line":97,"column":null}},"7":{"start":{"line":21,"column":2},"end":{"line":21,"column":16}},"8":{"start":{"line":20,"column":27},"end":{"line":20,"column":35}},"9":{"start":{"line":24,"column":8},"end":{"line":24,"column":46}},"10":{"start":{"line":25,"column":8},"end":{"line":25,"column":45}},"11":{"start":{"line":26,"column":8},"end":{"line":26,"column":30}},"12":{"start":{"line":28,"column":9},"end":{"line":29,"column":66}},"13":{"start":{"line":31,"column":25},"end":{"line":31,"column":null}},"14":{"start":{"line":39,"column":2},"end":{"line":42,"column":4}},"15":{"start":{"line":43,"column":32},"end":{"line":43,"column":46}},"16":{"start":{"line":45,"column":2},"end":{"line":52,"column":4}},"17":{"start":{"line":54,"column":2},"end":{"line":95,"column":null}},"18":{"start":{"line":55,"column":23},"end":{"line":59,"column":null}},"19":{"start":{"line":62,"column":3},"end":{"line":64,"column":null}},"20":{"start":{"line":63,"column":4},"end":{"line":63,"column":22}},"21":{"start":{"line":66,"column":3},"end":{"line":66,"column":49}},"22":{"start":{"line":68,"column":3},"end":{"line":75,"column":5}},"23":{"start":{"line":77,"column":3},"end":{"line":77,"column":59}},"24":{"start":{"line":78,"column":3},"end":{"line":78,"column":30}},"25":{"start":{"line":80,"column":23},"end":{"line":80,"column":58}},"26":{"start":{"line":82,"column":3},"end":{"line":89,"column":5}},"27":{"start":{"line":91,"column":3},"end":{"line":91,"column":43}},"28":{"start":{"line":93,"column":3},"end":{"line":93,"column":59}},"29":{"start":{"line":94,"column":3},"end":{"line":94,"column":16}},"30":{"start":{"line":38,"column":14},"end":{"line":96,"column":null}},"31":{"start":{"line":19,"column":21},"end":{"line":97,"column":null}},"32":{"start":{"line":19,"column":21},"end":{"line":19,"column":37}}},"fnMap":{"0":{"name":"(anonymous_15)","decl":{"start":{"line":20,"column":1},"end":{"line":20,"column":27}},"loc":{"start":{"line":20,"column":71},"end":{"line":22,"column":2}}},"1":{"name":"(anonymous_16)","decl":{"start":{"line":31,"column":14},"end":{"line":31,"column":21}},"loc":{"start":{"line":31,"column":21},"end":{"line":31,"column":null}}},"2":{"name":"(anonymous_17)","decl":{"start":{"line":31,"column":25},"end":{"line":31,"column":26}},"loc":{"start":{"line":31,"column":25},"end":{"line":31,"column":26}}},"3":{"name":"(anonymous_18)","decl":{"start":{"line":38,"column":14},"end":{"line":38,"column":34}},"loc":{"start":{"line":38,"column":47},"end":{"line":96,"column":null}}}},"branchMap":{"0":{"loc":{"start":{"line":62,"column":3},"end":{"line":64,"column":null}},"type":"if","locations":[{"start":{"line":62,"column":3},"end":{"line":64,"column":null}}]},"1":{"loc":{"start":{"line":80,"column":23},"end":{"line":80,"column":58}},"type":"binary-expr","locations":[{"start":{"line":80,"column":23},"end":{"line":80,"column":36}},{"start":{"line":80,"column":40},"end":{"line":80,"column":51}},{"start":{"line":80,"column":55},"end":{"line":80,"column":58}}]},"2":{"loc":{"start":{"line":80,"column":23},"end":{"line":80,"column":36}},"type":"cond-expr","locations":[{"start":{"line":80,"column":28},"end":{"line":80,"column":30}},{"start":{"line":80,"column":23},"end":{"line":80,"column":36}}]},"3":{"loc":{"start":{"line":80,"column":23},"end":{"line":80,"column":30}},"type":"binary-expr","locations":[{"start":{"line":80,"column":23},"end":{"line":80,"column":30}},{"start":{"line":80,"column":23},"end":{"line":80,"column":30}}]},"4":{"loc":{"start":{"line":80,"column":40},"end":{"line":80,"column":51}},"type":"cond-expr","locations":[{"start":{"line":80,"column":45},"end":{"line":80,"column":47}},{"start":{"line":80,"column":40},"end":{"line":80,"column":51}}]},"5":{"loc":{"start":{"line":80,"column":40},"end":{"line":80,"column":47}},"type":"binary-expr","locations":[{"start":{"line":80,"column":40},"end":{"line":80,"column":47}},{"start":{"line":80,"column":40},"end":{"line":80,"column":47}}]}},"s":{"0":0,"1":0,"2":0,"3":0,"4":0,"5":0,"6":0,"7":0,"8":0,"9":0,"10":0,"11":0,"12":0,"13":0,"14":0,"15":0,"16":0,"17":0,"18":0,"19":0,"20":0,"21":0,"22":0,"23":0,"24":0,"25":0,"26":0,"27":0,"28":0,"29":0,"30":0,"31":0,"32":0},"f":{"0":0,"1":0,"2":0,"3":0},"b":{"0":[0],"1":[0,0,0],"2":[0,0],"3":[0,0],"4":[0,0],"5":[0,0]}}
,"/Users/josesilva/Documents/Projetos/Viveo/flow/services/alcis/order/orderViveo.service.ts": {"path":"/Users/josesilva/Documents/Projetos/Viveo/flow/services/alcis/order/orderViveo.service.ts","statementMap":{"0":{"start":{"line":3,"column":0},"end":{"line":3,"column":33}},"1":{"start":{"line":4,"column":0},"end":{"line":4,"column":null}},"2":{"start":{"line":9,"column":0},"end":{"line":9,"column":55}},"3":{"start":{"line":10,"column":0},"end":{"line":10,"column":104}},"4":{"start":{"line":12,"column":0},"end":{"line":12,"column":79}},"5":{"start":{"line":14,"column":0},"end":{"line":14,"column":16}},"6":{"start":{"line":15,"column":0},"end":{"line":96,"column":null}},"7":{"start":{"line":21,"column":2},"end":{"line":21,"column":16}},"8":{"start":{"line":20,"column":27},"end":{"line":20,"column":35}},"9":{"start":{"line":24,"column":8},"end":{"line":24,"column":39}},"10":{"start":{"line":25,"column":8},"end":{"line":25,"column":38}},"11":{"start":{"line":26,"column":8},"end":{"line":26,"column":30}},"12":{"start":{"line":28,"column":9},"end":{"line":29,"column":65}},"13":{"start":{"line":38,"column":2},"end":{"line":41,"column":4}},"14":{"start":{"line":42,"column":30},"end":{"line":42,"column":44}},"15":{"start":{"line":44,"column":2},"end":{"line":51,"column":4}},"16":{"start":{"line":53,"column":2},"end":{"line":94,"column":null}},"17":{"start":{"line":54,"column":24},"end":{"line":58,"column":null}},"18":{"start":{"line":61,"column":3},"end":{"line":63,"column":null}},"19":{"start":{"line":62,"column":4},"end":{"line":62,"column":23}},"20":{"start":{"line":65,"column":3},"end":{"line":65,"column":50}},"21":{"start":{"line":67,"column":3},"end":{"line":74,"column":5}},"22":{"start":{"line":76,"column":3},"end":{"line":76,"column":53}},"23":{"start":{"line":77,"column":3},"end":{"line":77,"column":31}},"24":{"start":{"line":79,"column":23},"end":{"line":79,"column":58}},"25":{"start":{"line":81,"column":3},"end":{"line":88,"column":5}},"26":{"start":{"line":90,"column":3},"end":{"line":90,"column":43}},"27":{"start":{"line":92,"column":3},"end":{"line":92,"column":53}},"28":{"start":{"line":93,"column":3},"end":{"line":93,"column":16}},"29":{"start":{"line":37,"column":14},"end":{"line":95,"column":null}},"30":{"start":{"line":19,"column":21},"end":{"line":96,"column":null}},"31":{"start":{"line":19,"column":21},"end":{"line":19,"column":36}}},"fnMap":{"0":{"name":"(anonymous_15)","decl":{"start":{"line":20,"column":1},"end":{"line":20,"column":27}},"loc":{"start":{"line":20,"column":71},"end":{"line":22,"column":2}}},"1":{"name":"(anonymous_16)","decl":{"start":{"line":37,"column":14},"end":{"line":37,"column":23}},"loc":{"start":{"line":37,"column":36},"end":{"line":95,"column":null}}}},"branchMap":{"0":{"loc":{"start":{"line":61,"column":3},"end":{"line":63,"column":null}},"type":"if","locations":[{"start":{"line":61,"column":3},"end":{"line":63,"column":null}}]},"1":{"loc":{"start":{"line":79,"column":23},"end":{"line":79,"column":58}},"type":"binary-expr","locations":[{"start":{"line":79,"column":23},"end":{"line":79,"column":36}},{"start":{"line":79,"column":40},"end":{"line":79,"column":51}},{"start":{"line":79,"column":55},"end":{"line":79,"column":58}}]},"2":{"loc":{"start":{"line":79,"column":23},"end":{"line":79,"column":36}},"type":"cond-expr","locations":[{"start":{"line":79,"column":28},"end":{"line":79,"column":30}},{"start":{"line":79,"column":23},"end":{"line":79,"column":36}}]},"3":{"loc":{"start":{"line":79,"column":23},"end":{"line":79,"column":30}},"type"
[...]
null}},"15":{"start":{"line":66,"column":3},"end":{"line":66,"column":64}},"16":{"start":{"line":68,"column":23},"end":{"line":68,"column":52}},"17":{"start":{"line":70,"column":3},"end":{"line":73,"column":5}},"18":{"start":{"line":75,"column":3},"end":{"line":82,"column":5}},"19":{"start":{"line":84,"column":3},"end":{"line":86,"column":6}},"20":{"start":{"line":85,"column":4},"end":{"line":85,"column":36}},"21":{"start":{"line":88,"column":3},"end":{"line":95,"column":5}},"22":{"start":{"line":97,"column":3},"end":{"line":97,"column":59}},"23":{"start":{"line":99,"column":3},"end":{"line":99,"column":30}},"24":{"start":{"line":101,"column":3},"end":{"line":108,"column":5}},"25":{"start":{"line":110,"column":3},"end":{"line":113,"column":29}},"26":{"start":{"line":15,"column":0},"end":{"line":15,"column":21}}},"fnMap":{"0":{"name":"(anonymous_7)","decl":{"start":{"line":23,"column":1},"end":{"line":23,"column":27}},"loc":{"start":{"line":23,"column":48},"end":{"line":60,"column":2}}},"1":{"name":"(anonymous_8)","decl":{"start":{"line":36,"column":11},"end":{"line":36,"column":18}},"loc":{"start":{"line":37,"column":62},"end":{"line":56,"column":null}}},"2":{"name":"(anonymous_10)","decl":{"start":{"line":62,"column":14},"end":{"line":62,"column":39}},"loc":{"start":{"line":63,"column":58},"end":{"line":115,"column":null}}},"3":{"name":"(anonymous_12)","decl":{"start":{"line":84,"column":28},"end":{"line":84,"column":29}},"loc":{"start":{"line":84,"column":50},"end":{"line":86,"column":4}}}},"branchMap":{"0":{"loc":{"start":{"line":43,"column":6},"end":{"line":55,"column":null}},"type":"if","locations":[{"start":{"line":43,"column":6},"end":{"line":55,"column":null}},{"start":{"line":53,"column":13},"end":{"line":55,"column":null}}]},"1":{"loc":{"start":{"line":47,"column":9},"end":{"line":50,"column":15}},"type":"cond-expr","locations":[{"start":{"line":49,"column":12},"end":{"line":49,"column":30}},{"start":{"line":50,"column":12},"end":{"line":50,"column":15}}]},"2":{"loc":{"start":{"line":47,"column":9},"end":{"line":48,"column":24}},"type":"binary-expr","locations":[{"start":{"line":47,"column":9},"end":{"line":47,"column":40}},{"start":{"line":48,"column":9},"end":{"line":48,"column":24}}]}},"s":{"0":0,"1":0,"2":0,"3":0,"4":0,"5":0,"6":0,"7":0,"8":0,"9":0,"10":0,"11":0,"12":0,"13":0,"14":0,"15":0,"16":0,"17":0,"18":0,"19":0,"20":0,"21":0,"22":0,"23":0,"24":0,"25":0,"26":0},"f":{"0":0,"1":0,"2":0,"3":0},"b":{"0":[0,0],"1":[0,0],"2":[0,0]}}
,"/Users/josesilva/Documents/Projetos/Viveo/flow/services/senior/register/registerSeniorOuro.service.ts": {"path":"/Users/josesilva/Documents/Projetos/Viveo/flow/services/senior/register/registerSeniorOuro.service.ts","statementMap":{"0":{"start":{"line":2,"column":0},"end":{"line":2,"column":null}},"1":{"start":{"line":12,"column":0},"end":{"line":12,"column":79}},"2":{"start":{"line":23,"column":2},"end":{"line":23,"column":16}},"3":{"start":{"line":22,"column":27},"end":{"line":22,"column":48}},"4":{"start":{"line":17,"column":1},"end":{"line":17,"column":27}},"5":{"start":{"line":18,"column":1},"end":{"line":18,"column":16}},"6":{"start":{"line":19,"column":1},"end":{"line":19,"column":24}},"7":{"start":{"line":20,"column":1},"end":{"line":20,"column":34}},"8":{"start":{"line":24,"column":2},"end":{"line":56,"column":5}},"9":{"start":{"line":39,"column":7},"end":{"line":39,"column":49}},"10":{"start":{"line":40,"column":6},"end":{"line":52,"column":null}},"11":{"start":{"line":41,"column":7},"end":{"line":49,"column":9}},"12":{"start":{"line":51,"column":7},"end":{"line":51,"column":49}},"13":{"start":{"line":60,"column":2},"end":{"line":90,"column":null}},"14":{"start":{"line":61,"column":3},"end":{"line":64,"column":5}},"15":{"start":{"line":66,"column":3},"end":{"line":68,"column":6}},"16":{"start":{"line":67,"column":4},"end":{"line":67,"column":41}},"17":{"start":{"line":70,"column":3},"end":{"line":77,"column":5}},"18":{"start":{"line":78,"column":3},"end":{"line":78,"column":30}},"19":{"start":{"line":80,"column":3},"end":{"line":87,"column":5}},"20":{"start":{"line":88,"column":3},"end":{"line":88,"column":60}},"21":{"start":{"line":89,"column":3},"end":{"line":89,"column":62}},"22":{"start":{"line":14,"column":0},"end":{"line":14,"column":21}}},"fnMap":{"0":{"name":"(anonymous_7)","decl":{"start":{"line":22,"column":1},"end":{"line":22,"column":27}},"loc":{"start":{"line":22,"column":48},"end":{"line":57,"column":2}}},"1":{"name":"(anonymous_8)","decl":{"start":{"line":35,"column":11},"end":{"line":35,"column":18}},"loc":{"start":{"line":36,"column":53},"end":{"line":53,"column":null}}},"2":{"name":"(anonymous_10)","decl":{"start":{"line":59,"column":14},"end":{"line":59,"column":26}},"loc":{"start":{"line":59,"column":64},"end":{"line":91,"column":null}}},"3":{"name":"(anonymous_12)","decl":{"start":{"line":66,"column":28},"end":{"line":66,"column":29}},"loc":{"start":{"line":66,"column":55},"end":{"line":68,"column":4}}}},"branchMap":{"0":{"loc":{"start":{"line":40,"column":6},"end":{"line":52,"column":null}},"type":"if","locations":[{"start":{"line":40,"column":6},"end":{"line":52,"column":null}},{"start":{"line":50,"column":13},"end":{"line":52,"column":null}}]},"1":{"loc":{"start":{"line":44,"column":9},"end":{"line":47,"column":15}},"type":"cond-expr","locations":[{"start":{"line":46,"column":12},"end":{"line":46,"column":30}},{"start":{"line":47,"column":12},"end":{"line":47,"column":15}}]},"2":{"loc":{"start":{"line":44,"column":9},"end":{"line":45,"column":24}},"type":"binary-expr","locations":[{"start":{"line":44,"column":9},"end":{"line":44,"column":40}},{"start":{"line":45,"column":9},"end":{"line":45,"column":24}}]}},"s":{"0":0,"1":0,"2":0,"3":0,"4":0,"5":0,"6":0,"7":0,"8":0,"9":0,"10":0,"11":0,"12":0,"13":0,"14":0,"15":0,"16":0,"17":0,"18":0,"19":0,"20":0,"21":0,"22":0},"f":{"0":0,"1":0,"2":0,"3":0},"b":{"0":[0,0],"1":[0,0],"2":[0,0]}}
,"/Users/josesilva/Documents/Projetos/Viveo/flow/services/senior/role/listingRolesSeniorGupy.service.ts": {"path":"/Users/josesilva/Documents/Projetos/Viveo/flow/services/senior/role/listingRolesSeniorGupy.service.ts","statementMap":{"0":{"start":{"line":1,"column":0},"end":{"line":1,"column":15}},"1":{"start":{"line":3,"column":0},"end":{"line":3,"column":null}},"2":{"start":{"line":13,"column":0},"end":{"line":13,"column":79}},"3":{"start":{"line":24,"column":2},"end":{"line":24,"column":16}},"4":{"start":{"line":23,"column":27},"end":{"line":23,"column":48}},"5":{"start":{"line":18,"column":1},"end":{"line":18,"column":27}},"6":{"start":{"line":19,"column":1},"end":{"line":19,"column":16}},"7":{"start":{"line":20,"column":1},"end":{"line":20,"column":24}},"8":{"start":{"line":21,"column":1},"end":{"line":21,"column":37}},"9":{"start":{"line":25,"column":2},"end":{"line":59,"column":5}},"10":{"start":{"line":40,"column":7},"end":{"line":41,"column":null}},"11":{"start":{"line":43,"column":6},"end":{"line":55,"column":null}},"12":{"start":{"line":44,"column":7},"end":{"line":52,"column":9}},"13":{"start":{"line":54,"column":7},"end":{"line":54,"column":49}},"14":{"start":{"line":65,"column":2},"end":{"line":114,"column":null}},"15":{"start":{"line":66,"column":3},"end":{"line":66,"column":64}},"16":{"start":{"line":68,"column":23},"end":{"line":68,"column":51}},"17":{"start":{"line":70,"column":3},"end":{"line":73,"column":5}},"18":{"start":{"line":75,"column":3},"end":{"line":82,"column":5}},"19":{"start":{"line":84,"column":3},"end":{"line":86,"column":6}},"20":{"start":{"line":85,"column":4},"end":{"line":85,"column":36}},"21":{"start":{"line":88,"column":3},"end":{"line":95,"column":5}},"22":{"start":{"line":97,"column":3},"end":{"line":97,"column":59}},"23":{"start":{"line":99,"column":3},"end":{"line":99,"column":30}},"24":{"start":{"line":101,"column":3},"end":{"line":108,"column":5}},"25":{"start":{"line":110,"column":3},"end":{"line":113,"column":29}},"26":{"start":{"line":15,"column":0},"end":{"line":15,"column":21}}},"fnMap":{"0":{"name":"(anonymous_7)","decl":{"start":{"line":23,"column":1},"end":{"line":23,"column":27}},"loc":{"start":{"line":23,"column":48},"end":{"line":60,"column":2}}},"1":{"name":"(anonymous_8)","decl":{"start":{"line":36,"column":11},"end":{"line":36,"column":18}},"loc":{"start":{"line":37,"column":61},"end":{"line":56,"column":null}}},"2":{"name":"(anonymous_10)","decl":{"start":{"line":62,"column":14},"end":{"line":62,"column":39}},"loc":{"start":{"line":63,"column":57},"end":{"line":115,"column":null}}},"3":{"name":"(anonymous_12)","decl":{"start":{"line":84,"column":28},"end":{"line":84,"column":29}},"loc":{"start":{"line":84,"column":50},"end":{"line":86,"column":4}}}},"branchMap":{"0":{"loc":{"start":{"line":43,"column":6},"end":{"line":55,"column":null}},"type":"if","locations":[{"start":{"line":43,"column":6},"end":{"line":55,"column":null}},{"start":{"line":53,"column":13},"end":{"line":55,"column":null}}]},"1":{"loc":{"start":{"line":47,"column":9},"end":{"line":50,"column":15}},"type":"cond-expr","locations":[{"start":{"line":49,"column":12},"end":{"line":49,"column":30}},{"start":{"line":50,"column":12},"end":{"line":50,"column":15}}]},"2":{"loc":{"start":{"line":47,"column":9},"end":{"line":48,"column":24}},"type":"binary-expr","locations":[{"start":{"line":47,"column":9},"end":{"line":47,"column":40}},{"start":{"line":48,"column":9},"end":{"line":48,"column":24}}]}},"s":{"0":0,"1":0,"2":0,"3":0,"4":0,"5":0,"6":0,"7":0,"8":0,"9":0,"10":0,"11":0,"12":0,"13":0,"14":0,"15":0,"16":0,"17":0,"18":0,"19":0,"20":0,"21":0,"22":0,"23":0,"24":0,"25":0,"26":0},"f":{"0":0,"1":0,"2":0,"3":0},"b":{"0":[0,0],"1":[0,0],"2":[0,0]}}
,"/Users/josesilva/Documents/Projetos/Viveo/flow/services/unico/candidate/candidateHiredSeniorUnico.service.ts": {"path":"/Users/josesilva/Documents/Projetos/Viveo/flow/services/unico/candidate/candidateHiredSeniorUnico.service.ts","statementMap":{"0":{"start":{"line":1,"column":0},"end":{"line":1,"column":15}},"1":{"start":{"line":3,"column":0},"end":{"line":3,"column":33}},"2":{"start":{"line":4,"column":0},"end":{"line":4,"column":null}},"3":{"start":{"line":10,"column":0},"end":{"line":10,"column":74}},"4":{"start":{"line":20,"column":0},"end":{"line":20,"column":51}},"5":{"start":{"line":21,"column":0},"end":{"line":21,"column":79}},"6":{"start":{"line":23,"column":0},"end":{"line":23,"column":16}},"7":{"start":{"line":34,"column":2},"end":{"line":34,"column":16}},"8":{"start":{"line":33,"column":27},"end":{"line":33,"column":48}},"9":{"start":{"line":28,"column":1},"end":{"line":28,"column":27}},"10":{"start":{"line":29,"column":1},"end":{"line":29,"column":16}},"11":{"start":{"line":30,"column":1},"end":{"line":30,"column":22}},"12":{"start":{"line":31,"column":1},"end":{"line":31,"column":39}},"13":{"start":{"line":35,"column":2},"end":{"line":76,"column":5}},"14":{"start":{"line":57,"column":7},"end":{"line":58,"column":null}},"15":{"start":{"line":61,"column":6},"end":{"line":72,"column":null}},"16":{"start":{"line":62,"column":7},"end":{"line":62,"column":49}},"17":{"start":{"line":64,"column":7},"end":{"line":71,"column":9}},"18":{"start":{"line":82,"column":2},"end":{"line":198,"column":null}},"19":{"start":{"line":83,"column":3},"end":{"line":83,"column":64}},"20":{"start":{"line":85,"column":37},"end":{"line":85,"column":65}},"21":{"start":{"line":87,"column":3},"end":{"line":90,"column":5}},"22":{"start":{"line":92,"column":48},"end":{"line":101,"column":5}},"23":{"start":{"line":103,"column":25},"end":{"line":105,"column":null}},"24":{"start":{"line":108,"column":41},"end":{"line":108,"column":57}},"25":{"start":{"line":109,"column":41},"end":{"line":109,"column":64}},"26":{"start":{"line":111,"column":3},"end":{"line":179,"column":null}},"27":{"start":{"line":112,"column":4},"end":{"line":114,"column":6}},"28":{"start":{"line":116,"column":23},"end":{"line":128,"column":6}},"29":{"start":{"line":130,"column":4},"end":{"line":130,"column":57}},"30":{"start":{"line":132,"column":38},"end":{"line":133,"column":null}},"31":{"start":{"line":136,"column":4},"end":{"line":164,"column":null}},"32":{"start":{"line":137,"column":5},"end":{"line":140,"column":7}},"33":{"start":{"line":142,"column":5},"end":{"line":145,"column":7}},"34":{"start":{"line":147,"column":5},"end":{"line":154,"column":7}},"35":{"start":{"line":156,"column":5},"end":{"line":158,"column":8}},"36":{"start":{"line":157,"column":6},"end":{"line":157,"column":38}},"37":{"start":{"line":160,"column":5},"end":{"line":163,"column":7}},"38":{"start":{"line":166,"column":4},"end":{"line":169,"column":6}},"39":{"start":{"line":171,"column":4},"end":{"line":178,"column":6}},"40":{"start":{"line":181,"column":3},"end":{"line":181,"column":59}},"41":{"start":{"line":183,"column":3},"end":{"line":183,"column":30}},"42":{"start":{"line":185,"column":3},"end":{"line":192,"column":5}},"43":{"start":{"line":194,"column":3},"end":{"line":197,"column":29}},"44":{"start":{"line":25,"column":0},"end":{"line":25,"column":21}}},"fnMap":{"0":{"name":"(anonymous_13)","decl":{"start":{"line":33,"column":1},"end":{"line":33,"column":27}},"loc":{"start":{"line":33,"column":48},"end":{"line":77,"column":2}}},"1":{"name":"(anonymous_14)","decl":{"start":{"line":53,"column":11},"end":{"line":53,"column":18}},"loc":{"start":{"line":54,"column":50},"end":{"line":73,"column":null}}},"2":{"name":"(anonymous_16)","decl":{"start":{"line":79,"column":14},"end":{"line":79,"column":43}},"loc":{"start":{"line":80,"column":46},"end":{"line":199,"column":null}}},"3":{"name":"(anonymous_18)","decl":{"start":{"line":156,"column":30},"end":{"line":156,"column":31}},"loc":{"start":{"line":156,"column":52},"end":{"line":158,"column":6}}}},"branchMap":{"0":{"loc":{"start":{"line":61,"column":6},"end":{"line":72,"column":null}},"type":"if","locations":[{"start":{"line":61,"column":6},"end":{"line":72,"column":null}},{"start":{"line":63,"column":13},"end":{"line":72,"column":null}}]},"1":{"loc":{"start":{"line":111,"column":3},"end":{"line":179,"column":null}},"type":"if","locations":[{"start":{"line":111,"column":3},"end":{"line":179,"column":null}},{"start":{"line":165,"column":10},"end":{"line":179,"column":null}}]},"2":{"loc":{"start":{"line":136,"column":4},"end":{"line":164,"column":null}},"type":"if","locations":[{"start":{"line":136,"column":4},"end":{"line":164,"column":null}},{"start":{"line":159,"column":11},"end":{"line":164,"column":null}}]}},"s":{"0":0,"1":0,"2":0,"3":0,"4":0,"5":0,"6":0,"7":0,"8":0,"9":0,"10":0,"11":0,"12":0,"13":0,"14":0,"15":0,"16":0,"17":0,"18":0,"19":0,"20":0,"21":0,"22":0,"23":0,"24":0,"25":0,"26":0,"27":0,"28":0,"29":0,"30":0,"31":0,"32":0,"33":0,"34":0,"35":0,"36":0,"37":0,"38":0,"39":0,"40":0,"41":0,"42":0,"43":0,"44":0},"f":{"0":0,"1":0,"2":0,"3":0},"b":{"0":[0,0],"1":[0,0],"2":[0,0]}}
,"/Users/josesilva/Documents/Projetos/Viveo/flow/services/unico/job/createJobSeniorUnico.service.ts": {"path":"/Users/josesilva/Documents/Projetos/Viveo/flow/services/unico/job/createJobSeniorUnico.service.ts","statementMap":{"0":{"start":{"line":1,"column":0},"end":{"line":1,"column":15}},"1":{"start":{"line":3,"column":0},"end":{"line":3,"column":33}},"2":{"start":{"line":4,"column":0},"end":{"line":4,"column":71}},"3":{"start":{"line":5,"column":0},"end":{"line":5,"column":54}},"4":{"start":{"line":6,"column":0},"end":{"line":6,"column":61}},"5":{"start":{"line":16,"column":0},"end":{"line":16,"column":73}},"6":{"start":{"line":17,"column":0},"end":{"line":17,"column":60}},"7":{"start":{"line":19,"column":0},"end":{"line":19,"column":16}},"8":{"start":{"line":21,"column":0},"end":{"line":183,"column":null}},"9":{"start":{"line":33,"column":2},"end":{"line":33,"column":16}},"10":{"start":{"line":32,"column":27},"end":{"line":32,"column":35}},"11":{"start":{"line":27,"column":1},"end":{"line":27,"column":27}},"12":{"start":{"line":28,"column":1},"end":{"line":28,"column":16}},"13":{"start":{"line":29,"column":1},"end":{"line":29,"column":23}},"14":{"start":{"line":30,"column":1},"end":{"line":30,"column":39}},"15":{"start":{"line":43,"column":2},"end":{"line":181,"column":null}},"16":{"start":{"line":44,"column":3},"end":{"line":46,"column":5}},"17":{"start":{"line":48,"column":48},"end":{"line":57,"column":5}},"18":{"start":{"line":59,"column":3},"end":{"line":61,"column":5}},"19":{"start":{"line":63,"column":25},"end":{"line":65,"column":null}},"20":{"start":{"line":68,"column":41},"end":{"line":68,"column":57}},"21":{"start":{"line":69,"column":41},"end":{"line":69,"column":64}},"22":{"start":{"line":71,"column":3},"end":{"line":161,"column":null}},"23":{"start":{"line":72,"column":4},"end":{"line":74,"column":6}},"24":{"start":{"line":76,"column":35},"end":{"line":77,"column":null}},"25":{"start":{"line":79,"column":23},"end":{"line":95,"column":6}},"26":{"start":{"line":97,"column":4},"end":{"line":100,"column":6}},"27":{"start":{"line":102,"column":22},"end":{"line":102,"column":57}},"28":{"start":{"line":104,"column":4},"end":{"line":111,"column":6}},"29":{"start":{"line":113,"column":4},"end":{"line":116,"column":6}},"30":{"start":{"line":118,"column":4},"end":{"line":147,"column":null}},"31":{"start":{"line":120,"column":6},"end":{"line":123,"column":8}},"32":{"start":{"line":124,"column":6},"end":{"line":124,"column":12}},"33":{"start":{"line":128,"column":25},"end":{"line":128,"column":60}},"34":{"start":{"line":129,"column":6},"end":{"line":139,"column":null}},"35":{"start":{"line":130,"column":7},"end":{"line":133,"column":9}},"36":{"start":{"line":135,"column":7},"end":{"line":138,"column":9}},"37":{"start":{"line":140,"column":6},"end":{"line":140,"column":12}},"38":{"start":{"line":142,"column":6},"end":{"line":145,"column":8}},"39":{"start":{"line":146,"column":6},"end":{"line":146,"column":12}},"40":{"start":{"line":149,"column":4},"end":{"line":149,"column":31}},"41":{"start":{"line":151,"column":4},"end":{"line":160,"column":6}},"42":{"start":{"line":163,"column":3},"end":{"line":166,"column":5}},"43":{"start":{"line":168,"column":3},"end":{"line":171,"column":5}},"44":{"start":{"line":173,"column":3},"end":{"line":180,"column":5}},"45":{"start":{"line":40,"column":14},"end":{"line":182,"column":null}},"46":{"start":{"line":25,"column":21},"end":{"line":183,"column":null}},"47":{"start":{"line":25,"column":21},"end":{"line":25,"column":43}}},"fnMap":{"0":{"name":"(anonymous_15)","decl":{"start":{"line":32,"column":1},"end":{"line":32,"column":27}},"loc":{"start":{"line":32,"column":48},"end":{"line":34,"column":2}}},"1":{"name":"(anonymous_16)","decl":{"start":{"line":40,"column":14},"end":{"line":40,"column":38}},"loc":{"start":{"line":41,"column":38},"end":{"line":182,"column":null}}}},"branchMap":{"0":{"loc":{"start":{"line":71,"column":3},"end":{"line":161,"column":null}},"type":"if","locations":[{"start":{"line":71,"column":3},"end":{"line":161,"column":null}},{"start":{"line":150,"column":10},"end":{"line":161,"column":null}}]},"1":{"loc":{"start":{"line":118,"column":4},"end":{"line":147,"column":null}},"type":"switch","locations":[{"start":{"line":119,"column":5},"end":{"line":124,"column":12}},{"start":{"line":125,"column":5},"end":{"line":125,"column":33}},{"start":{"line":126,"column":5},"end":{"line":126,"column":37}},{"start":{"line":127,"column":5},"end":{"line":140,"column":12}},{"start":{"line":141,"column":5},"end":{"line":146,"column":12}}]},"2":{"loc":{"start":{"line":129,"column":6},"end":{"line":139,"column":null}},"type":"if","locations":[{"start":{"line":129,"column":6},"end":{"line":139,"column":null}},{"start":{"line":134,"column":13},"end":{"line":139,"column":null}}]}},"s":{"0":0,"1":0,"2":0,"3":0,"4":0,"5":0,"6":0,"7":0,"8":0,"9":0,"10":0,"11":0,"12":0,"13":0,"14":0,"15":0,"16":0,"17":0,"18":0,"19":0,"20":0,"21":0,"22":0,"23":0,"24":0,"25":0,"26":0,"27":0,"28":0,"29":0,"30":0,"31":0,"32":0,"33":0,"34":0,"35":0,"36":0,"37":0,"38":0,"39":0,"40":0,"41":0,"42":0,"43":0,"44":0,"45":0,"46":0,"47":0},"f":{"0":0,"1":0},"b":{"0":[0,0],"1":[0,0,0,0,0],"2":[0,0]}}
}
