TN:
SF:services/alcis/consumer/consumer.service.ts
FN:20,(anonymous_15)
FN:30,(anonymous_16)
FN:30,(anonymous_17)
FN:37,(anonymous_18)
FN:108,(anonymous_20)
FN:174,(anonymous_22)
FNF:6
FNH:0
FNDA:0,(anonymous_15)
FNDA:0,(anonymous_16)
FNDA:0,(anonymous_17)
FNDA:0,(anonymous_18)
FNDA:0,(anonymous_20)
FNDA:0,(anonymous_22)
DA:3,0
DA:4,0
DA:9,0
DA:10,0
DA:12,0
DA:14,0
DA:15,0
DA:19,0
DA:20,0
DA:21,0
DA:24,0
DA:25,0
DA:26,0
DA:27,0
DA:30,0
DA:37,0
DA:38,0
DA:42,0
DA:44,0
DA:53,0
DA:54,0
DA:66,0
DA:67,0
DA:70,0
DA:72,0
DA:81,0
DA:82,0
DA:84,0
DA:86,0
DA:95,0
DA:97,0
DA:98,0
DA:108,0
DA:109,0
DA:113,0
DA:115,0
DA:124,0
DA:125,0
DA:132,0
DA:133,0
DA:136,0
DA:138,0
DA:147,0
DA:148,0
DA:150,0
DA:152,0
DA:161,0
DA:163,0
DA:164,0
DA:174,0
DA:175,0
DA:179,0
DA:181,0
DA:190,0
DA:191,0
DA:198,0
DA:199,0
DA:202,0
DA:204,0
DA:213,0
DA:214,0
DA:216,0
DA:218,0
DA:227,0
DA:229,0
DA:230,0
LF:66
LH:0
BRDA:66,0,0,0
BRDA:84,1,0,0
BRDA:84,1,1,0
BRDA:84,1,2,0
BRDA:84,2,0,0
BRDA:84,2,1,0
BRDA:84,3,0,0
BRDA:84,3,1,0
BRDA:84,4,0,0
BRDA:84,4,1,0
BRDA:84,5,0,0
BRDA:84,5,1,0
BRDA:132,6,0,0
BRDA:150,7,0,0
BRDA:150,7,1,0
BRDA:150,7,2,0
BRDA:150,8,0,0
BRDA:150,8,1,0
BRDA:150,9,0,0
BRDA:150,9,1,0
BRDA:150,10,0,0
BRDA:150,10,1,0
BRDA:150,11,0,0
BRDA:150,11,1,0
BRDA:198,12,0,0
BRDA:216,13,0,0
BRDA:216,13,1,0
BRDA:216,13,2,0
BRDA:216,14,0,0
BRDA:216,14,1,0
BRDA:216,15,0,0
BRDA:216,15,1,0
BRDA:216,16,0,0
BRDA:216,16,1,0
BRDA:216,17,0,0
BRDA:216,17,1,0
BRF:36
BRH:0
end_of_record
TN:
SF:services/alcis/healthCheck/healthCheck.service.ts
FN:18,(anonymous_15)
FN:22,(anonymous_16)
FN:22,(anonymous_17)
FN:29,(anonymous_18)
FNF:4
FNH:0
FNDA:0,(anonymous_15)
FNDA:0,(anonymous_16)
FNDA:0,(anonymous_17)
FNDA:0,(anonymous_18)
DA:3,0
DA:4,0
DA:9,0
DA:10,0
DA:12,0
DA:13,0
DA:17,0
DA:18,0
DA:19,0
DA:22,0
DA:29,0
DA:30,0
DA:31,0
DA:35,0
DA:36,0
DA:39,0
DA:45,0
DA:47,0
DA:48,0
DA:54,0
DA:56,0
LF:21
LH:0
BRDA:35,0,0,0
BRDA:47,1,0,0
BRDA:47,1,1,0
BRF:3
BRH:0
end_of_record
TN:
SF:services/alcis/inventory/inventoryAdjust.service.ts
FN:20,(anonymous_15)
FN:31,(anonymous_16)
FN:31,(anonymous_17)
FN:38,(anonymous_18)
FN:108,(anonymous_20)
FNF:5
FNH:0
FNDA:0,(anonymous_15)
FNDA:0,(anonymous_16)
FNDA:0,(anonymous_17)
FNDA:0,(anonymous_18)
FNDA:0,(anonymous_20)
DA:3,0
DA:4,0
DA:9,0
DA:10,0
DA:12,0
DA:14,0
DA:15,0
DA:19,0
DA:20,0
DA:21,0
DA:24,0
DA:25,0
DA:26,0
DA:28,0
DA:31,0
DA:38,0
DA:39,0
DA:43,0
DA:45,0
DA:54,0
DA:55,0
DA:67,0
DA:68,0
DA:71,0
DA:73,0
DA:82,0
DA:83,0
DA:85,0
DA:87,0
DA:96,0
DA:97,0
DA:98,0
DA:108,0
DA:109,0
DA:113,0
DA:115,0
DA:124,0
DA:125,0
DA:132,0
DA:133,0
DA:136,0
DA:138,0
DA:147,0
DA:148,0
DA:150,0
DA:152,0
DA:161,0
DA:163,0
DA:164,0
LF:49
LH:0
BRDA:67,0,0,0
BRDA:85,1,0,0
BRDA:85,1,1,0
BRDA:85,1,2,0
BRDA:85,2,0,0
BRDA:85,2,1,0
BRDA:85,3,0,0
BRDA:85,3,1,0
BRDA:85,4,0,0
BRDA:85,4,1,0
BRDA:85,5,0,0
BRDA:85,5,1,0
BRDA:132,6,0,0
BRDA:150,7,0,0
BRDA:150,7,1,0
BRDA:150,7,2,0
BRDA:150,8,0,0
BRDA:150,8,1,0
BRDA:150,9,0,0
BRDA:150,9,1,0
BRDA:150,10,0,0
BRDA:150,10,1,0
BRDA:150,11,0,0
BRDA:150,11,1,0
BRF:24
BRH:0
end_of_record
TN:
SF:services/alcis/invoice/orderInvoice.service.ts
FN:20,(anonymous_15)
FN:31,(anonymous_16)
FN:31,(anonymous_17)
FN:38,(anonymous_18)
FNF:4
FNH:0
FNDA:0,(anonymous_15)
FNDA:0,(anonymous_16)
FNDA:0,(anonymous_17)
FNDA:0,(anonymous_18)
DA:3,0
DA:4,0
DA:9,0
DA:10,0
DA:12,0
DA:14,0
DA:15,0
DA:19,0
DA:20,0
DA:21,0
DA:24,0
DA:25,0
DA:26,0
DA:28,0
DA:31,0
DA:38,0
DA:39,0
DA:43,0
DA:45,0
DA:54,0
DA:55,0
DA:62,0
DA:63,0
DA:66,0
DA:68,0
DA:77,0
DA:78,0
DA:80,0
DA:82,0
DA:91,0
DA:93,0
DA:94,0
LF:32
LH:0
BRDA:62,0,0,0
BRDA:80,1,0,0
BRDA:80,1,1,0
BRDA:80,1,2,0
BRDA:80,2,0,0
BRDA:80,2,1,0
BRDA:80,3,0,0
BRDA:80,3,1,0
BRDA:80,4,0,0
BRDA:80,4,1,0
BRDA:80,5,0,0
BRDA:80,5,1,0
BRF:12
BRH:0
end_of_record
TN:
SF:services/alcis/order/order.service.ts
FN:20,(anonymous_15)
FN:36,(anonymous_16)
FNF:2
FNH:0
FNDA:0,(anonymous_15)
FNDA:0,(anonymous_16)
DA:3,0
DA:4,0
DA:9,0
DA:10,0
DA:12,0
DA:14,0
DA:15,0
DA:19,0
DA:20,0
DA:21,0
DA:24,0
DA:25,0
DA:26,0
DA:28,0
DA:36,0
DA:37,0
DA:41,0
DA:43,0
DA:52,0
DA:53,0
DA:60,0
DA:61,0
DA:64,0
DA:66,0
DA:75,0
DA:76,0
DA:78,0
DA:80,0
DA:89,0
DA:91,0
DA:92,0
LF:31
LH:0
BRDA:60,0,0,0
BRDA:78,1,0,0
BRDA:78,1,1,0
BRDA:78,1,2,0
BRDA:78,2,0,0
BRDA:78,2,1,0
BRDA:78,3,0,0
BRDA:78,3,1,0
BRDA:78,4,0,0
BRDA:78,4,1,0
BRDA:78,5,0,0
BRDA:78,5,1,0
BRF:12
BRH:0
end_of_record
TN:
SF:services/alcis/order/orderCancellation.service.ts
FN:20,(anonymous_15)
FN:31,(anonymous_16)
FN:31,(anonymous_17)
FN:38,(anonymous_18)
FN:109,(anonymous_20)
FNF:5
FNH:0
FNDA:0,(anonymous_15)
FNDA:0,(anonymous_16)
FNDA:0,(anonymous_17)
FNDA:0,(anonymous_18)
FNDA:0,(anonymous_20)
DA:3,0
DA:4,0
DA:9,0
DA:10,0
DA:12,0
DA:14,0
DA:15,0
DA:19,0
DA:20,0
DA:21,0
DA:24,0
DA:25,0
DA:26,0
DA:28,0
DA:31,0
DA:38,0
DA:39,0
DA:43,0
DA:45,0
DA:54,0
DA:55,0
DA:67,0
DA:68,0
DA:71,0
DA:73,0
DA:82,0
DA:83,0
DA:85,0
DA:87,0
DA:96,0
DA:98,0
DA:99,0
DA:109,0
DA:110,0
DA:114,0
DA:116,0
DA:125,0
DA:126,0
DA:133,0
DA:134,0
DA:137,0
DA:139,0
DA:148,0
DA:149,0
DA:151,0
DA:153,0
DA:162,0
DA:164,0
DA:165,0
LF:49
LH:0
BRDA:67,0,0,0
BRDA:85,1,0,0
BRDA:85,1,1,0
BRDA:85,1,2,0
BRDA:85,2,0,0
BRDA:85,2,1,0
BRDA:85,3,0,0
BRDA:85,3,1,0
BRDA:85,4,0,0
BRDA:85,4,1,0
BRDA:85,5,0,0
BRDA:85,5,1,0
BRDA:133,6,0,0
BRDA:151,7,0,0
BRDA:151,7,1,0
BRDA:151,7,2,0
BRDA:151,8,0,0
BRDA:151,8,1,0
BRDA:151,9,0,0
BRDA:151,9,1,0
BRDA:151,10,0,0
BRDA:151,10,1,0
BRDA:151,11,0,0
BRDA:151,11,1,0
BRF:24
BRH:0
end_of_record
TN:
SF:services/alcis/order/orderCancellationRequest.service.ts
FN:20,(anonymous_15)
FN:38,(anonymous_16)
FNF:2
FNH:0
FNDA:0,(anonymous_15)
FNDA:0,(anonymous_16)
DA:3,0
DA:4,0
DA:9,0
DA:10,0
DA:12,0
DA:14,0
DA:15,0
DA:19,0
DA:20,0
DA:21,0
DA:24,0
DA:25,0
DA:26,0
DA:28,0
DA:38,0
DA:39,0
DA:43,0
DA:45,0
DA:54,0
DA:55,0
DA:62,0
DA:63,0
DA:66,0
DA:68,0
DA:77,0
DA:80,0
DA:82,0
DA:84,0
DA:93,0
DA:95,0
DA:98,0
LF:31
LH:0
BRDA:62,0,0,0
BRDA:82,1,0,0
BRDA:82,1,1,0
BRDA:82,1,2,0
BRDA:82,2,0,0
BRDA:82,2,1,0
BRDA:82,3,0,0
BRDA:82,3,1,0
BRDA:82,4,0,0
BRDA:82,4,1,0
BRDA:82,5,0,0
BRDA:82,5,1,0
BRF:12
BRH:0
end_of_record
TN:
SF:services/alcis/order/orderConfirmation.service.ts
FN:20,(anonymous_13)
FN:34,(anonymous_14)
FN:45,(anonymous_16)
FN:56,(anonymous_18)
FN:75,(anonymous_20)
FN:134,(anonymous_22)
FN:213,(anonymous_24)
FNF:7
FNH:0
FNDA:0,(anonymous_13)
FNDA:0,(anonymous_14)
FNDA:0,(anonymous_16)
FNDA:0,(anonymous_18)
FNDA:0,(anonymous_20)
FNDA:0,(anonymous_22)
FNDA:0,(anonymous_24)
DA:3,0
DA:4,0
DA:10,0
DA:11,0
DA:14,0
DA:17,0
DA:19,0
DA:20,0
DA:21,0
DA:23,0
DA:35,0
DA:46,0
DA:57,0
DA:64,0
DA:65,0
DA:66,0
DA:69,0
DA:72,0
DA:76,0
DA:81,0
DA:83,0
DA:92,0
DA:94,0
DA:96,0
DA:104,0
DA:106,0
DA:107,0
DA:109,0
DA:114,0
DA:126,0
DA:128,0
DA:135,0
DA:139,0
DA:141,0
DA:150,0
DA:151,0
DA:163,0
DA:164,0
DA:177,0
DA:180,0
DA:182,0
DA:183,0
DA:185,0
DA:195,0
DA:196,0
DA:198,0
DA:207,0
DA:214,0
DA:219,0
DA:221,0
DA:230,0
DA:231,0
DA:243,0
DA:244,0
DA:257,0
DA:260,0
DA:264,0
DA:268,0
DA:270,0
DA:280,0
DA:283,0
DA:285,0
DA:294,0
DA:298,0
LF:64
LH:0
BRDA:106,0,0,0
BRDA:106,0,1,0
BRDA:163,1,0,0
BRDA:166,2,0,0
BRDA:166,2,1,0
BRDA:166,3,0,0
BRDA:166,3,1,0
BRDA:166,4,0,0
BRDA:166,4,1,0
BRDA:171,5,0,0
BRDA:171,5,1,0
BRDA:182,6,0,0
BRDA:182,6,1,0
BRDA:182,7,0,0
BRDA:182,7,1,0
BRDA:182,8,0,0
BRDA:182,8,1,0
BRDA:188,9,0,0
BRDA:188,9,1,0
BRDA:188,10,0,0
BRDA:188,10,1,0
BRDA:188,11,0,0
BRDA:188,11,1,0
BRDA:189,12,0,0
BRDA:189,12,1,0
BRDA:189,13,0,0
BRDA:189,13,1,0
BRDA:196,14,0,0
BRDA:196,14,1,0
BRDA:196,14,2,0
BRDA:196,15,0,0
BRDA:196,15,1,0
BRDA:196,16,0,0
BRDA:196,16,1,0
BRDA:196,17,0,0
BRDA:196,17,1,0
BRDA:196,18,0,0
BRDA:196,18,1,0
BRDA:243,19,0,0
BRDA:246,20,0,0
BRDA:246,20,1,0
BRDA:246,21,0,0
BRDA:246,21,1,0
BRDA:246,22,0,0
BRDA:246,22,1,0
BRDA:251,23,0,0
BRDA:251,23,1,0
BRDA:264,24,0,0
BRDA:264,24,1,0
BRDA:265,25,0,0
BRDA:265,25,1,0
BRDA:265,26,0,0
BRDA:265,26,1,0
BRDA:265,27,0,0
BRDA:265,27,1,0
BRDA:266,28,0,0
BRDA:266,28,1,0
BRDA:266,29,0,0
BRDA:266,29,1,0
BRDA:273,30,0,0
BRDA:273,30,1,0
BRDA:273,31,0,0
BRDA:273,31,1,0
BRDA:273,32,0,0
BRDA:273,32,1,0
BRDA:274,33,0,0
BRDA:274,33,1,0
BRDA:274,34,0,0
BRDA:274,34,1,0
BRDA:283,35,0,0
BRDA:283,35,1,0
BRDA:283,35,2,0
BRDA:283,36,0,0
BRDA:283,36,1,0
BRDA:283,37,0,0
BRDA:283,37,1,0
BRDA:283,38,0,0
BRDA:283,38,1,0
BRDA:283,39,0,0
BRDA:283,39,1,0
BRF:80
BRH:0
end_of_record
TN:
SF:services/alcis/order/orderConfirmationCron.service.ts
FN:19,(anonymous_9)
FN:24,(anonymous_10)
FN:24,(anonymous_11)
FN:43,(anonymous_12)
FNF:4
FNH:0
FNDA:0,(anonymous_9)
FNDA:0,(anonymous_10)
FNDA:0,(anonymous_11)
FNDA:0,(anonymous_12)
DA:1,0
DA:3,0
DA:4,0
DA:5,0
DA:6,0
DA:7,0
DA:9,0
DA:13,0
DA:14,0
DA:15,0
DA:16,0
DA:17,0
DA:19,0
DA:20,0
DA:22,0
DA:24,0
DA:25,0
DA:26,0
DA:28,0
DA:33,0
DA:34,0
DA:43,0
DA:44,0
DA:45,0
DA:54,0
DA:58,0
LF:26
LH:0
BRDA:33,0,0,0
BRF:1
BRH:0
end_of_record
TN:
SF:services/alcis/order/orderDispatch.service.ts
FN:20,(anonymous_15)
FN:31,(anonymous_16)
FN:31,(anonymous_17)
FN:38,(anonymous_18)
FN:109,(anonymous_20)
FNF:5
FNH:0
FNDA:0,(anonymous_15)
FNDA:0,(anonymous_16)
FNDA:0,(anonymous_17)
FNDA:0,(anonymous_18)
FNDA:0,(anonymous_20)
DA:3,0
DA:4,0
DA:9,0
DA:10,0
DA:12,0
DA:14,0
DA:15,0
DA:19,0
DA:20,0
DA:21,0
DA:24,0
DA:25,0
DA:26,0
DA:28,0
DA:31,0
DA:38,0
DA:39,0
DA:43,0
DA:45,0
DA:54,0
DA:55,0
DA:67,0
DA:68,0
DA:71,0
DA:73,0
DA:82,0
DA:83,0
DA:85,0
DA:87,0
DA:96,0
DA:98,0
DA:99,0
DA:109,0
DA:110,0
DA:114,0
DA:116,0
DA:125,0
DA:126,0
DA:133,0
DA:134,0
DA:137,0
DA:139,0
DA:148,0
DA:149,0
DA:151,0
DA:153,0
DA:162,0
DA:164,0
DA:165,0
LF:49
LH:0
BRDA:67,0,0,0
BRDA:85,1,0,0
BRDA:85,1,1,0
BRDA:85,1,2,0
BRDA:85,2,0,0
BRDA:85,2,1,0
BRDA:85,3,0,0
BRDA:85,3,1,0
BRDA:85,4,0,0
BRDA:85,4,1,0
BRDA:85,5,0,0
BRDA:85,5,1,0
BRDA:133,6,0,0
BRDA:151,7,0,0
BRDA:151,7,1,0
BRDA:151,7,2,0
BRDA:151,8,0,0
BRDA:151,8,1,0
BRDA:151,9,0,0
BRDA:151,9,1,0
BRDA:151,10,0,0
BRDA:151,10,1,0
BRDA:151,11,0,0
BRDA:151,11,1,0
BRF:24
BRH:0
end_of_record
TN:
SF:services/alcis/order/orderStatus.service.ts
FN:20,(anonymous_15)
FN:31,(anonymous_16)
FN:31,(anonymous_17)
FN:38,(anonymous_18)
FNF:4
FNH:0
FNDA:0,(anonymous_15)
FNDA:0,(anonymous_16)
FNDA:0,(anonymous_17)
FNDA:0,(anonymous_18)
DA:3,0
DA:4,0
DA:9,0
DA:10,0
DA:12,0
DA:14,0
DA:15,0
DA:19,0
DA:20,0
DA:21,0
DA:24,0
DA:25,0
DA:26,0
DA:28,0
DA:31,0
DA:38,0
DA:39,0
DA:43,0
DA:45,0
DA:54,0
DA:55,0
DA:62,0
DA:63,0
DA:66,0
DA:68,0
DA:77,0
DA:78,0
DA:80,0
DA:82,0
DA:91,0
DA:93,0
DA:94,0
LF:32
LH:0
BRDA:62,0,0,0
BRDA:80,1,0,0
BRDA:80,1,1,0
BRDA:80,1,2,0
BRDA:80,2,0,0
BRDA:80,2,1,0
BRDA:80,3,0,0
BRDA:80,3,1,0
BRDA:80,4,0,0
BRDA:80,4,1,0
BRDA:80,5,0,0
BRDA:80,5,1,0
BRF:12
BRH:0
end_of_record
TN:
SF:services/alcis/order/orderViveo.service.ts
FN:20,(anonymous_15)
FN:37,(anonymous_16)
FNF:2
FNH:0
FNDA:0,(anonymous_15)
FNDA:0,(anonymous_16)
DA:3,0
DA:4,0
DA:9,0
DA:10,0
DA:12,0
DA:14,0
DA:15,0
DA:19,0
DA:20,0
DA:21,0
DA:24,0
DA:25,0
DA:26,0
DA:28,0
DA:37,0
DA:38,0
DA:42,0
DA:44,0
DA:53,0
DA:54,0
DA:61,0
DA:62,0
DA:65,0
DA:67,0
DA:76,0
DA:77,0
DA:79,0
DA:81,0
DA:90,0
DA:92,0
DA:93,0
LF:31
LH:0
BRDA:61,0,0,0
BRDA:79,1,0,0
BRDA:79,1,1,0
BRDA:79,1,2,0
BRDA:79,2,0,0
BRDA:79,2,1,0
BRDA:79,3,0,0
BRDA:79,3,1,0
BRDA:79,4,0,0
BRDA:79,4,1,0
BRDA:79,5,0,0
BRDA:79,5,1,0
BRF:12
BRH:0
end_of_record
TN:
SF:services/alcis/product/product.service.ts
FN:20,(anonymous_15)
FN:31,(anonymous_16)
FN:31,(anonymous_17)
FN:38,(anonymous_18)
FN:110,(anonymous_20)
FN:179,(anonymous_22)
FNF:6
FNH:0
FNDA:0,(anonymous_15)
FNDA:0,(anonymous_16)
FNDA:0,(anonymous_17)
FNDA:0,(anonymous_18)
FNDA:0,(anonymous_20)
FNDA:0,(anonymous_22)
DA:3,0
DA:4,0
DA:9,0
DA:10,0
DA:12,0
DA:14,0
DA:15,0
DA:19,0
DA:20,0
DA:21,0
DA:24,0
DA:25,0
DA:26,0
DA:28,0
DA:31,0
DA:38,0
DA:39,0
DA:43,0
DA:44,0
DA:46,0
DA:55,0
DA:56,0
DA:68,0
DA:69,0
DA:72,0
DA:74,0
DA:83,0
DA:84,0
DA:86,0
DA:88,0
DA:97,0
DA:99,0
DA:100,0
DA:110,0
DA:111,0
DA:115,0
DA:116,0
DA:118,0
DA:127,0
DA:128,0
DA:137,0
DA:138,0
DA:141,0
DA:143,0
DA:152,0
DA:153,0
DA:155,0
DA:157,0
DA:166,0
DA:168,0
DA:169,0
DA:179,0
DA:180,0
DA:184,0
DA:186,0
DA:195,0
DA:196,0
DA:205,0
DA:206,0
DA:209,0
DA:211,0
DA:220,0
DA:221,0
DA:223,0
DA:225,0
DA:234,0
DA:236,0
DA:237,0
LF:68
LH:0
BRDA:44,0,0,0
BRDA:44,0,1,0
BRDA:44,1,0,0
BRDA:44,1,1,0
BRDA:68,2,0,0
BRDA:86,3,0,0
BRDA:86,3,1,0
BRDA:86,3,2,0
BRDA:86,4,0,0
BRDA:86,4,1,0
BRDA:86,5,0,0
BRDA:86,5,1,0
BRDA:86,6,0,0
BRDA:86,6,1,0
BRDA:86,7,0,0
BRDA:86,7,1,0
BRDA:137,8,0,0
BRDA:155,9,0,0
BRDA:155,9,1,0
BRDA:155,9,2,0
BRDA:155,10,0,0
BRDA:155,10,1,0
BRDA:155,11,0,0
BRDA:155,11,1,0
BRDA:155,12,0,0
BRDA:155,12,1,0
BRDA:155,13,0,0
BRDA:155,13,1,0
BRDA:205,14,0,0
BRDA:223,15,0,0
BRDA:223,15,1,0
BRDA:223,15,2,0
BRDA:223,16,0,0
BRDA:223,16,1,0
BRDA:223,17,0,0
BRDA:223,17,1,0
BRDA:223,18,0,0
BRDA:223,18,1,0
BRDA:223,19,0,0
BRDA:223,19,1,0
BRF:40
BRH:0
end_of_record
TN:
SF:services/alcis/provider/provider.service.ts
FN:20,(anonymous_15)
FN:31,(anonymous_16)
FN:31,(anonymous_17)
FN:38,(anonymous_18)
FN:109,(anonymous_20)
FN:175,(anonymous_22)
FNF:6
FNH:0
FNDA:0,(anonymous_15)
FNDA:0,(anonymous_16)
FNDA:0,(anonymous_17)
FNDA:0,(anonymous_18)
FNDA:0,(anonymous_20)
FNDA:0,(anonymous_22)
DA:3,0
DA:4,0
DA:9,0
DA:10,0
DA:12,0
DA:14,0
DA:15,0
DA:19,0
DA:20,0
DA:21,0
DA:24,0
DA:25,0
DA:26,0
DA:28,0
DA:31,0
DA:38,0
DA:39,0
DA:43,0
DA:45,0
DA:54,0
DA:55,0
DA:67,0
DA:68,0
DA:71,0
DA:73,0
DA:82,0
DA:83,0
DA:85,0
DA:87,0
DA:96,0
DA:98,0
DA:99,0
DA:109,0
DA:110,0
DA:114,0
DA:116,0
DA:125,0
DA:126,0
DA:133,0
DA:134,0
DA:137,0
DA:139,0
DA:148,0
DA:149,0
DA:151,0
DA:153,0
DA:162,0
DA:164,0
DA:165,0
DA:175,0
DA:176,0
DA:180,0
DA:182,0
DA:191,0
DA:192,0
DA:199,0
DA:200,0
DA:203,0
DA:205,0
DA:214,0
DA:215,0
DA:217,0
DA:219,0
DA:228,0
DA:230,0
DA:231,0
LF:66
LH:0
BRDA:67,0,0,0
BRDA:85,1,0,0
BRDA:85,1,1,0
BRDA:85,1,2,0
BRDA:85,2,0,0
BRDA:85,2,1,0
BRDA:85,3,0,0
BRDA:85,3,1,0
BRDA:85,4,0,0
BRDA:85,4,1,0
BRDA:85,5,0,0
BRDA:85,5,1,0
BRDA:133,6,0,0
BRDA:151,7,0,0
BRDA:151,7,1,0
BRDA:151,7,2,0
BRDA:151,8,0,0
BRDA:151,8,1,0
BRDA:151,9,0,0
BRDA:151,9,1,0
BRDA:151,10,0,0
BRDA:151,10,1,0
BRDA:151,11,0,0
BRDA:151,11,1,0
BRDA:199,12,0,0
BRDA:217,13,0,0
BRDA:217,13,1,0
BRDA:217,13,2,0
BRDA:217,14,0,0
BRDA:217,14,1,0
BRDA:217,15,0,0
BRDA:217,15,1,0
BRDA:217,16,0,0
BRDA:217,16,1,0
BRDA:217,17,0,0
BRDA:217,17,1,0
BRF:36
BRH:0
end_of_record
TN:
SF:services/alcis/receipt/receiptCancellation.service.ts
FN:20,(anonymous_15)
FN:37,(anonymous_16)
FNF:2
FNH:0
FNDA:0,(anonymous_15)
FNDA:0,(anonymous_16)
DA:3,0
DA:4,0
DA:9,0
DA:10,0
DA:12,0
DA:14,0
DA:15,0
DA:19,0
DA:20,0
DA:21,0
DA:24,0
DA:25,0
DA:26,0
DA:28,0
DA:37,0
DA:38,0
DA:42,0
DA:44,0
DA:53,0
DA:54,0
DA:61,0
DA:62,0
DA:65,0
DA:67,0
DA:76,0
DA:77,0
DA:79,0
DA:81,0
DA:90,0
DA:92,0
DA:93,0
LF:31
LH:0
BRDA:61,0,0,0
BRDA:79,1,0,0
BRDA:79,1,1,0
BRDA:79,1,2,0
BRDA:79,2,0,0
BRDA:79,2,1,0
BRDA:79,3,0,0
BRDA:79,3,1,0
BRDA:79,4,0,0
BRDA:79,4,1,0
BRDA:79,5,0,0
BRDA:79,5,1,0
BRF:12
BRH:0
end_of_record
TN:
SF:services/alcis/receipt/receiptReceivedConfirmation.service.ts
FN:35,(anonymous_15)
FN:46,(anonymous_17)
FN:51,(anonymous_18)
FN:51,(anonymous_19)
FN:70,(anonymous_20)
FN:70,(anonymous_21)
FN:77,(anonymous_22)
FN:155,(anonymous_24)
FN:226,(anonymous_26)
FN:373,(anonymous_28)
FNF:10
FNH:0
FNDA:0,(anonymous_15)
FNDA:0,(anonymous_17)
FNDA:0,(anonymous_18)
FNDA:0,(anonymous_19)
FNDA:0,(anonymous_20)
FNDA:0,(anonymous_21)
FNDA:0,(anonymous_22)
FNDA:0,(anonymous_24)
FNDA:0,(anonymous_26)
FNDA:0,(anonymous_28)
DA:3,0
DA:4,0
DA:10,0
DA:11,0
DA:17,0
DA:18,0
DA:19,0
DA:20,0
DA:21,0
DA:22,0
DA:24,0
DA:25,0
DA:29,0
DA:31,0
DA:32,0
DA:33,0
DA:36,0
DA:37,0
DA:39,0
DA:40,0
DA:41,0
DA:46,0
DA:47,0
DA:49,0
DA:51,0
DA:52,0
DA:53,0
DA:58,0
DA:63,0
DA:66,0
DA:70,0
DA:77,0
DA:78,0
DA:82,0
DA:84,0
DA:93,0
DA:95,0
DA:107,0
DA:108,0
DA:111,0
DA:114,0
DA:123,0
DA:127,0
DA:129,0
DA:131,0
DA:140,0
DA:142,0
DA:145,0
DA:155,0
DA:156,0
DA:160,0
DA:162,0
DA:171,0
DA:172,0
DA:179,0
DA:180,0
DA:183,0
DA:185,0
DA:194,0
DA:198,0
DA:200,0
DA:202,0
DA:211,0
DA:213,0
DA:216,0
DA:226,0
DA:227,0
DA:233,0
DA:234,0
DA:236,0
DA:246,0
DA:247,0
DA:249,0
DA:251,0
DA:253,0
DA:262,0
DA:263,0
DA:265,0
DA:273,0
DA:284,0
DA:286,0
DA:293,0
DA:294,0
DA:298,0
DA:302,0
DA:307,0
DA:315,0
DA:317,0
DA:326,0
DA:327,0
DA:330,0
DA:331,0
DA:332,0
DA:334,0
DA:346,0
DA:348,0
DA:350,0
DA:352,0
DA:361,0
DA:363,0
DA:364,0
DA:373,0
DA:374,0
DA:375,0
DA:384,0
DA:388,0
LF:106
LH:0
BRDA:36,0,0,0
BRDA:40,1,0,0
BRDA:107,2,0,0
BRDA:129,3,0,0
BRDA:129,3,1,0
BRDA:129,3,2,0
BRDA:129,4,0,0
BRDA:129,4,1,0
BRDA:129,5,0,0
BRDA:129,5,1,0
BRDA:129,6,0,0
BRDA:129,6,1,0
BRDA:129,7,0,0
BRDA:129,7,1,0
BRDA:179,8,0,0
BRDA:200,9,0,0
BRDA:200,9,1,0
BRDA:200,9,2,0
BRDA:200,10,0,0
BRDA:200,10,1,0
BRDA:200,11,0,0
BRDA:200,11,1,0
BRDA:200,12,0,0
BRDA:200,12,1,0
BRDA:200,13,0,0
BRDA:200,13,1,0
BRDA:246,14,0,0
BRDA:246,14,1,0
BRDA:262,15,0,0
BRDA:262,15,1,0
BRDA:294,16,0,0
BRDA:294,16,1,0
BRDA:326,17,0,0
BRDA:330,18,0,0
BRDA:332,19,0,0
BRDA:332,19,1,0
BRDA:332,20,0,0
BRDA:332,20,1,0
BRDA:332,21,0,0
BRDA:332,21,1,0
BRDA:336,22,0,0
BRDA:336,22,1,0
BRDA:336,23,0,0
BRDA:336,23,1,0
BRDA:336,24,0,0
BRDA:336,24,1,0
BRDA:341,25,0,0
BRDA:341,25,1,0
BRDA:350,26,0,0
BRDA:350,26,1,0
BRDA:350,26,2,0
BRDA:350,27,0,0
BRDA:350,27,1,0
BRDA:350,28,0,0
BRDA:350,28,1,0
BRDA:350,29,0,0
BRDA:350,29,1,0
BRDA:350,30,0,0
BRDA:350,30,1,0
BRF:59
BRH:0
end_of_record
TN:
SF:services/alcis/receipt/receiveReceipt.service.ts
FN:20,(anonymous_15)
FN:37,(anonymous_16)
FNF:2
FNH:0
FNDA:0,(anonymous_15)
FNDA:0,(anonymous_16)
DA:3,0
DA:4,0
DA:9,0
DA:10,0
DA:12,0
DA:14,0
DA:15,0
DA:19,0
DA:20,0
DA:21,0
DA:24,0
DA:25,0
DA:26,0
DA:28,0
DA:37,0
DA:38,0
DA:42,0
DA:44,0
DA:53,0
DA:54,0
DA:61,0
DA:62,0
DA:65,0
DA:67,0
DA:76,0
DA:77,0
DA:79,0
DA:81,0
DA:90,0
DA:92,0
DA:93,0
LF:31
LH:0
BRDA:61,0,0,0
BRDA:79,1,0,0
BRDA:79,1,1,0
BRDA:79,1,2,0
BRDA:79,2,0,0
BRDA:79,2,1,0
BRDA:79,3,0,0
BRDA:79,3,1,0
BRDA:79,4,0,0
BRDA:79,4,1,0
BRDA:79,5,0,0
BRDA:79,5,1,0
BRF:12
BRH:0
end_of_record
TN:
SF:services/alcis/reservationConfirmation/reservationConfirmation.service.ts
FN:33,(anonymous_15)
FN:38,(anonymous_16)
FN:38,(anonymous_17)
FN:54,(anonymous_18)
FN:71,(anonymous_20)
FN:145,(anonymous_22)
FN:208,(anonymous_24)
FNF:7
FNH:0
FNDA:0,(anonymous_15)
FNDA:0,(anonymous_16)
FNDA:0,(anonymous_17)
FNDA:0,(anonymous_18)
FNDA:0,(anonymous_20)
FNDA:0,(anonymous_22)
FNDA:0,(anonymous_24)
DA:3,0
DA:4,0
DA:10,0
DA:11,0
DA:16,0
DA:17,0
DA:18,0
DA:19,0
DA:20,0
DA:22,0
DA:23,0
DA:27,0
DA:29,0
DA:30,0
DA:31,0
DA:33,0
DA:34,0
DA:36,0
DA:38,0
DA:39,0
DA:40,0
DA:42,0
DA:47,0
DA:50,0
DA:55,0
DA:56,0
DA:58,0
DA:59,0
DA:60,0
DA:71,0
DA:72,0
DA:76,0
DA:78,0
DA:87,0
DA:89,0
DA:101,0
DA:102,0
DA:105,0
DA:108,0
DA:117,0
DA:119,0
DA:121,0
DA:123,0
DA:132,0
DA:134,0
DA:135,0
DA:145,0
DA:146,0
DA:151,0
DA:153,0
DA:162,0
DA:164,0
DA:166,0
DA:168,0
DA:177,0
DA:178,0
DA:180,0
DA:185,0
DA:196,0
DA:198,0
DA:208,0
DA:209,0
DA:210,0
DA:219,0
DA:223,0
LF:65
LH:0
BRDA:55,0,0,0
BRDA:59,1,0,0
BRDA:101,2,0,0
BRDA:114,3,0,0
BRDA:114,3,1,0
BRDA:121,4,0,0
BRDA:121,4,1,0
BRDA:121,4,2,0
BRDA:121,5,0,0
BRDA:121,5,1,0
BRDA:121,6,0,0
BRDA:121,6,1,0
BRDA:121,7,0,0
BRDA:121,7,1,0
BRDA:121,8,0,0
BRDA:121,8,1,0
BRDA:177,9,0,0
BRDA:177,9,1,0
BRF:18
BRH:0
end_of_record
TN:
SF:services/alcis/shippingCompany/shippingCompany.service.ts
FN:20,(anonymous_15)
FN:31,(anonymous_16)
FN:31,(anonymous_17)
FN:38,(anonymous_18)
FN:109,(anonymous_20)
FN:175,(anonymous_22)
FNF:6
FNH:0
FNDA:0,(anonymous_15)
FNDA:0,(anonymous_16)
FNDA:0,(anonymous_17)
FNDA:0,(anonymous_18)
FNDA:0,(anonymous_20)
FNDA:0,(anonymous_22)
DA:3,0
DA:4,0
DA:9,0
DA:10,0
DA:12,0
DA:14,0
DA:15,0
DA:19,0
DA:20,0
DA:21,0
DA:24,0
DA:25,0
DA:26,0
DA:28,0
DA:31,0
DA:38,0
DA:39,0
DA:43,0
DA:45,0
DA:54,0
DA:55,0
DA:67,0
DA:68,0
DA:71,0
DA:73,0
DA:82,0
DA:83,0
DA:85,0
DA:87,0
DA:96,0
DA:98,0
DA:99,0
DA:109,0
DA:110,0
DA:114,0
DA:116,0
DA:125,0
DA:126,0
DA:133,0
DA:134,0
DA:137,0
DA:139,0
DA:148,0
DA:149,0
DA:151,0
DA:153,0
DA:162,0
DA:164,0
DA:165,0
DA:175,0
DA:176,0
DA:180,0
DA:182,0
DA:191,0
DA:192,0
DA:199,0
DA:200,0
DA:203,0
DA:205,0
DA:214,0
DA:215,0
DA:217,0
DA:219,0
DA:228,0
DA:230,0
DA:231,0
LF:66
LH:0
BRDA:67,0,0,0
BRDA:85,1,0,0
BRDA:85,1,1,0
BRDA:85,1,2,0
BRDA:85,2,0,0
BRDA:85,2,1,0
BRDA:85,3,0,0
BRDA:85,3,1,0
BRDA:85,4,0,0
BRDA:85,4,1,0
BRDA:85,5,0,0
BRDA:85,5,1,0
BRDA:133,6,0,0
BRDA:151,7,0,0
BRDA:151,7,1,0
BRDA:151,7,2,0
BRDA:151,8,0,0
BRDA:151,8,1,0
BRDA:151,9,0,0
BRDA:151,9,1,0
BRDA:151,10,0,0
BRDA:151,10,1,0
BRDA:151,11,0,0
BRDA:151,11,1,0
BRDA:199,12,0,0
BRDA:217,13,0,0
BRDA:217,13,1,0
BRDA:217,13,2,0
BRDA:217,14,0,0
BRDA:217,14,1,0
BRDA:217,15,0,0
BRDA:217,15,1,0
BRDA:217,16,0,0
BRDA:217,16,1,0
BRDA:217,17,0,0
BRDA:217,17,1,0
BRF:36
BRH:0
end_of_record
TN:
SF:services/alcis/stock/stock.service.ts
FN:20,(anonymous_15)
FN:36,(anonymous_16)
FNF:2
FNH:0
FNDA:0,(anonymous_15)
FNDA:0,(anonymous_16)
DA:3,0
DA:4,0
DA:9,0
DA:10,0
DA:12,0
DA:14,0
DA:15,0
DA:19,0
DA:20,0
DA:21,0
DA:24,0
DA:25,0
DA:26,0
DA:28,0
DA:36,0
DA:37,0
DA:41,0
DA:43,0
DA:52,0
DA:53,0
DA:60,0
DA:61,0
DA:64,0
DA:66,0
DA:75,0
DA:76,0
DA:78,0
DA:80,0
DA:89,0
DA:91,0
DA:92,0
LF:31
LH:0
BRDA:60,0,0,0
BRDA:78,1,0,0
BRDA:78,1,1,0
BRDA:78,1,2,0
BRDA:78,2,0,0
BRDA:78,2,1,0
BRDA:78,3,0,0
BRDA:78,3,1,0
BRDA:78,4,0,0
BRDA:78,4,1,0
BRDA:78,5,0,0
BRDA:78,5,1,0
BRF:12
BRH:0
end_of_record
TN:
SF:services/alcis/stock/stockLockUnlock.service.ts
FN:20,(anonymous_15)
FN:31,(anonymous_16)
FN:31,(anonymous_17)
FN:38,(anonymous_18)
FN:109,(anonymous_20)
FNF:5
FNH:0
FNDA:0,(anonymous_15)
FNDA:0,(anonymous_16)
FNDA:0,(anonymous_17)
FNDA:0,(anonymous_18)
FNDA:0,(anonymous_20)
DA:3,0
DA:4,0
DA:9,0
DA:10,0
DA:12,0
DA:14,0
DA:15,0
DA:19,0
DA:20,0
DA:21,0
DA:24,0
DA:25,0
DA:26,0
DA:28,0
DA:31,0
DA:38,0
DA:39,0
DA:43,0
DA:45,0
DA:54,0
DA:55,0
DA:67,0
DA:68,0
DA:71,0
DA:73,0
DA:82,0
DA:83,0
DA:85,0
DA:87,0
DA:96,0
DA:98,0
DA:99,0
DA:109,0
DA:110,0
DA:114,0
DA:116,0
DA:125,0
DA:126,0
DA:133,0
DA:134,0
DA:137,0
DA:139,0
DA:148,0
DA:149,0
DA:151,0
DA:153,0
DA:162,0
DA:164,0
DA:165,0
LF:49
LH:0
BRDA:67,0,0,0
BRDA:85,1,0,0
BRDA:85,1,1,0
BRDA:85,1,2,0
BRDA:85,2,0,0
BRDA:85,2,1,0
BRDA:85,3,0,0
BRDA:85,3,1,0
BRDA:85,4,0,0
BRDA:85,4,1,0
BRDA:85,5,0,0
BRDA:85,5,1,0
BRDA:133,6,0,0
BRDA:151,7,0,0
BRDA:151,7,1,0
BRDA:151,7,2,0
BRDA:151,8,0,0
BRDA:151,8,1,0
BRDA:151,9,0,0
BRDA:151,9,1,0
BRDA:151,10,0,0
BRDA:151,10,1,0
BRDA:151,11,0,0
BRDA:151,11,1,0
BRF:24
BRH:0
end_of_record
TN:
SF:services/boxifarma/healthCheck/healthCheck.service.ts
FN:18,(anonymous_15)
FN:22,(anonymous_16)
FN:22,(anonymous_17)
FN:29,(anonymous_18)
FNF:4
FNH:0
FNDA:0,(anonymous_15)
FNDA:0,(anonymous_16)
FNDA:0,(anonymous_17)
FNDA:0,(anonymous_18)
DA:3,0
DA:4,0
DA:9,0
DA:10,0
DA:12,0
DA:13,0
DA:17,0
DA:18,0
DA:19,0
DA:22,0
DA:29,0
DA:30,0
DA:31,0
DA:41,0
DA:43,0
DA:44,0
DA:50,0
DA:52,0
DA:55,0
DA:56,0
DA:62,0
DA:64,0
LF:22
LH:0
BRDA:43,0,0,0
BRDA:43,0,1,0
BRDA:43,1,0,0
BRDA:43,1,1,0
BRDA:55,2,0,0
BRDA:55,2,1,0
BRF:6
BRH:0
end_of_record
TN:
SF:services/boxifarma/order/orderBoxifarma.service.ts
FN:25,(anonymous_9)
FN:43,(anonymous_10)
FN:50,(anonymous_12)
FNF:3
FNH:0
FNDA:0,(anonymous_9)
FNDA:0,(anonymous_10)
FNDA:0,(anonymous_12)
DA:2,0
DA:9,0
DA:11,0
DA:13,0
DA:17,0
DA:18,0
DA:19,0
DA:20,0
DA:21,0
DA:25,0
DA:26,0
DA:43,0
DA:44,0
DA:45,0
DA:50,0
DA:51,0
DA:58,0
DA:66,0
DA:68,0
DA:76,0
DA:77,0
LF:21
LH:0
BRF:0
BRH:0
end_of_record
TN:
SF:services/boxifarma/product/productBoxifarma.service.ts
FN:24,(anonymous_9)
FN:42,(anonymous_10)
FN:48,(anonymous_12)
FN:49,(anonymous_13)
FNF:4
FNH:0
FNDA:0,(anonymous_9)
FNDA:0,(anonymous_10)
FNDA:0,(anonymous_12)
FNDA:0,(anonymous_13)
DA:2,0
DA:9,0
DA:11,0
DA:12,0
DA:16,0
DA:18,0
DA:19,0
DA:20,0
DA:21,0
DA:24,0
DA:25,0
DA:42,0
DA:43,0
DA:44,0
DA:48,0
DA:49,0
DA:50,0
DA:57,0
DA:65,0
DA:67,0
DA:75,0
DA:76,0
LF:22
LH:0
BRF:0
BRH:0
end_of_record
TN:
SF:services/climba/attributes/attributes.service.ts
FN:20,(anonymous_15)
FN:28,(anonymous_16)
FN:28,(anonymous_17)
FN:33,(anonymous_18)
FNF:4
FNH:0
FNDA:0,(anonymous_15)
FNDA:0,(anonymous_16)
FNDA:0,(anonymous_17)
FNDA:0,(anonymous_18)
DA:2,0
DA:8,0
DA:9,0
DA:10,0
DA:11,0
DA:14,0
DA:15,0
DA:19,0
DA:20,0
DA:21,0
DA:24,0
DA:25,0
DA:26,0
DA:28,0
DA:33,0
DA:34,0
DA:37,0
DA:40,0
DA:48,0
DA:49,0
DA:57,0
DA:69,0
DA:70,0
DA:72,0
DA:73,0
DA:76,0
DA:87,0
DA:95,0
DA:99,0
LF:29
LH:0
BRDA:48,0,0,0
BRDA:48,0,1,0
BRDA:69,1,0,0
BRDA:69,1,1,0
BRF:4
BRH:0
end_of_record
TN:
SF:services/climba/brand/brand.service.ts
FN:20,(anonymous_15)
FN:28,(anonymous_16)
FN:28,(anonymous_17)
FN:33,(anonymous_18)
FNF:4
FNH:0
FNDA:0,(anonymous_15)
FNDA:0,(anonymous_16)
FNDA:0,(anonymous_17)
FNDA:0,(anonymous_18)
DA:2,0
DA:8,0
DA:9,0
DA:11,0
DA:12,0
DA:14,0
DA:15,0
DA:19,0
DA:20,0
DA:21,0
DA:24,0
DA:25,0
DA:26,0
DA:28,0
DA:33,0
DA:34,0
DA:37,0
DA:40,0
DA:42,0
DA:46,0
DA:52,0
DA:54,0
DA:55,0
DA:57,0
DA:66,0
DA:67,0
DA:69,0
DA:70,0
DA:72,0
DA:75,0
DA:86,0
DA:94,0
DA:98,0
LF:33
LH:0
BRDA:54,0,0,0
BRDA:54,0,1,0
BRDA:66,1,0,0
BRDA:66,1,1,0
BRDA:70,2,0,0
BRDA:70,2,1,0
BRDA:70,3,0,0
BRDA:70,3,1,0
BRDA:70,4,0,0
BRDA:70,4,1,0
BRDA:70,5,0,0
BRDA:70,5,1,0
BRF:12
BRH:0
end_of_record
TN:
SF:services/climba/category/category.service.ts
FN:20,(anonymous_15)
FN:32,(anonymous_16)
FNF:2
FNH:0
FNDA:0,(anonymous_15)
FNDA:0,(anonymous_16)
DA:2,0
DA:8,0
DA:9,0
DA:10,0
DA:11,0
DA:14,0
DA:15,0
DA:19,0
DA:20,0
DA:21,0
DA:24,0
DA:25,0
DA:26,0
DA:32,0
DA:33,0
DA:36,0
DA:39,0
DA:41,0
DA:45,0
DA:51,0
DA:53,0
DA:54,0
DA:56,0
DA:65,0
DA:66,0
DA:68,0
DA:69,0
DA:71,0
DA:74,0
DA:85,0
DA:93,0
LF:31
LH:0
BRDA:53,0,0,0
BRDA:53,0,1,0
BRDA:65,1,0,0
BRDA:65,1,1,0
BRDA:69,2,0,0
BRDA:69,2,1,0
BRDA:69,3,0,0
BRDA:69,3,1,0
BRDA:69,4,0,0
BRDA:69,4,1,0
BRDA:69,5,0,0
BRDA:69,5,1,0
BRF:12
BRH:0
end_of_record
TN:
SF:services/climba/healthCheck/healthCheck.service.ts
FN:18,(anonymous_15)
FN:28,(anonymous_16)
FNF:2
FNH:0
FNDA:0,(anonymous_15)
FNDA:0,(anonymous_16)
DA:3,0
DA:8,0
DA:9,0
DA:10,0
DA:12,0
DA:13,0
DA:17,0
DA:18,0
DA:19,0
DA:28,0
DA:29,0
DA:30,0
DA:38,0
DA:40,0
DA:41,0
DA:47,0
DA:49,0
DA:52,0
DA:53,0
DA:59,0
DA:61,0
LF:21
LH:0
BRDA:40,0,0,0
BRDA:40,0,1,0
BRDA:40,1,0,0
BRDA:40,1,1,0
BRDA:52,2,0,0
BRDA:52,2,1,0
BRF:6
BRH:0
end_of_record
TN:
SF:services/climba/invoice/invoice.service.ts
FN:22,(anonymous_15)
FN:34,(anonymous_16)
FNF:2
FNH:0
FNDA:0,(anonymous_15)
FNDA:0,(anonymous_16)
DA:2,0
DA:8,0
DA:9,0
DA:10,0
DA:11,0
DA:13,0
DA:14,0
DA:16,0
DA:17,0
DA:21,0
DA:22,0
DA:23,0
DA:26,0
DA:27,0
DA:28,0
DA:34,0
DA:35,0
DA:38,0
DA:39,0
DA:43,0
DA:50,0
DA:52,0
DA:55,0
DA:60,0
DA:61,0
DA:69,0
DA:70,0
DA:71,0
DA:76,0
DA:81,0
DA:86,0
DA:97,0
DA:105,0
DA:109,0
LF:34
LH:0
BRDA:60,0,0,0
BRDA:60,0,1,0
BRDA:69,1,0,0
BRDA:70,2,0,0
BRF:4
BRH:0
end_of_record
TN:
SF:services/climba/order/orderRequest.service.ts
FN:29,(anonymous_16)
FN:34,(anonymous_17)
FN:34,(anonymous_18)
FN:57,(anonymous_19)
FN:150,(anonymous_21)
FN:176,(anonymous_23)
FN:230,(anonymous_25)
FNF:7
FNH:0
FNDA:0,(anonymous_16)
FNDA:0,(anonymous_17)
FNDA:0,(anonymous_18)
FNDA:0,(anonymous_19)
FNDA:0,(anonymous_21)
FNDA:0,(anonymous_23)
FNDA:0,(anonymous_25)
DA:2,0
DA:8,0
DA:9,0
DA:10,0
DA:11,0
DA:12,0
DA:17,0
DA:18,0
DA:19,0
DA:21,0
DA:23,0
DA:24,0
DA:28,0
DA:29,0
DA:30,0
DA:32,0
DA:34,0
DA:35,0
DA:36,0
DA:41,0
DA:46,0
DA:49,0
DA:50,0
DA:51,0
DA:57,0
DA:58,0
DA:59,0
DA:62,0
DA:63,0
DA:65,0
DA:72,0
DA:74,0
DA:75,0
DA:76,0
DA:80,0
DA:81,0
DA:102,0
DA:103,0
DA:104,0
DA:105,0
DA:106,0
DA:108,0
DA:116,0
DA:125,0
DA:128,0
DA:136,0
DA:150,0
DA:151,0
DA:152,0
DA:153,0
DA:155,0
DA:156,0
DA:160,0
DA:165,0
DA:176,0
DA:177,0
DA:180,0
DA:181,0
DA:185,0
DA:192,0
DA:193,0
DA:194,0
DA:196,0
DA:202,0
DA:211,0
DA:219,0
DA:230,0
DA:231,0
DA:234,0
DA:235,0
DA:242,0
DA:243,0
DA:245,0
DA:251,0
DA:260,0
DA:268,0
LF:76
LH:0
BRDA:46,0,0,0
BRDA:58,1,0,0
BRDA:74,2,0,0
BRDA:74,2,1,0
BRDA:80,3,0,0
BRDA:102,4,0,0
BRDA:155,5,0,0
BRDA:155,5,1,0
BRDA:193,6,0,0
BRDA:242,7,0,0
BRF:10
BRH:0
end_of_record
TN:
SF:services/climba/product/product.service.ts
FN:23,(anonymous_15)
FN:35,(anonymous_16)
FNF:2
FNH:0
FNDA:0,(anonymous_15)
FNDA:0,(anonymous_16)
DA:2,0
DA:8,0
DA:9,0
DA:10,0
DA:11,0
DA:13,0
DA:14,0
DA:16,0
DA:17,0
DA:21,0
DA:23,0
DA:24,0
DA:27,0
DA:28,0
DA:29,0
DA:35,0
DA:36,0
DA:39,0
DA:42,0
DA:46,0
DA:52,0
DA:54,0
DA:55,0
DA:59,0
DA:66,0
DA:68,0
DA:72,0
DA:78,0
DA:83,0
DA:85,0
DA:89,0
DA:90,0
DA:92,0
DA:93,0
DA:97,0
DA:102,0
DA:103,0
DA:109,0
DA:119,0
DA:127,0
LF:40
LH:0
BRDA:54,0,0,0
BRDA:54,0,1,0
BRDA:85,1,0,0
BRDA:85,1,1,0
BRDA:86,2,0,0
BRDA:86,2,1,0
BRDA:102,3,0,0
BRDA:111,4,0,0
BRDA:111,4,1,0
BRF:9
BRH:0
end_of_record
TN:
SF:services/climba/stock/stock.service.ts
FN:20,(anonymous_15)
FN:32,(anonymous_16)
FNF:2
FNH:0
FNDA:0,(anonymous_15)
FNDA:0,(anonymous_16)
DA:1,0
DA:2,0
DA:8,0
DA:10,0
DA:11,0
DA:13,0
DA:15,0
DA:19,0
DA:20,0
DA:21,0
DA:24,0
DA:25,0
DA:26,0
DA:32,0
DA:33,0
DA:34,0
DA:38,0
DA:42,0
DA:49,0
DA:51,0
DA:52,0
DA:55,0
DA:65,0
DA:73,0
LF:24
LH:0
BRDA:51,0,0,0
BRF:1
BRH:0
end_of_record
TN:
SF:services/crmIso/config/config.service.ts
FN:18,(anonymous_9)
FN:26,(anonymous_10)
FNF:2
FNH:0
FNDA:0,(anonymous_9)
FNDA:0,(anonymous_10)
DA:3,0
DA:8,0
DA:10,0
DA:11,0
DA:13,0
DA:17,0
DA:18,0
DA:19,0
DA:26,0
DA:27,0
DA:29,0
DA:30,0
DA:32,0
DA:33,0
DA:35,0
DA:38,0
DA:44,0
LF:17
LH:0
BRDA:32,0,0,0
BRDA:32,0,1,0
BRDA:32,1,0,0
BRDA:32,1,1,0
BRF:4
BRH:0
end_of_record
TN:
SF:services/crmIso/order/ordersModifiedStatus.service.ts
FN:27,(anonymous_9)
FN:31,(anonymous_10)
FN:51,(anonymous_12)
FN:127,(anonymous_14)
FNF:4
FNH:0
FNDA:0,(anonymous_9)
FNDA:0,(anonymous_10)
FNDA:0,(anonymous_12)
FNDA:0,(anonymous_14)
DA:3,0
DA:8,0
DA:9,0
DA:10,0
DA:12,0
DA:13,0
DA:15,0
DA:19,0
DA:20,0
DA:21,0
DA:22,0
DA:27,0
DA:28,0
DA:32,0
DA:33,0
DA:35,0
DA:43,0
DA:51,0
DA:52,0
DA:53,0
DA:55,0
DA:58,0
DA:62,0
DA:63,0
DA:65,0
DA:66,0
DA:67,0
DA:69,0
DA:70,0
DA:71,0
DA:73,0
DA:74,0
DA:75,0
DA:77,0
DA:78,0
DA:79,0
DA:81,0
DA:82,0
DA:83,0
DA:86,0
DA:87,0
DA:88,0
DA:91,0
DA:96,0
DA:103,0
DA:107,0
DA:116,0
DA:128,0
LF:48
LH:0
BRDA:52,0,0,0
BRDA:52,0,1,0
BRDA:63,1,0,0
BRDA:63,1,1,0
BRDA:63,1,2,0
BRDA:63,1,3,0
BRDA:63,1,4,0
BRDA:63,1,5,0
BRF:8
BRH:0
end_of_record
TN:
SF:services/crmIso/order/poolCheckChangedOf.service.ts
FN:24,(anonymous_15)
FN:32,(anonymous_16)
FNF:2
FNH:0
FNDA:0,(anonymous_15)
FNDA:0,(anonymous_16)
DA:3,0
DA:4,0
DA:9,0
DA:10,0
DA:11,0
DA:12,0
DA:14,0
DA:15,0
DA:19,0
DA:20,0
DA:21,0
DA:22,0
DA:24,0
DA:25,0
DA:32,0
DA:33,0
DA:34,0
DA:38,0
DA:40,0
DA:46,0
DA:47,0
DA:85,0
DA:93,0
DA:100,0
LF:24
LH:0
BRDA:40,0,0,0
BRDA:41,1,0,0
BRDA:41,1,1,0
BRDA:41,1,2,0
BRDA:41,1,3,0
BRDA:79,2,0,0
BRDA:79,2,1,0
BRF:7
BRH:0
end_of_record
TN:
SF:services/crmIso/order/poolOrders.service.ts
FN:30,(anonymous_9)
FN:38,(anonymous_10)
FN:62,(anonymous_12)
FN:219,(anonymous_13)
FN:236,(anonymous_15)
FNF:5
FNH:0
FNDA:0,(anonymous_9)
FNDA:0,(anonymous_10)
FNDA:0,(anonymous_12)
FNDA:0,(anonymous_13)
FNDA:0,(anonymous_15)
DA:3,0
DA:8,0
DA:9,0
DA:10,0
DA:16,0
DA:19,0
DA:23,0
DA:25,0
DA:26,0
DA:27,0
DA:30,0
DA:31,0
DA:38,0
DA:39,0
DA:42,0
DA:43,0
DA:44,0
DA:49,0
DA:52,0
DA:57,0
DA:58,0
DA:62,0
DA:64,0
DA:68,0
DA:75,0
DA:86,0
DA:95,0
DA:97,0
DA:104,0
DA:106,0
DA:116,0
DA:117,0
DA:121,0
DA:128,0
DA:139,0
DA:148,0
DA:150,0
DA:157,0
DA:159,0
DA:169,0
DA:171,0
DA:176,0
DA:191,0
DA:197,0
DA:209,0
DA:220,0
DA:233,0
DA:237,0
LF:48
LH:0
BRDA:43,0,0,0
BRDA:52,1,0,0
BRDA:53,2,0,0
BRDA:53,2,1,0
BRDA:53,2,2,0
BRDA:64,3,0,0
BRDA:64,3,1,0
BRDA:117,4,0,0
BRDA:117,4,1,0
BRF:9
BRH:0
end_of_record
TN:
SF:services/crmIso/order/updateManutOf.service.ts
FN:23,(anonymous_9)
FN:31,(anonymous_10)
FNF:2
FNH:0
FNDA:0,(anonymous_9)
FNDA:0,(anonymous_10)
DA:3,0
DA:8,0
DA:9,0
DA:11,0
DA:13,0
DA:17,0
DA:18,0
DA:19,0
DA:20,0
DA:21,0
DA:23,0
DA:24,0
DA:31,0
DA:32,0
DA:33,0
DA:37,0
DA:39,0
DA:48,0
LF:18
LH:0
BRF:0
BRH:0
end_of_record
TN:
SF:services/crmIso/order/updateOrderStatus.service.ts
FN:23,(anonymous_9)
FN:31,(anonymous_10)
FNF:2
FNH:0
FNDA:0,(anonymous_9)
FNDA:0,(anonymous_10)
DA:3,0
DA:8,0
DA:10,0
DA:11,0
DA:13,0
DA:17,0
DA:18,0
DA:19,0
DA:20,0
DA:23,0
DA:24,0
DA:31,0
DA:32,0
DA:33,0
DA:35,0
DA:43,0
LF:16
LH:0
BRF:0
BRH:0
end_of_record
TN:
SF:services/crmIso/payment/paymentCrmIso.service.ts
FN:28,(anonymous_10)
FN:36,(anonymous_11)
FNF:2
FNH:0
FNDA:0,(anonymous_10)
FNDA:0,(anonymous_11)
DA:3,0
DA:8,0
DA:9,0
DA:14,0
DA:15,0
DA:17,0
DA:21,0
DA:23,0
DA:24,0
DA:25,0
DA:28,0
DA:29,0
DA:36,0
DA:37,0
DA:40,0
DA:41,0
DA:44,0
DA:45,0
DA:46,0
DA:65,0
DA:70,0
DA:79,0
DA:83,0
DA:91,0
LF:24
LH:0
BRDA:45,0,0,0
BRF:1
BRH:0
end_of_record
TN:
SF:services/crmMoney/order/ordersFuncional.service.ts
FN:20,(anonymous_15)
FN:28,(anonymous_16)
FNF:2
FNH:0
FNDA:0,(anonymous_15)
FNDA:0,(anonymous_16)
DA:1,0
DA:7,0
DA:8,0
DA:11,0
DA:13,0
DA:17,0
DA:20,0
DA:21,0
DA:28,0
DA:29,0
DA:30,0
DA:31,0
DA:61,0
LF:13
LH:0
BRF:0
BRH:0
end_of_record
TN:
SF:services/crmMoney/stock/stocksFuncional.service.ts
FN:24,(anonymous_15)
FN:32,(anonymous_16)
FNF:2
FNH:0
FNDA:0,(anonymous_15)
FNDA:0,(anonymous_16)
DA:1,0
DA:7,0
DA:8,0
DA:9,0
DA:15,0
DA:17,0
DA:21,0
DA:24,0
DA:25,0
DA:32,0
DA:33,0
DA:34,0
DA:37,0
DA:41,0
DA:46,0
DA:47,0
DA:52,0
DA:54,0
DA:59,0
DA:62,0
LF:20
LH:0
BRDA:37,0,0,0
BRDA:37,0,1,0
BRDA:46,1,0,0
BRDA:46,1,1,0
BRDA:46,2,0,0
BRDA:46,2,1,0
BRF:6
BRH:0
end_of_record
TN:
SF:services/cte/documents/documentsCte.service.ts
FN:35,(anonymous_7)
FN:38,(anonymous_8)
FN:38,(anonymous_9)
FN:62,(anonymous_10)
FN:77,(anonymous_12)
FN:87,(anonymous_14)
FN:108,(anonymous_16)
FN:128,(anonymous_17)
FN:194,(anonymous_18)
FN:207,(anonymous_20)
FNF:10
FNH:0
FNDA:0,(anonymous_7)
FNDA:0,(anonymous_8)
FNDA:0,(anonymous_9)
FNDA:0,(anonymous_10)
FNDA:0,(anonymous_12)
FNDA:0,(anonymous_14)
FNDA:0,(anonymous_16)
FNDA:0,(anonymous_17)
FNDA:0,(anonymous_18)
FNDA:0,(anonymous_20)
DA:1,0
DA:3,0
DA:4,0
DA:10,0
DA:17,0
DA:22,0
DA:23,0
DA:25,0
DA:26,0
DA:27,0
DA:28,0
DA:29,0
DA:30,0
DA:31,0
DA:35,0
DA:36,0
DA:38,0
DA:39,0
DA:40,0
DA:45,0
DA:49,0
DA:51,0
DA:66,0
DA:80,0
DA:90,0
DA:91,0
DA:92,0
DA:95,0
DA:96,0
DA:98,0
DA:99,0
DA:103,0
DA:108,0
DA:109,0
DA:112,0
DA:115,0
DA:116,0
DA:118,0
DA:119,0
DA:123,0
DA:128,0
DA:129,0
DA:132,0
DA:140,0
DA:142,0
DA:151,0
DA:157,0
DA:158,0
DA:162,0
DA:169,0
DA:170,0
DA:178,0
DA:195,0
DA:196,0
DA:198,0
DA:202,0
DA:207,0
DA:208,0
DA:211,0
DA:213,0
DA:222,0
DA:228,0
DA:229,0
DA:233,0
DA:240,0
DA:241,0
DA:249,0
LF:67
LH:0
BRDA:49,0,0,0
BRDA:98,1,0,0
BRDA:98,1,1,0
BRDA:118,2,0,0
BRDA:118,2,1,0
BRDA:151,3,0,0
BRDA:151,3,1,0
BRDA:152,4,0,0
BRDA:152,4,1,0
BRDA:152,4,2,0
BRDA:152,4,3,0
BRDA:158,5,0,0
BRDA:158,5,1,0
BRDA:159,6,0,0
BRDA:159,6,1,0
BRDA:169,7,0,0
BRDA:169,7,1,0
BRDA:181,8,0,0
BRDA:181,8,1,0
BRDA:181,9,0,0
BRDA:181,9,1,0
BRDA:181,9,2,0
BRDA:184,10,0,0
BRDA:184,10,1,0
BRDA:222,11,0,0
BRDA:222,11,1,0
BRDA:223,12,0,0
BRDA:223,12,1,0
BRDA:223,12,2,0
BRDA:223,12,3,0
BRDA:229,13,0,0
BRDA:229,13,1,0
BRDA:230,14,0,0
BRDA:230,14,1,0
BRDA:240,15,0,0
BRDA:240,15,1,0
BRDA:252,16,0,0
BRDA:252,16,1,0
BRDA:252,17,0,0
BRDA:252,17,1,0
BRDA:252,17,2,0
BRDA:255,18,0,0
BRDA:255,18,1,0
BRF:43
BRH:0
end_of_record
TN:
SF:services/cte/healthcheck/healthCheck.service.ts
FN:19,(anonymous_15)
FN:23,(anonymous_16)
FN:23,(anonymous_17)
FN:35,(anonymous_18)
FNF:4
FNH:0
FNDA:0,(anonymous_15)
FNDA:0,(anonymous_16)
FNDA:0,(anonymous_17)
FNDA:0,(anonymous_18)
DA:3,0
DA:4,0
DA:9,0
DA:11,0
DA:13,0
DA:14,0
DA:18,0
DA:19,0
DA:20,0
DA:23,0
DA:35,0
DA:36,0
DA:37,0
DA:42,0
DA:43,0
DA:56,0
DA:58,0
DA:61,0
DA:62,0
DA:75,0
DA:77,0
LF:21
LH:0
BRDA:42,0,0,0
BRDA:42,0,1,0
BRF:2
BRH:0
end_of_record
TN:
SF:services/cte/inventory/inventoryCte.service.ts
FN:18,(anonymous_7)
FN:31,(anonymous_8)
FN:41,(anonymous_10)
FN:47,(anonymous_12)
FNF:4
FNH:0
FNDA:0,(anonymous_7)
FNDA:0,(anonymous_8)
FNDA:0,(anonymous_10)
FNDA:0,(anonymous_12)
DA:1,0
DA:3,0
DA:10,0
DA:12,0
DA:13,0
DA:14,0
DA:15,0
DA:16,0
DA:18,0
DA:19,0
DA:20,0
DA:34,0
DA:42,0
DA:43,0
DA:47,0
DA:48,0
DA:51,0
DA:59,0
DA:61,0
DA:69,0
DA:70,0
LF:21
LH:0
BRF:0
BRH:0
end_of_record
TN:
SF:services/erpProtheus/expressa/customer/customersFuncional.service.ts
FN:31,(anonymous_15)
FN:39,(anonymous_16)
FNF:2
FNH:0
FNDA:0,(anonymous_15)
FNDA:0,(anonymous_16)
DA:1,0
DA:6,0
DA:7,0
DA:13,0
DA:14,0
DA:15,0
DA:19,0
DA:20,0
DA:22,0
DA:26,0
DA:27,0
DA:28,0
DA:29,0
DA:30,0
DA:31,0
DA:32,0
DA:39,0
DA:40,0
DA:41,0
DA:50,0
DA:55,0
DA:63,0
DA:72,0
DA:76,0
DA:81,0
DA:90,0
DA:92,0
DA:97,0
DA:105,0
DA:108,0
DA:116,0
DA:124,0
DA:126,0
LF:33
LH:0
BRDA:72,0,0,0
BRDA:72,0,1,0
BRDA:73,1,0,0
BRDA:73,1,1,0
BRF:4
BRH:0
end_of_record
TN:
SF:services/erpProtheus/expressa/invoice/invoiceExpedLog.service.ts
FN:23,(anonymous_16)
FN:31,(anonymous_17)
FNF:2
FNH:0
FNDA:0,(anonymous_16)
FNDA:0,(anonymous_17)
DA:2,0
DA:3,0
DA:4,0
DA:5,0
DA:7,0
DA:11,0
DA:13,0
DA:17,0
DA:18,0
DA:19,0
DA:20,0
DA:21,0
DA:23,0
DA:24,0
DA:31,0
DA:34,0
DA:35,0
DA:37,0
DA:41,0
DA:50,0
DA:52,0
DA:60,0
LF:22
LH:0
BRF:0
BRH:0
end_of_record
TN:
SF:services/erpProtheus/expressa/order/ordersFuncional.service.ts
FN:48,(anonymous_9)
FN:56,(anonymous_10)
FN:225,(anonymous_12)
FNF:3
FNH:0
FNDA:0,(anonymous_9)
FNDA:0,(anonymous_10)
FNDA:0,(anonymous_12)
DA:1,0
DA:8,0
DA:15,0
DA:19,0
DA:20,0
DA:21,0
DA:25,0
DA:26,0
DA:27,0
DA:28,0
DA:30,0
DA:34,0
DA:39,0
DA:40,0
DA:41,0
DA:42,0
DA:43,0
DA:44,0
DA:45,0
DA:46,0
DA:48,0
DA:49,0
DA:56,0
DA:57,0
DA:58,0
DA:67,0
DA:73,0
DA:75,0
DA:86,0
DA:95,0
DA:97,0
DA:101,0
DA:103,0
DA:107,0
DA:108,0
DA:110,0
DA:111,0
DA:112,0
DA:121,0
DA:126,0
DA:136,0
DA:137,0
DA:147,0
DA:152,0
DA:162,0
DA:163,0
DA:171,0
DA:176,0
DA:185,0
DA:193,0
DA:198,0
DA:208,0
DA:216,0
DA:217,0
DA:225,0
DA:226,0
DA:227,0
DA:236,0
DA:241,0
DA:254,0
DA:263,0
DA:267,0
DA:268,0
DA:273,0
DA:282,0
DA:287,0
DA:296,0
DA:299,0
DA:304,0
DA:313,0
DA:316,0
DA:317,0
DA:325,0
DA:333,0
DA:335,0
DA:338,0
DA:346,0
LF:77
LH:0
BRDA:97,0,0,0
BRDA:97,0,1,0
BRDA:98,1,0,0
BRDA:98,1,1,0
BRDA:110,2,0,0
BRDA:110,2,1,0
BRDA:162,3,0,0
BRDA:162,3,1,0
BRDA:263,4,0,0
BRDA:263,4,1,0
BRDA:264,5,0,0
BRDA:264,5,1,0
BRDA:267,6,0,0
BRDA:267,6,1,0
BRDA:316,7,0,0
BRF:15
BRH:0
end_of_record
TN:
SF:services/erpProtheus/expressa/product/productsFuncional.service.ts
FN:33,(anonymous_15)
FN:41,(anonymous_16)
FNF:2
FNH:0
FNDA:0,(anonymous_15)
FNDA:0,(anonymous_16)
DA:1,0
DA:6,0
DA:7,0
DA:13,0
DA:14,0
DA:18,0
DA:19,0
DA:21,0
DA:23,0
DA:27,0
DA:29,0
DA:30,0
DA:31,0
DA:32,0
DA:33,0
DA:34,0
DA:41,0
DA:42,0
DA:43,0
DA:52,0
DA:57,0
DA:65,0
DA:74,0
DA:78,0
DA:82,0
DA:90,0
DA:92,0
DA:96,0
DA:104,0
DA:107,0
DA:115,0
DA:123,0
DA:125,0
LF:33
LH:0
BRDA:74,0,0,0
BRDA:74,0,1,0
BRDA:75,1,0,0
BRDA:75,1,1,0
BRF:4
BRH:0
end_of_record
TN:
SF:services/erpProtheus/expressa/request/requestPfs.service.ts
FN:27,(anonymous_15)
FN:39,(anonymous_16)
FNF:2
FNH:0
FNDA:0,(anonymous_15)
FNDA:0,(anonymous_16)
DA:1,0
DA:2,0
DA:8,0
DA:9,0
DA:12,0
DA:13,0
DA:14,0
DA:18,0
DA:20,0
DA:22,0
DA:26,0
DA:27,0
DA:28,0
DA:31,0
DA:32,0
DA:33,0
DA:39,0
DA:40,0
DA:41,0
DA:43,0
DA:51,0
DA:53,0
DA:57,0
DA:67,0
DA:72,0
DA:73,0
DA:74,0
DA:75,0
DA:80,0
DA:81,0
DA:84,0
DA:90,0
DA:99,0
DA:101,0
DA:110,0
DA:119,0
LF:36
LH:0
BRDA:51,0,0,0
BRDA:51,0,1,0
BRDA:73,1,0,0
BRDA:73,1,1,0
BRF:4
BRH:0
end_of_record
TN:
SF:services/erpProtheus/expressa/stock/stockPfs.service.ts
FN:25,(anonymous_15)
FN:28,(anonymous_16)
FN:28,(anonymous_17)
FN:50,(anonymous_18)
FNF:4
FNH:0
FNDA:0,(anonymous_15)
FNDA:0,(anonymous_16)
FNDA:0,(anonymous_17)
FNDA:0,(anonymous_18)
DA:1,0
DA:2,0
DA:3,0
DA:8,0
DA:11,0
DA:12,0
DA:16,0
DA:18,0
DA:20,0
DA:24,0
DA:25,0
DA:26,0
DA:28,0
DA:29,0
DA:30,0
DA:35,0
DA:39,0
DA:42,0
DA:43,0
DA:44,0
DA:50,0
DA:51,0
DA:52,0
DA:55,0
DA:56,0
DA:64,0
DA:66,0
DA:70,0
DA:80,0
DA:81,0
DA:82,0
DA:83,0
DA:87,0
DA:91,0
DA:96,0
DA:97,0
DA:101,0
DA:108,0
DA:117,0
DA:126,0
DA:135,0
LF:41
LH:0
BRDA:39,0,0,0
BRDA:51,1,0,0
BRDA:64,2,0,0
BRDA:64,2,1,0
BRDA:80,3,0,0
BRDA:81,4,0,0
BRDA:81,4,1,0
BRDA:96,5,0,0
BRF:8
BRH:0
end_of_record
TN:
SF:services/erpProtheus/expressa/stock/stocksFuncional.service.ts
FN:26,(anonymous_15)
FN:34,(anonymous_16)
FNF:2
FNH:0
FNDA:0,(anonymous_15)
FNDA:0,(anonymous_16)
DA:1,0
DA:7,0
DA:8,0
DA:14,0
DA:15,0
DA:17,0
DA:19,0
DA:23,0
DA:26,0
DA:27,0
DA:34,0
DA:35,0
DA:36,0
DA:45,0
DA:50,0
DA:58,0
DA:62,0
DA:67,0
DA:69,0
DA:74,0
DA:77,0
LF:21
LH:0
BRDA:58,0,0,0
BRDA:58,0,1,0
BRDA:59,1,0,0
BRDA:59,1,1,0
BRF:4
BRH:0
end_of_record
TN:
SF:services/erpProtheus/viveo/category/category.service.ts
FN:27,(anonymous_15)
FN:30,(anonymous_16)
FN:30,(anonymous_17)
FN:52,(anonymous_18)
FNF:4
FNH:0
FNDA:0,(anonymous_15)
FNDA:0,(anonymous_16)
FNDA:0,(anonymous_17)
FNDA:0,(anonymous_18)
DA:3,0
DA:9,0
DA:10,0
DA:11,0
DA:16,0
DA:18,0
DA:19,0
DA:21,0
DA:22,0
DA:26,0
DA:27,0
DA:28,0
DA:30,0
DA:31,0
DA:32,0
DA:37,0
DA:41,0
DA:44,0
DA:45,0
DA:46,0
DA:52,0
DA:53,0
DA:54,0
DA:55,0
DA:59,0
DA:67,0
DA:68,0
DA:76,0
DA:77,0
DA:78,0
DA:86,0
DA:92,0
DA:104,0
DA:112,0
DA:116,0
LF:35
LH:0
BRDA:41,0,0,0
BRDA:53,1,0,0
BRDA:67,2,0,0
BRDA:76,3,0,0
BRF:4
BRH:0
end_of_record
TN:
SF:services/erpProtheus/viveo/city/city.service.ts
FN:26,(anonymous_15)
FN:38,(anonymous_16)
FN:106,(anonymous_18)
FN:126,(anonymous_20)
FN:351,(anonymous_22)
FNF:5
FNH:0
FNDA:0,(anonymous_15)
FNDA:0,(anonymous_16)
FNDA:0,(anonymous_18)
FNDA:0,(anonymous_20)
FNDA:0,(anonymous_22)
DA:3,0
DA:4,0
DA:10,0
DA:13,0
DA:14,0
DA:18,0
DA:20,0
DA:21,0
DA:25,0
DA:26,0
DA:27,0
DA:30,0
DA:31,0
DA:32,0
DA:38,0
DA:39,0
DA:40,0
DA:44,0
DA:46,0
DA:47,0
DA:50,0
DA:58,0
DA:60,0
DA:64,0
DA:74,0
DA:75,0
DA:77,0
DA:78,0
DA:80,0
DA:82,0
DA:86,0
DA:94,0
DA:100,0
DA:107,0
DA:113,0
DA:114,0
DA:127,0
DA:128,0
DA:351,0
DA:352,0
DA:355,0
DA:357,0
LF:42
LH:0
BRDA:46,0,0,0
BRDA:58,1,0,0
BRDA:74,2,0,0
BRDA:74,2,1,0
BRDA:77,3,0,0
BRDA:113,4,0,0
BRF:6
BRH:0
end_of_record
TN:
SF:services/erpProtheus/viveo/company/brand.service.ts
FN:27,(anonymous_15)
FN:30,(anonymous_16)
FN:30,(anonymous_17)
FN:52,(anonymous_18)
FNF:4
FNH:0
FNDA:0,(anonymous_15)
FNDA:0,(anonymous_16)
FNDA:0,(anonymous_17)
FNDA:0,(anonymous_18)
DA:3,0
DA:9,0
DA:10,0
DA:11,0
DA:15,0
DA:17,0
DA:19,0
DA:21,0
DA:22,0
DA:26,0
DA:27,0
DA:28,0
DA:30,0
DA:31,0
DA:32,0
DA:37,0
DA:41,0
DA:44,0
DA:45,0
DA:46,0
DA:52,0
DA:53,0
DA:54,0
DA:55,0
DA:59,0
DA:67,0
DA:68,0
DA:77,0
DA:78,0
DA:79,0
DA:81,0
DA:84,0
DA:93,0
DA:94,0
DA:95,0
DA:101,0
DA:108,0
DA:120,0
DA:128,0
DA:132,0
LF:40
LH:0
BRDA:41,0,0,0
BRDA:53,1,0,0
BRDA:67,2,0,0
BRDA:77,3,0,0
BRDA:93,4,0,0
BRF:5
BRH:0
end_of_record
TN:
SF:services/erpProtheus/viveo/consumer/consumer.service.ts
FN:34,(anonymous_15)
FN:42,(anonymous_16)
FN:42,(anonymous_17)
FN:47,(anonymous_18)
FNF:4
FNH:0
FNDA:0,(anonymous_15)
FNDA:0,(anonymous_16)
FNDA:0,(anonymous_17)
FNDA:0,(anonymous_18)
DA:3,0
DA:4,0
DA:9,0
DA:10,0
DA:11,0
DA:20,0
DA:21,0
DA:22,0
DA:28,0
DA:29,0
DA:33,0
DA:34,0
DA:35,0
DA:38,0
DA:39,0
DA:40,0
DA:42,0
DA:47,0
DA:48,0
DA:49,0
DA:51,0
DA:59,0
DA:61,0
DA:70,0
DA:80,0
DA:81,0
DA:89,0
DA:94,0
DA:116,0
DA:124,0
DA:130,0
DA:131,0
DA:132,0
DA:136,0
DA:141,0
DA:146,0
DA:147,0
DA:149,0
DA:151,0
DA:154,0
DA:169,0
DA:175,0
DA:176,0
DA:178,0
DA:180,0
DA:183,0
DA:193,0
DA:198,0
DA:202,0
DA:208,0
DA:213,0
DA:226,0
DA:232,0
DA:241,0
LF:54
LH:0
BRDA:59,0,0,0
BRDA:80,1,0,0
BRDA:80,1,1,0
BRDA:125,2,0,0
BRDA:125,2,1,0
BRDA:125,3,0,0
BRDA:125,3,1,0
BRDA:131,4,0,0
BRDA:131,4,1,0
BRDA:198,5,0,0
BRDA:199,6,0,0
BRDA:199,6,1,0
BRF:12
BRH:0
end_of_record
TN:
SF:services/erpProtheus/viveo/customer/customer.service.ts
FN:26,(anonymous_15)
FN:38,(anonymous_16)
FN:91,(anonymous_18)
FN:140,(anonymous_20)
FNF:4
FNH:0
FNDA:0,(anonymous_15)
FNDA:0,(anonymous_16)
FNDA:0,(anonymous_18)
FNDA:0,(anonymous_20)
DA:3,0
DA:4,0
DA:10,0
DA:13,0
DA:14,0
DA:18,0
DA:20,0
DA:21,0
DA:25,0
DA:26,0
DA:27,0
DA:30,0
DA:31,0
DA:32,0
DA:38,0
DA:39,0
DA:40,0
DA:44,0
DA:52,0
DA:54,0
DA:58,0
DA:69,0
DA:72,0
DA:80,0
DA:91,0
DA:92,0
DA:93,0
DA:97,0
DA:105,0
DA:107,0
DA:111,0
DA:118,0
DA:121,0
DA:129,0
DA:140,0
DA:141,0
DA:142,0
DA:146,0
DA:154,0
DA:156,0
DA:160,0
DA:167,0
DA:170,0
DA:178,0
LF:44
LH:0
BRDA:52,0,0,0
BRDA:105,1,0,0
BRDA:154,2,0,0
BRF:3
BRH:0
end_of_record
TN:
SF:services/erpProtheus/viveo/customer/customersFuncional.service.ts
FN:36,(anonymous_15)
FN:44,(anonymous_16)
FNF:2
FNH:0
FNDA:0,(anonymous_15)
FNDA:0,(anonymous_16)
DA:1,0
DA:6,0
DA:7,0
DA:13,0
DA:14,0
DA:18,0
DA:19,0
DA:24,0
DA:26,0
DA:30,0
DA:32,0
DA:33,0
DA:34,0
DA:35,0
DA:36,0
DA:37,0
DA:44,0
DA:45,0
DA:46,0
DA:55,0
DA:60,0
DA:68,0
DA:77,0
DA:81,0
DA:85,0
DA:94,0
DA:96,0
DA:101,0
DA:110,0
DA:113,0
DA:121,0
DA:129,0
DA:130,0
LF:33
LH:0
BRDA:77,0,0,0
BRDA:77,0,1,0
BRDA:78,1,0,0
BRDA:78,1,1,0
BRF:4
BRH:0
end_of_record
TN:
SF:services/erpProtheus/viveo/documents/documentsCte.service.ts
FN:28,(anonymous_9)
FN:36,(anonymous_10)
FN:88,(anonymous_12)
FNF:3
FNH:0
FNDA:0,(anonymous_9)
FNDA:0,(anonymous_10)
FNDA:0,(anonymous_12)
DA:1,0
DA:3,0
DA:4,0
DA:5,0
DA:10,0
DA:11,0
DA:16,0
DA:20,0
DA:21,0
DA:22,0
DA:23,0
DA:24,0
DA:25,0
DA:26,0
DA:28,0
DA:29,0
DA:36,0
DA:37,0
DA:38,0
DA:42,0
DA:51,0
DA:57,0
DA:59,0
DA:72,0
DA:80,0
DA:88,0
DA:89,0
DA:90,0
DA:94,0
DA:103,0
DA:104,0
DA:106,0
DA:119,0
DA:127,0
LF:34
LH:0
BRDA:51,0,0,0
BRDA:51,0,1,0
BRDA:52,1,0,0
BRDA:52,1,1,0
BRDA:52,1,2,0
BRDA:52,1,3,0
BRDA:61,2,0,0
BRDA:61,2,1,0
BRDA:66,3,0,0
BRDA:66,3,1,0
BRDA:103,4,0,0
BRDA:103,4,1,0
BRDA:108,5,0,0
BRDA:108,5,1,0
BRDA:113,6,0,0
BRDA:113,6,1,0
BRF:16
BRH:0
end_of_record
TN:
SF:services/erpProtheus/viveo/inventory/inventoryCte.service.ts
FN:20,(anonymous_9)
FN:28,(anonymous_10)
FNF:2
FNH:0
FNDA:0,(anonymous_9)
FNDA:0,(anonymous_10)
DA:1,0
DA:3,0
DA:4,0
DA:7,0
DA:8,0
DA:10,0
DA:14,0
DA:15,0
DA:16,0
DA:17,0
DA:18,0
DA:20,0
DA:21,0
DA:28,0
DA:29,0
DA:30,0
DA:34,0
DA:35,0
DA:45,0
DA:46,0
DA:49,0
LF:21
LH:0
BRDA:34,0,0,0
BRF:1
BRH:0
end_of_record
TN:
SF:services/erpProtheus/viveo/invoice/invoiceEcommerce.service.ts
FN:28,(anonymous_16)
FN:33,(anonymous_17)
FN:33,(anonymous_18)
FN:49,(anonymous_19)
FN:49,(anonymous_20)
FN:68,(anonymous_21)
FN:197,(anonymous_23)
FNF:7
FNH:0
FNDA:0,(anonymous_16)
FNDA:0,(anonymous_17)
FNDA:0,(anonymous_18)
FNDA:0,(anonymous_19)
FNDA:0,(anonymous_20)
FNDA:0,(anonymous_21)
FNDA:0,(anonymous_23)
DA:2,0
DA:3,0
DA:4,0
DA:5,0
DA:6,0
DA:9,0
DA:10,0
DA:14,0
DA:15,0
DA:17,0
DA:19,0
DA:23,0
DA:24,0
DA:25,0
DA:26,0
DA:28,0
DA:29,0
DA:31,0
DA:33,0
DA:34,0
DA:35,0
DA:40,0
DA:45,0
DA:47,0
DA:49,0
DA:50,0
DA:51,0
DA:56,0
DA:61,0
DA:68,0
DA:69,0
DA:70,0
DA:71,0
DA:75,0
DA:76,0
DA:77,0
DA:78,0
DA:82,0
DA:87,0
DA:95,0
DA:97,0
DA:101,0
DA:116,0
DA:117,0
DA:118,0
DA:140,0
DA:144,0
DA:145,0
DA:146,0
DA:168,0
DA:177,0
DA:185,0
DA:197,0
DA:198,0
DA:199,0
DA:200,0
DA:204,0
DA:206,0
DA:213,0
DA:215,0
DA:216,0
DA:217,0
DA:222,0
DA:223,0
DA:231,0
DA:233,0
DA:237,0
DA:264,0
DA:265,0
DA:267,0
DA:268,0
DA:269,0
DA:299,0
DA:303,0
DA:304,0
DA:307,0
DA:329,0
DA:339,0
DA:342,0
DA:350,0
LF:80
LH:0
BRDA:45,0,0,0
BRDA:61,1,0,0
BRDA:69,2,0,0
BRDA:95,3,0,0
BRDA:116,4,0,0
BRDA:117,5,0,0
BRDA:117,5,1,0
BRDA:144,6,0,0
BRDA:198,7,0,0
BRDA:215,8,0,0
BRDA:215,8,1,0
BRDA:222,9,0,0
BRDA:231,10,0,0
BRDA:264,11,0,0
BRDA:264,11,1,0
BRDA:264,12,0,0
BRDA:264,12,1,0
BRDA:264,13,0,0
BRDA:264,13,1,0
BRDA:264,14,0,0
BRDA:264,14,1,0
BRDA:264,15,0,0
BRDA:264,15,1,0
BRDA:267,16,0,0
BRDA:268,17,0,0
BRDA:268,17,1,0
BRDA:303,18,0,0
BRF:27
BRH:0
end_of_record
TN:
SF:services/erpProtheus/viveo/order/billingOrder.service.ts
FN:14,(anonymous_9)
FN:22,(anonymous_10)
FN:31,(anonymous_12)
FN:31,(anonymous_13)
FNF:4
FNH:0
FNDA:0,(anonymous_9)
FNDA:0,(anonymous_10)
FNDA:0,(anonymous_12)
FNDA:0,(anonymous_13)
DA:1,0
DA:7,0
DA:9,0
DA:13,0
DA:14,0
DA:15,0
DA:22,0
DA:23,0
DA:24,0
DA:26,0
DA:31,0
LF:11
LH:0
BRF:0
BRH:0
end_of_record
TN:
SF:services/erpProtheus/viveo/order/getLogOrdersData.service.ts
FN:21,(anonymous_16)
FN:31,(anonymous_17)
FNF:2
FNH:0
FNDA:0,(anonymous_16)
FNDA:0,(anonymous_17)
DA:3,0
DA:4,0
DA:5,0
DA:6,0
DA:13,0
DA:14,0
DA:15,0
DA:16,0
DA:21,0
DA:22,0
DA:23,0
DA:24,0
DA:31,0
DA:32,0
DA:33,0
DA:34,0
DA:36,0
DA:37,0
DA:41,0
DA:42,0
DA:43,0
DA:44,0
DA:47,0
DA:48,0
DA:50,0
DA:53,0
DA:56,0
DA:60,0
DA:76,0
DA:81,0
DA:82,0
DA:84,0
DA:85,0
DA:87,0
DA:88,0
DA:90,0
DA:91,0
DA:93,0
DA:94,0
DA:96,0
DA:97,0
DA:100,0
DA:104,0
DA:107,0
DA:111,0
DA:118,0
DA:125,0
DA:134,0
DA:145,0
DA:158,0
DA:165,0
DA:173,0
LF:52
LH:0
BRDA:36,0,0,0
BRDA:41,1,0,0
BRDA:47,2,0,0
BRDA:77,3,0,0
BRDA:77,3,1,0
BRDA:81,4,0,0
BRDA:81,4,1,0
BRDA:85,5,0,0
BRDA:85,5,1,0
BRDA:85,5,2,0
BRDA:85,5,3,0
BRDA:100,6,0,0
BRDA:101,7,0,0
BRDA:101,7,1,0
BRDA:107,8,0,0
BRDA:108,9,0,0
BRDA:108,9,1,0
BRDA:153,10,0,0
BRDA:153,10,1,0
BRF:19
BRH:0
end_of_record
TN:
SF:services/erpProtheus/viveo/order/orderBoxifarma.service.ts
FN:29,(anonymous_15)
FN:37,(anonymous_16)
FNF:2
FNH:0
FNDA:0,(anonymous_15)
FNDA:0,(anonymous_16)
DA:2,0
DA:3,0
DA:9,0
DA:11,0
DA:12,0
DA:17,0
DA:19,0
DA:23,0
DA:24,0
DA:25,0
DA:26,0
DA:27,0
DA:29,0
DA:30,0
DA:37,0
DA:38,0
DA:39,0
DA:55,0
DA:57,0
DA:66,0
DA:68,0
DA:76,0
DA:77,0
LF:23
LH:0
BRF:0
BRH:0
end_of_record
TN:
SF:services/erpProtheus/viveo/order/orderStatusChange.service.ts
FN:35,(anonymous_9)
FN:43,(anonymous_10)
FNF:2
FNH:0
FNDA:0,(anonymous_9)
FNDA:0,(anonymous_10)
DA:3,0
DA:8,0
DA:9,0
DA:13,0
DA:14,0
DA:15,0
DA:17,0
DA:21,0
DA:31,0
DA:32,0
DA:33,0
DA:35,0
DA:36,0
DA:43,0
DA:44,0
DA:45,0
DA:49,0
DA:51,0
DA:58,0
DA:67,0
DA:68,0
DA:70,0
DA:71,0
DA:72,0
DA:74,0
DA:76,0
DA:77,0
DA:79,0
DA:80,0
DA:82,0
DA:83,0
DA:85,0
DA:86,0
DA:88,0
DA:89,0
DA:91,0
DA:92,0
DA:94,0
DA:95,0
DA:98,0
DA:99,0
DA:102,0
DA:103,0
DA:109,0
DA:115,0
DA:122,0
DA:127,0
DA:136,0
DA:147,0
DA:154,0
LF:50
LH:0
BRDA:49,0,0,0
BRDA:67,1,0,0
BRDA:67,1,1,0
BRDA:74,2,0,0
BRDA:74,2,1,0
BRDA:74,2,2,0
BRDA:74,2,3,0
BRDA:74,2,4,0
BRDA:74,2,5,0
BRDA:74,2,6,0
BRDA:98,3,0,0
BRDA:98,4,0,0
BRDA:98,4,1,0
BRDA:102,5,0,0
BRDA:102,6,0,0
BRDA:102,6,1,0
BRF:16
BRH:0
end_of_record
TN:
SF:services/erpProtheus/viveo/order/ordersFuncional.service.ts
FN:48,(anonymous_9)
FN:56,(anonymous_10)
FN:225,(anonymous_12)
FNF:3
FNH:0
FNDA:0,(anonymous_9)
FNDA:0,(anonymous_10)
FNDA:0,(anonymous_12)
DA:1,0
DA:8,0
DA:15,0
DA:19,0
DA:20,0
DA:21,0
DA:25,0
DA:26,0
DA:27,0
DA:28,0
DA:30,0
DA:34,0
DA:39,0
DA:40,0
DA:41,0
DA:42,0
DA:43,0
DA:44,0
DA:45,0
DA:46,0
DA:48,0
DA:49,0
DA:56,0
DA:57,0
DA:58,0
DA:67,0
DA:73,0
DA:75,0
DA:86,0
DA:95,0
DA:97,0
DA:101,0
DA:103,0
DA:107,0
DA:108,0
DA:110,0
DA:111,0
DA:112,0
DA:121,0
DA:126,0
DA:136,0
DA:137,0
DA:147,0
DA:152,0
DA:162,0
DA:163,0
DA:171,0
DA:176,0
DA:185,0
DA:193,0
DA:198,0
DA:208,0
DA:216,0
DA:217,0
DA:225,0
DA:226,0
DA:227,0
DA:236,0
DA:241,0
DA:249,0
DA:258,0
DA:262,0
DA:263,0
DA:268,0
DA:277,0
DA:282,0
DA:291,0
DA:294,0
DA:299,0
DA:308,0
DA:311,0
DA:312,0
DA:320,0
DA:328,0
DA:330,0
DA:332,0
DA:340,0
LF:77
LH:0
BRDA:97,0,0,0
BRDA:97,0,1,0
BRDA:98,1,0,0
BRDA:98,1,1,0
BRDA:110,2,0,0
BRDA:110,2,1,0
BRDA:162,3,0,0
BRDA:162,3,1,0
BRDA:258,4,0,0
BRDA:258,4,1,0
BRDA:259,5,0,0
BRDA:259,5,1,0
BRDA:262,6,0,0
BRDA:262,6,1,0
BRDA:311,7,0,0
BRF:15
BRH:0
end_of_record
TN:
SF:services/erpProtheus/viveo/order/saveOrder.service.ts
FN:35,(anonymous_9)
FN:43,(anonymous_10)
FN:403,(anonymous_12)
FNF:3
FNH:0
FNDA:0,(anonymous_9)
FNDA:0,(anonymous_10)
FNDA:0,(anonymous_12)
DA:1,0
DA:6,0
DA:7,0
DA:9,0
DA:10,0
DA:14,0
DA:15,0
DA:21,0
DA:22,0
DA:24,0
DA:26,0
DA:30,0
DA:31,0
DA:32,0
DA:33,0
DA:35,0
DA:36,0
DA:43,0
DA:44,0
DA:45,0
DA:53,0
DA:55,0
DA:59,0
DA:71,0
DA:79,0
DA:86,0
DA:87,0
DA:91,0
DA:94,0
DA:98,0
DA:102,0
DA:106,0
DA:115,0
DA:118,0
DA:141,0
DA:154,0
DA:155,0
DA:156,0
DA:157,0
DA:158,0
DA:162,0
DA:168,0
DA:170,0
DA:172,0
DA:177,0
DA:182,0
DA:190,0
DA:195,0
DA:203,0
DA:207,0
DA:208,0
DA:209,0
DA:210,0
DA:214,0
DA:220,0
DA:222,0
DA:224,0
DA:229,0
DA:234,0
DA:242,0
DA:247,0
DA:255,0
DA:259,0
DA:260,0
DA:273,0
DA:275,0
DA:276,0
DA:282,0
DA:284,0
DA:289,0
DA:290,0
DA:299,0
DA:304,0
DA:309,0
DA:318,0
DA:319,0
DA:320,0
DA:321,0
DA:325,0
DA:331,0
DA:332,0
DA:338,0
DA:344,0
DA:347,0
DA:352,0
DA:358,0
DA:363,0
DA:373,0
DA:376,0
DA:381,0
DA:388,0
DA:395,0
DA:403,0
DA:404,0
DA:406,0
DA:407,0
DA:409,0
DA:417,0
DA:419,0
DA:423,0
DA:433,0
DA:436,0
DA:440,0
DA:441,0
DA:444,0
DA:447,0
DA:449,0
DA:462,0
DA:463,0
DA:465,0
DA:467,0
DA:469,0
DA:474,0
DA:475,0
DA:481,0
DA:483,0
DA:493,0
DA:501,0
DA:505,0
LF:119
LH:0
BRDA:53,0,0,0
BRDA:86,1,0,0
BRDA:86,1,1,0
BRDA:94,2,0,0
BRDA:94,2,1,0
BRDA:95,3,0,0
BRDA:95,3,1,0
BRDA:96,4,0,0
BRDA:96,4,1,0
BRDA:96,5,0,0
BRDA:96,5,1,0
BRDA:96,6,0,0
BRDA:96,6,1,0
BRDA:96,7,0,0
BRDA:96,7,1,0
BRDA:154,8,0,0
BRDA:154,8,1,0
BRDA:168,9,0,0
BRDA:168,9,1,0
BRDA:168,10,0,0
BRDA:168,10,1,0
BRDA:168,11,0,0
BRDA:168,11,1,0
BRDA:168,12,0,0
BRDA:168,12,1,0
BRDA:168,13,0,0
BRDA:168,13,1,0
BRDA:168,14,0,0
BRDA:168,14,1,0
BRDA:168,15,0,0
BRDA:168,15,1,0
BRDA:203,16,0,0
BRDA:203,16,1,0
BRDA:204,17,0,0
BRDA:204,17,1,0
BRDA:220,18,0,0
BRDA:220,18,1,0
BRDA:220,19,0,0
BRDA:220,19,1,0
BRDA:220,20,0,0
BRDA:220,20,1,0
BRDA:220,21,0,0
BRDA:220,21,1,0
BRDA:220,22,0,0
BRDA:220,22,1,0
BRDA:220,23,0,0
BRDA:220,23,1,0
BRDA:220,24,0,0
BRDA:220,24,1,0
BRDA:255,25,0,0
BRDA:255,25,1,0
BRDA:256,26,0,0
BRDA:256,26,1,0
BRDA:275,27,0,0
BRDA:275,27,1,0
BRDA:275,28,0,0
BRDA:275,28,1,0
BRDA:417,29,0,0
BRDA:440,30,0,0
BRDA:440,30,1,0
BRDA:462,31,0,0
BRDA:462,31,1,0
BRDA:474,32,0,0
BRF:63
BRH:0
end_of_record
TN:
SF:services/erpProtheus/viveo/order/updateOrderField.service.ts
FN:31,(anonymous_15)
FN:44,(anonymous_16)
FN:176,(anonymous_18)
FN:206,(anonymous_19)
FNF:4
FNH:0
FNDA:0,(anonymous_15)
FNDA:0,(anonymous_16)
FNDA:0,(anonymous_18)
FNDA:0,(anonymous_19)
DA:3,0
DA:4,0
DA:9,0
DA:10,0
DA:19,0
DA:20,0
DA:21,0
DA:23,0
DA:24,0
DA:28,0
DA:31,0
DA:32,0
DA:35,0
DA:36,0
DA:37,0
DA:44,0
DA:45,0
DA:49,0
DA:50,0
DA:58,0
DA:60,0
DA:64,0
DA:65,0
DA:69,0
DA:70,0
DA:75,0
DA:76,0
DA:81,0
DA:82,0
DA:87,0
DA:88,0
DA:93,0
DA:94,0
DA:100,0
DA:101,0
DA:107,0
DA:108,0
DA:113,0
DA:114,0
DA:120,0
DA:121,0
DA:127,0
DA:128,0
DA:134,0
DA:136,0
DA:140,0
DA:147,0
DA:151,0
DA:157,0
DA:161,0
DA:167,0
DA:168,0
DA:174,0
DA:176,0
DA:177,0
DA:182,0
DA:184,0
DA:188,0
DA:189,0
DA:190,0
DA:194,0
DA:195,0
DA:204,0
DA:206,0
DA:210,0
DA:214,0
DA:219,0
DA:229,0
DA:235,0
DA:236,0
DA:251,0
DA:257,0
DA:284,0
LF:73
LH:0
BRDA:58,0,0,0
BRDA:69,1,0,0
BRDA:75,2,0,0
BRDA:81,3,0,0
BRDA:87,4,0,0
BRDA:93,5,0,0
BRDA:100,6,0,0
BRDA:107,7,0,0
BRDA:113,8,0,0
BRDA:120,9,0,0
BRDA:127,10,0,0
BRDA:136,11,0,0
BRDA:137,12,0,0
BRDA:137,12,1,0
BRDA:147,13,0,0
BRDA:148,14,0,0
BRDA:148,14,1,0
BRDA:157,15,0,0
BRDA:158,16,0,0
BRDA:158,16,1,0
BRDA:167,17,0,0
BRDA:177,18,0,0
BRDA:177,18,1,0
BRDA:178,19,0,0
BRDA:178,19,1,0
BRDA:178,19,2,0
BRDA:188,20,0,0
BRDA:188,20,1,0
BRDA:206,21,0,0
BRDA:206,21,1,0
BRDA:206,21,2,0
BRDA:235,22,0,0
BRF:32
BRH:0
end_of_record
TN:
SF:services/erpProtheus/viveo/payment/paymentCondition.service.ts
FN:32,(anonymous_16)
FN:44,(anonymous_17)
FN:99,(anonymous_19)
FNF:3
FNH:0
FNDA:0,(anonymous_16)
FNDA:0,(anonymous_17)
FNDA:0,(anonymous_19)
DA:4,0
DA:5,0
DA:10,0
DA:17,0
DA:18,0
DA:22,0
DA:23,0
DA:26,0
DA:27,0
DA:31,0
DA:32,0
DA:33,0
DA:36,0
DA:37,0
DA:38,0
DA:44,0
DA:45,0
DA:46,0
DA:50,0
DA:58,0
DA:60,0
DA:64,0
DA:77,0
DA:80,0
DA:88,0
DA:99,0
DA:100,0
DA:101,0
DA:102,0
DA:103,0
DA:104,0
DA:109,0
DA:113,0
DA:121,0
DA:122,0
DA:126,0
DA:130,0
DA:132,0
DA:133,0
DA:135,0
DA:148,0
DA:153,0
DA:155,0
DA:164,0
DA:175,0
DA:180,0
DA:181,0
DA:183,0
DA:185,0
DA:188,0
DA:192,0
DA:200,0
DA:205,0
LF:53
LH:0
BRDA:58,0,0,0
BRDA:121,1,0,0
BRDA:132,2,0,0
BRDA:132,2,1,0
BRDA:148,3,0,0
BRDA:148,3,1,0
BRDA:149,4,0,0
BRDA:149,4,1,0
BRDA:180,5,0,0
BRF:9
BRH:0
end_of_record
TN:
SF:services/erpProtheus/viveo/payment/paymentCrmIso.service.ts
FN:34,(anonymous_9)
FN:42,(anonymous_10)
FNF:2
FNH:0
FNDA:0,(anonymous_9)
FNDA:0,(anonymous_10)
DA:3,0
DA:8,0
DA:9,0
DA:17,0
DA:18,0
DA:22,0
DA:24,0
DA:28,0
DA:30,0
DA:31,0
DA:32,0
DA:34,0
DA:35,0
DA:42,0
DA:43,0
DA:46,0
DA:47,0
DA:55,0
DA:57,0
DA:61,0
DA:65,0
DA:75,0
DA:78,0
DA:100,0
DA:104,0
DA:105,0
DA:106,0
DA:107,0
DA:111,0
DA:119,0
DA:124,0
DA:137,0
DA:142,0
DA:143,0
DA:144,0
DA:145,0
DA:147,0
DA:160,0
DA:166,0
DA:171,0
DA:181,0
DA:189,0
LF:42
LH:0
BRDA:55,0,0,0
BRDA:100,1,0,0
BRDA:100,1,1,0
BRDA:101,2,0,0
BRDA:101,2,1,0
BRF:5
BRH:0
end_of_record
TN:
SF:services/erpProtheus/viveo/product/consApiUnitProduct.service.ts
FN:33,(anonymous_15)
FN:41,(anonymous_16)
FN:41,(anonymous_17)
FN:46,(anonymous_18)
FNF:4
FNH:0
FNDA:0,(anonymous_15)
FNDA:0,(anonymous_16)
FNDA:0,(anonymous_17)
FNDA:0,(anonymous_18)
DA:2,0
DA:3,0
DA:8,0
DA:9,0
DA:10,0
DA:23,0
DA:24,0
DA:25,0
DA:27,0
DA:28,0
DA:32,0
DA:33,0
DA:34,0
DA:37,0
DA:38,0
DA:39,0
DA:41,0
DA:46,0
DA:47,0
DA:48,0
DA:50,0
DA:58,0
DA:59,0
DA:63,0
DA:64,0
DA:74,0
DA:78,0
DA:82,0
DA:84,0
DA:95,0
DA:99,0
DA:101,0
DA:114,0
DA:136,0
DA:145,0
DA:146,0
DA:157,0
DA:158,0
DA:164,0
DA:165,0
DA:169,0
DA:171,0
DA:176,0
DA:184,0
DA:190,0
DA:195,0
DA:203,0
DA:204,0
DA:206,0
DA:207,0
DA:209,0
DA:211,0
DA:214,0
DA:229,0
DA:235,0
DA:236,0
DA:238,0
DA:240,0
DA:243,0
DA:252,0
DA:257,0
DA:261,0
DA:264,0
DA:270,0
DA:275,0
DA:292,0
DA:298,0
DA:307,0
LF:68
LH:0
BRDA:58,0,0,0
BRDA:58,0,1,0
BRDA:68,1,0,0
BRDA:68,1,1,0
BRDA:96,2,0,0
BRDA:96,2,1,0
BRDA:147,3,0,0
BRDA:147,3,1,0
BRDA:147,4,0,0
BRDA:147,4,1,0
BRDA:147,4,2,0
BRDA:157,5,0,0
BRDA:157,5,1,0
BRDA:164,6,0,0
BRDA:164,6,1,0
BRDA:166,7,0,0
BRDA:166,7,1,0
BRDA:203,8,0,0
BRDA:203,8,1,0
BRDA:257,9,0,0
BRDA:258,10,0,0
BRDA:258,10,1,0
BRF:22
BRH:0
end_of_record
TN:
SF:services/erpProtheus/viveo/product/productBoxifarma.service.ts
FN:29,(anonymous_15)
FN:37,(anonymous_16)
FNF:2
FNH:0
FNDA:0,(anonymous_15)
FNDA:0,(anonymous_16)
DA:2,0
DA:3,0
DA:9,0
DA:11,0
DA:12,0
DA:17,0
DA:19,0
DA:23,0
DA:24,0
DA:25,0
DA:26,0
DA:27,0
DA:29,0
DA:30,0
DA:37,0
DA:38,0
DA:39,0
DA:56,0
DA:58,0
DA:66,0
DA:68,0
DA:76,0
DA:77,0
LF:23
LH:0
BRF:0
BRH:0
end_of_record
TN:
SF:services/erpProtheus/viveo/product/productEcommerce.service.ts
FN:32,(anonymous_15)
FN:35,(anonymous_16)
FN:35,(anonymous_17)
FN:57,(anonymous_18)
FNF:4
FNH:0
FNDA:0,(anonymous_15)
FNDA:0,(anonymous_16)
FNDA:0,(anonymous_17)
FNDA:0,(anonymous_18)
DA:3,0
DA:4,0
DA:5,0
DA:6,0
DA:12,0
DA:18,0
DA:19,0
DA:20,0
DA:24,0
DA:26,0
DA:27,0
DA:31,0
DA:32,0
DA:33,0
DA:35,0
DA:36,0
DA:37,0
DA:42,0
DA:46,0
DA:49,0
DA:50,0
DA:51,0
DA:57,0
DA:58,0
DA:59,0
DA:60,0
DA:64,0
DA:72,0
DA:73,0
DA:74,0
DA:75,0
DA:76,0
DA:80,0
DA:85,0
DA:94,0
DA:95,0
DA:96,0
DA:98,0
DA:101,0
DA:110,0
DA:111,0
DA:112,0
DA:129,0
DA:131,0
DA:137,0
DA:143,0
DA:149,0
DA:150,0
DA:151,0
DA:153,0
DA:155,0
DA:158,0
DA:219,0
DA:233,0
DA:237,0
DA:238,0
DA:241,0
DA:308,0
DA:326,0
DA:338,0
DA:346,0
LF:61
LH:0
BRDA:46,0,0,0
BRDA:58,1,0,0
BRDA:72,2,0,0
BRDA:94,3,0,0
BRDA:110,4,0,0
BRDA:129,5,0,0
BRDA:153,6,0,0
BRDA:153,6,1,0
BRDA:153,7,0,0
BRDA:153,7,1,0
BRDA:153,8,0,0
BRDA:153,8,1,0
BRDA:155,9,0,0
BRDA:155,9,1,0
BRDA:155,10,0,0
BRDA:155,10,1,0
BRDA:160,11,0,0
BRDA:160,11,1,0
BRDA:174,12,0,0
BRDA:174,12,1,0
BRDA:181,13,0,0
BRDA:181,13,1,0
BRDA:188,14,0,0
BRDA:188,14,1,0
BRDA:195,15,0,0
BRDA:195,15,1,0
BRDA:202,16,0,0
BRDA:202,16,1,0
BRDA:223,17,0,0
BRDA:223,17,1,0
BRDA:237,18,0,0
BRDA:243,19,0,0
BRDA:243,19,1,0
BRDA:261,20,0,0
BRDA:261,20,1,0
BRDA:268,21,0,0
BRDA:268,21,1,0
BRDA:275,22,0,0
BRDA:275,22,1,0
BRDA:282,23,0,0
BRDA:282,23,1,0
BRDA:289,24,0,0
BRDA:289,24,1,0
BRDA:312,25,0,0
BRDA:312,25,1,0
BRDA:312,26,0,0
BRDA:312,26,1,0
BRDA:312,27,0,0
BRDA:312,27,1,0
BRF:49
BRH:0
end_of_record
TN:
SF:services/erpProtheus/viveo/product/productsFuncional.service.ts
FN:33,(anonymous_15)
FN:41,(anonymous_16)
FNF:2
FNH:0
FNDA:0,(anonymous_15)
FNDA:0,(anonymous_16)
DA:1,0
DA:6,0
DA:7,0
DA:8,0
DA:14,0
DA:15,0
DA:19,0
DA:21,0
DA:23,0
DA:27,0
DA:29,0
DA:30,0
DA:31,0
DA:32,0
DA:33,0
DA:34,0
DA:41,0
DA:42,0
DA:43,0
DA:52,0
DA:57,0
DA:65,0
DA:74,0
DA:78,0
DA:83,0
DA:92,0
DA:94,0
DA:99,0
DA:108,0
DA:111,0
DA:119,0
DA:127,0
DA:129,0
LF:33
LH:0
BRDA:74,0,0,0
BRDA:74,0,1,0
BRDA:75,1,0,0
BRDA:75,1,1,0
BRF:4
BRH:0
end_of_record
TN:
SF:services/erpProtheus/viveo/request/requestOrderSalePfs.service.ts
FN:25,(anonymous_15)
FN:37,(anonymous_16)
FNF:2
FNH:0
FNDA:0,(anonymous_15)
FNDA:0,(anonymous_16)
DA:1,0
DA:2,0
DA:7,0
DA:8,0
DA:11,0
DA:12,0
DA:13,0
DA:17,0
DA:18,0
DA:20,0
DA:24,0
DA:25,0
DA:26,0
DA:29,0
DA:30,0
DA:31,0
DA:37,0
DA:40,0
DA:41,0
DA:43,0
DA:50,0
DA:52,0
DA:55,0
DA:66,0
DA:71,0
DA:72,0
DA:73,0
DA:74,0
DA:79,0
DA:80,0
DA:83,0
DA:89,0
DA:98,0
DA:100,0
DA:109,0
DA:118,0
LF:36
LH:0
BRDA:50,0,0,0
BRDA:50,0,1,0
BRDA:72,1,0,0
BRDA:72,1,1,0
BRF:4
BRH:0
end_of_record
TN:
SF:services/erpProtheus/viveo/stock/stocksFuncional.service.ts
FN:26,(anonymous_15)
FN:34,(anonymous_16)
FNF:2
FNH:0
FNDA:0,(anonymous_15)
FNDA:0,(anonymous_16)
DA:1,0
DA:7,0
DA:8,0
DA:9,0
DA:15,0
DA:17,0
DA:19,0
DA:23,0
DA:26,0
DA:27,0
DA:34,0
DA:35,0
DA:36,0
DA:45,0
DA:50,0
DA:58,0
DA:62,0
DA:67,0
DA:69,0
DA:74,0
DA:77,0
LF:21
LH:0
BRDA:58,0,0,0
BRDA:58,0,1,0
BRDA:59,1,0,0
BRDA:59,1,1,0
BRF:4
BRH:0
end_of_record
TN:
SF:services/erpProtheus/viveo/stock/stocksProductEcommerce.service.ts
FN:32,(anonymous_15)
FN:37,(anonymous_16)
FN:37,(anonymous_17)
FN:60,(anonymous_18)
FNF:4
FNH:0
FNDA:0,(anonymous_15)
FNDA:0,(anonymous_16)
FNDA:0,(anonymous_17)
FNDA:0,(anonymous_18)
DA:3,0
DA:9,0
DA:10,0
DA:11,0
DA:15,0
DA:17,0
DA:18,0
DA:19,0
DA:25,0
DA:26,0
DA:30,0
DA:32,0
DA:33,0
DA:35,0
DA:37,0
DA:38,0
DA:39,0
DA:44,0
DA:49,0
DA:52,0
DA:53,0
DA:54,0
DA:60,0
DA:61,0
DA:62,0
DA:63,0
DA:66,0
DA:74,0
DA:77,0
DA:79,0
DA:80,0
DA:81,0
DA:96,0
DA:97,0
DA:98,0
DA:99,0
DA:104,0
DA:109,0
DA:113,0
DA:114,0
DA:116,0
DA:120,0
DA:125,0
DA:132,0
DA:135,0
DA:147,0
DA:155,0
DA:159,0
LF:48
LH:0
BRDA:49,0,0,0
BRDA:61,1,0,0
BRDA:80,2,0,0
BRDA:96,3,0,0
BRDA:96,3,1,0
BRDA:98,4,0,0
BRDA:98,4,1,0
BRDA:113,5,0,0
BRF:8
BRH:0
end_of_record
TN:
SF:services/erpProtheus/viveo/type/triangulationTypesPfs.service.ts
FN:33,(anonymous_15)
FN:37,(anonymous_16)
FN:37,(anonymous_17)
FN:56,(anonymous_18)
FNF:4
FNH:0
FNDA:0,(anonymous_15)
FNDA:0,(anonymous_16)
FNDA:0,(anonymous_17)
FNDA:0,(anonymous_18)
DA:2,0
DA:3,0
DA:9,0
DA:10,0
DA:11,0
DA:12,0
DA:16,0
DA:22,0
DA:24,0
DA:28,0
DA:29,0
DA:30,0
DA:31,0
DA:33,0
DA:34,0
DA:35,0
DA:37,0
DA:38,0
DA:39,0
DA:44,0
DA:49,0
DA:56,0
DA:57,0
DA:58,0
DA:59,0
DA:66,0
DA:68,0
DA:71,0
DA:81,0
DA:82,0
DA:83,0
DA:86,0
DA:87,0
DA:95,0
DA:105,0
DA:113,0
LF:36
LH:0
BRDA:49,0,0,0
BRDA:57,1,0,0
BRDA:66,2,0,0
BRDA:81,3,0,0
BRDA:82,4,0,0
BRDA:97,5,0,0
BRDA:97,5,1,0
BRF:7
BRH:0
end_of_record
TN:
SF:services/expedLog/delivery/delivery.service.ts
FN:36,(anonymous_7)
FN:50,(anonymous_8)
FN:60,(anonymous_10)
FN:77,(anonymous_12)
FNF:4
FNH:0
FNDA:0,(anonymous_7)
FNDA:0,(anonymous_8)
FNDA:0,(anonymous_10)
FNDA:0,(anonymous_12)
DA:1,0
DA:3,0
DA:10,0
DA:19,0
DA:23,0
DA:24,0
DA:26,0
DA:27,0
DA:28,0
DA:29,0
DA:30,0
DA:31,0
DA:32,0
DA:37,0
DA:39,0
DA:53,0
DA:63,0
DA:64,0
DA:68,0
DA:69,0
DA:71,0
DA:72,0
DA:77,0
DA:78,0
DA:81,0
DA:88,0
DA:90,0
DA:99,0
DA:100,0
DA:102,0
LF:30
LH:0
BRDA:71,0,0,0
BRDA:71,0,1,0
BRDA:99,1,0,0
BRDA:99,1,1,0
BRDA:104,2,0,0
BRDA:104,2,1,0
BRDA:104,2,2,0
BRDA:107,3,0,0
BRDA:107,3,1,0
BRDA:107,3,2,0
BRF:10
BRH:0
end_of_record
TN:
SF:services/expedLog/devolution/devolution.service.ts
FN:42,(anonymous_8)
FN:56,(anonymous_9)
FN:69,(anonymous_11)
FN:79,(anonymous_13)
FN:143,(anonymous_15)
FN:167,(anonymous_17)
FN:180,(anonymous_18)
FN:180,(anonymous_19)
FNF:8
FNH:0
FNDA:0,(anonymous_8)
FNDA:0,(anonymous_9)
FNDA:0,(anonymous_11)
FNDA:0,(anonymous_13)
FNDA:0,(anonymous_15)
FNDA:0,(anonymous_17)
FNDA:0,(anonymous_18)
FNDA:0,(anonymous_19)
DA:1,0
DA:3,0
DA:9,0
DA:18,0
DA:19,0
DA:20,0
DA:22,0
DA:29,0
DA:30,0
DA:32,0
DA:33,0
DA:34,0
DA:35,0
DA:36,0
DA:37,0
DA:40,0
DA:43,0
DA:45,0
DA:59,0
DA:72,0
DA:83,0
DA:84,0
DA:87,0
DA:89,0
DA:90,0
DA:92,0
DA:94,0
DA:96,0
DA:102,0
DA:104,0
DA:111,0
DA:118,0
DA:120,0
DA:129,0
DA:130,0
DA:132,0
DA:144,0
DA:145,0
DA:147,0
DA:148,0
DA:155,0
DA:159,0
DA:167,0
DA:169,0
DA:170,0
DA:171,0
DA:172,0
DA:179,0
DA:180,0
DA:181,0
DA:186,0
DA:189,0
DA:190,0
DA:198,0
DA:204,0
LF:55
LH:0
BRDA:89,0,0,0
BRDA:89,0,1,0
BRDA:94,1,0,0
BRDA:94,1,1,0
BRDA:129,2,0,0
BRDA:129,2,1,0
BRDA:134,3,0,0
BRDA:134,3,1,0
BRDA:134,3,2,0
BRDA:137,4,0,0
BRDA:137,4,1,0
BRDA:137,4,2,0
BRDA:147,5,0,0
BRDA:147,6,0,0
BRDA:147,6,1,0
BRDA:171,7,0,0
BRDA:189,8,0,0
BRDA:206,9,0,0
BRDA:206,9,1,0
BRDA:206,9,2,0
BRDA:207,10,0,0
BRDA:207,10,1,0
BRDA:207,10,2,0
BRF:23
BRH:0
end_of_record
TN:
SF:services/expedLog/healthCheck/healthCheckExpedlog.service.ts
FN:21,(anonymous_7)
FN:35,(anonymous_8)
FN:43,(anonymous_10)
FNF:3
FNH:0
FNDA:0,(anonymous_7)
FNDA:0,(anonymous_8)
FNDA:0,(anonymous_10)
DA:1,0
DA:3,0
DA:4,0
DA:10,0
DA:12,0
DA:13,0
DA:14,0
DA:15,0
DA:16,0
DA:17,0
DA:22,0
DA:24,0
DA:36,0
DA:44,0
DA:45,0
DA:51,0
DA:52,0
DA:61,0
DA:67,0
LF:19
LH:0
BRDA:51,0,0,0
BRDA:56,1,0,0
BRDA:56,1,1,0
BRDA:56,1,2,0
BRDA:56,2,0,0
BRDA:56,2,1,0
BRDA:56,3,0,0
BRDA:56,3,1,0
BRDA:64,4,0,0
BRDA:64,4,1,0
BRDA:69,5,0,0
BRDA:69,5,1,0
BRDA:69,5,2,0
BRDA:70,6,0,0
BRDA:70,6,1,0
BRDA:70,6,2,0
BRF:16
BRH:0
end_of_record
TN:
SF:services/expedLog/invoice/fetchInvoice.service.ts
FN:36,(anonymous_7)
FN:50,(anonymous_8)
FN:60,(anonymous_10)
FN:84,(anonymous_12)
FN:96,(anonymous_13)
FN:96,(anonymous_14)
FNF:6
FNH:0
FNDA:0,(anonymous_7)
FNDA:0,(anonymous_8)
FNDA:0,(anonymous_10)
FNDA:0,(anonymous_12)
FNDA:0,(anonymous_13)
FNDA:0,(anonymous_14)
DA:1,0
DA:3,0
DA:9,0
DA:10,0
DA:11,0
DA:18,0
DA:19,0
DA:23,0
DA:25,0
DA:26,0
DA:27,0
DA:28,0
DA:29,0
DA:30,0
DA:31,0
DA:32,0
DA:37,0
DA:39,0
DA:53,0
DA:61,0
DA:62,0
DA:64,0
DA:65,0
DA:71,0
DA:75,0
DA:84,0
DA:85,0
DA:86,0
DA:87,0
DA:88,0
DA:95,0
DA:96,0
DA:97,0
DA:101,0
DA:104,0
DA:105,0
DA:113,0
DA:119,0
LF:38
LH:0
BRDA:64,0,0,0
BRDA:87,1,0,0
BRDA:104,2,0,0
BRDA:121,3,0,0
BRDA:121,3,1,0
BRDA:121,3,2,0
BRDA:122,4,0,0
BRDA:122,4,1,0
BRDA:122,4,2,0
BRF:9
BRH:0
end_of_record
TN:
SF:services/expedLog/invoice/invoiceIntegration.service.ts
FN:35,(anonymous_7)
FN:49,(anonymous_8)
FN:59,(anonymous_10)
FN:77,(anonymous_12)
FNF:4
FNH:0
FNDA:0,(anonymous_7)
FNDA:0,(anonymous_8)
FNDA:0,(anonymous_10)
FNDA:0,(anonymous_12)
DA:1,0
DA:3,0
DA:9,0
DA:18,0
DA:22,0
DA:23,0
DA:25,0
DA:26,0
DA:27,0
DA:28,0
DA:29,0
DA:30,0
DA:31,0
DA:36,0
DA:38,0
DA:52,0
DA:62,0
DA:64,0
DA:68,0
DA:69,0
DA:71,0
DA:72,0
DA:77,0
DA:78,0
DA:81,0
DA:89,0
DA:91,0
DA:100,0
DA:101,0
DA:103,0
LF:30
LH:0
BRDA:71,0,0,0
BRDA:71,0,1,0
BRDA:100,1,0,0
BRDA:100,1,1,0
BRDA:105,2,0,0
BRDA:105,2,1,0
BRDA:105,2,2,0
BRDA:108,3,0,0
BRDA:108,3,1,0
BRDA:108,3,2,0
BRF:10
BRH:0
end_of_record
TN:
SF:services/expedLog/newRoute/newRoute.service.ts
FN:37,(anonymous_8)
FN:51,(anonymous_9)
FN:61,(anonymous_11)
FNF:3
FNH:0
FNDA:0,(anonymous_8)
FNDA:0,(anonymous_9)
FNDA:0,(anonymous_11)
DA:1,0
DA:3,0
DA:9,0
DA:18,0
DA:19,0
DA:20,0
DA:24,0
DA:27,0
DA:28,0
DA:29,0
DA:30,0
DA:31,0
DA:32,0
DA:35,0
DA:38,0
DA:40,0
DA:54,0
DA:62,0
DA:63,0
DA:66,0
DA:67,0
DA:69,0
DA:70,0
DA:72,0
DA:74,0
DA:76,0
DA:82,0
DA:84,0
DA:91,0
DA:98,0
DA:100,0
DA:109,0
DA:110,0
DA:112,0
LF:34
LH:0
BRDA:69,0,0,0
BRDA:69,0,1,0
BRDA:74,1,0,0
BRDA:74,1,1,0
BRDA:109,2,0,0
BRDA:109,2,1,0
BRDA:114,3,0,0
BRDA:114,3,1,0
BRDA:114,3,2,0
BRDA:117,4,0,0
BRDA:117,4,1,0
BRDA:117,4,2,0
BRF:12
BRH:0
end_of_record
TN:
SF:services/expedLog/sla/slaRecalculation.service.ts
FN:36,(anonymous_7)
FN:50,(anonymous_8)
FN:60,(anonymous_10)
FN:77,(anonymous_12)
FNF:4
FNH:0
FNDA:0,(anonymous_7)
FNDA:0,(anonymous_8)
FNDA:0,(anonymous_10)
FNDA:0,(anonymous_12)
DA:1,0
DA:3,0
DA:10,0
DA:19,0
DA:23,0
DA:24,0
DA:26,0
DA:27,0
DA:28,0
DA:29,0
DA:30,0
DA:31,0
DA:32,0
DA:37,0
DA:39,0
DA:53,0
DA:63,0
DA:64,0
DA:68,0
DA:69,0
DA:71,0
DA:72,0
DA:77,0
DA:78,0
DA:81,0
DA:88,0
DA:90,0
DA:99,0
DA:100,0
DA:102,0
LF:30
LH:0
BRDA:71,0,0,0
BRDA:71,0,1,0
BRDA:99,1,0,0
BRDA:99,1,1,0
BRDA:104,2,0,0
BRDA:104,2,1,0
BRDA:104,2,2,0
BRDA:107,3,0,0
BRDA:107,3,1,0
BRDA:107,3,2,0
BRF:10
BRH:0
end_of_record
TN:
SF:services/expedLog/sla/slaSearchTable.service.ts
FN:35,(anonymous_7)
FN:49,(anonymous_8)
FN:59,(anonymous_10)
FN:75,(anonymous_12)
FNF:4
FNH:0
FNDA:0,(anonymous_7)
FNDA:0,(anonymous_8)
FNDA:0,(anonymous_10)
FNDA:0,(anonymous_12)
DA:1,0
DA:3,0
DA:9,0
DA:18,0
DA:22,0
DA:23,0
DA:25,0
DA:26,0
DA:27,0
DA:28,0
DA:29,0
DA:30,0
DA:31,0
DA:36,0
DA:38,0
DA:52,0
DA:62,0
DA:63,0
DA:66,0
DA:67,0
DA:69,0
DA:70,0
DA:75,0
DA:76,0
DA:79,0
DA:86,0
DA:88,0
DA:97,0
DA:98,0
DA:100,0
LF:30
LH:0
BRDA:69,0,0,0
BRDA:69,0,1,0
BRDA:97,1,0,0
BRDA:97,1,1,0
BRDA:102,2,0,0
BRDA:102,2,1,0
BRDA:102,2,2,0
BRDA:105,3,0,0
BRDA:105,3,1,0
BRDA:105,3,2,0
BRF:10
BRH:0
end_of_record
TN:
SF:services/funcional/customer/customersFuncional.service.ts
FN:27,(anonymous_15)
FN:46,(anonymous_16)
FN:53,(anonymous_18)
FNF:3
FNH:0
FNDA:0,(anonymous_15)
FNDA:0,(anonymous_16)
FNDA:0,(anonymous_18)
DA:1,0
DA:8,0
DA:9,0
DA:11,0
DA:13,0
DA:15,0
DA:19,0
DA:22,0
DA:23,0
DA:24,0
DA:25,0
DA:27,0
DA:28,0
DA:46,0
DA:47,0
DA:48,0
DA:53,0
DA:54,0
DA:57,0
DA:66,0
DA:68,0
DA:76,0
DA:77,0
LF:23
LH:0
BRF:0
BRH:0
end_of_record
TN:
SF:services/funcional/order/ordersFuncional.service.ts
FN:32,(anonymous_13)
FN:45,(anonymous_14)
FN:71,(anonymous_16)
FN:79,(anonymous_18)
FN:94,(anonymous_20)
FN:122,(anonymous_21)
FN:132,(anonymous_23)
FNF:7
FNH:0
FNDA:0,(anonymous_13)
FNDA:0,(anonymous_14)
FNDA:0,(anonymous_16)
FNDA:0,(anonymous_18)
FNDA:0,(anonymous_20)
FNDA:0,(anonymous_21)
FNDA:0,(anonymous_23)
DA:1,0
DA:3,0
DA:13,0
DA:14,0
DA:18,0
DA:19,0
DA:20,0
DA:21,0
DA:23,0
DA:26,0
DA:27,0
DA:28,0
DA:29,0
DA:30,0
DA:31,0
DA:32,0
DA:33,0
DA:34,0
DA:46,0
DA:72,0
DA:80,0
DA:81,0
DA:82,0
DA:85,0
DA:86,0
DA:88,0
DA:89,0
DA:94,0
DA:95,0
DA:96,0
DA:101,0
DA:103,0
DA:109,0
DA:117,0
DA:118,0
DA:123,0
DA:124,0
DA:126,0
DA:127,0
DA:132,0
DA:133,0
DA:135,0
DA:143,0
DA:145,0
DA:153,0
DA:161,0
DA:162,0
LF:47
LH:0
BRDA:88,0,0,0
BRDA:88,0,1,0
BRDA:126,1,0,0
BRDA:126,1,1,0
BRF:4
BRH:0
end_of_record
TN:
SF:services/funcional/product/productsFuncional.service.ts
FN:27,(anonymous_15)
FN:48,(anonymous_16)
FN:55,(anonymous_18)
FNF:3
FNH:0
FNDA:0,(anonymous_15)
FNDA:0,(anonymous_16)
FNDA:0,(anonymous_18)
DA:1,0
DA:8,0
DA:9,0
DA:11,0
DA:13,0
DA:15,0
DA:19,0
DA:22,0
DA:23,0
DA:24,0
DA:25,0
DA:27,0
DA:28,0
DA:48,0
DA:49,0
DA:50,0
DA:55,0
DA:56,0
DA:59,0
DA:68,0
DA:70,0
DA:78,0
DA:79,0
LF:23
LH:0
BRF:0
BRH:0
end_of_record
TN:
SF:services/funcional/schedule/scheduleFuncional.service.ts
FN:25,(anonymous_9)
FN:42,(anonymous_10)
FN:95,(anonymous_12)
FNF:3
FNH:0
FNDA:0,(anonymous_9)
FNDA:0,(anonymous_10)
FNDA:0,(anonymous_12)
DA:2,0
DA:9,0
DA:11,0
DA:12,0
DA:14,0
DA:18,0
DA:19,0
DA:20,0
DA:21,0
DA:22,0
DA:23,0
DA:25,0
DA:26,0
DA:42,0
DA:43,0
DA:44,0
DA:54,0
DA:59,0
DA:63,0
DA:64,0
DA:68,0
DA:77,0
DA:85,0
DA:95,0
DA:96,0
DA:97,0
DA:99,0
DA:108,0
DA:116,0
DA:117,0
LF:30
LH:0
BRF:0
BRH:0
end_of_record
TN:
SF:services/funcional/stock/stocksFuncional.service.ts
FN:22,(anonymous_15)
FN:44,(anonymous_16)
FN:51,(anonymous_18)
FNF:3
FNH:0
FNDA:0,(anonymous_15)
FNDA:0,(anonymous_16)
FNDA:0,(anonymous_18)
DA:1,0
DA:8,0
DA:9,0
DA:12,0
DA:14,0
DA:18,0
DA:22,0
DA:23,0
DA:44,0
DA:45,0
DA:46,0
DA:51,0
DA:52,0
DA:55,0
DA:57,0
LF:15
LH:0
BRF:0
BRH:0
end_of_record
TN:
SF:services/gko/dne/postRequest.service.ts
FN:20,(anonymous_15)
FN:28,(anonymous_16)
FN:28,(anonymous_17)
FN:35,(anonymous_18)
FNF:4
FNH:0
FNDA:0,(anonymous_15)
FNDA:0,(anonymous_16)
FNDA:0,(anonymous_17)
FNDA:0,(anonymous_18)
DA:3,0
DA:9,0
DA:10,0
DA:11,0
DA:12,0
DA:14,0
DA:15,0
DA:19,0
DA:20,0
DA:21,0
DA:24,0
DA:25,0
DA:26,0
DA:28,0
DA:35,0
DA:36,0
DA:37,0
DA:45,0
DA:46,0
DA:47,0
DA:49,0
DA:56,0
DA:60,0
DA:62,0
LF:24
LH:0
BRF:0
BRH:0
end_of_record
TN:
SF:services/gko/healthCheck/healthCheck.service.ts
FN:18,(anonymous_15)
FN:22,(anonymous_16)
FN:22,(anonymous_17)
FN:29,(anonymous_18)
FNF:4
FNH:0
FNDA:0,(anonymous_15)
FNDA:0,(anonymous_16)
FNDA:0,(anonymous_17)
FNDA:0,(anonymous_18)
DA:3,0
DA:8,0
DA:9,0
DA:10,0
DA:12,0
DA:13,0
DA:17,0
DA:18,0
DA:19,0
DA:22,0
DA:29,0
DA:30,0
DA:31,0
DA:33,0
DA:34,0
DA:37,0
DA:39,0
DA:45,0
DA:47,0
DA:48,0
DA:54,0
DA:56,0
LF:22
LH:0
BRDA:33,0,0,0
BRDA:47,1,0,0
BRDA:47,1,1,0
BRF:3
BRH:0
end_of_record
TN:
SF:services/gko/token/tokenHandler.service.ts
FN:20,(anonymous_15)
FN:28,(anonymous_16)
FN:28,(anonymous_17)
FN:35,(anonymous_18)
FNF:4
FNH:0
FNDA:0,(anonymous_15)
FNDA:0,(anonymous_16)
FNDA:0,(anonymous_17)
FNDA:0,(anonymous_18)
DA:3,0
DA:8,0
DA:9,0
DA:12,0
DA:14,0
DA:15,0
DA:19,0
DA:20,0
DA:21,0
DA:24,0
DA:25,0
DA:26,0
DA:28,0
DA:35,0
DA:36,0
DA:38,0
LF:16
LH:0
BRF:0
BRH:0
end_of_record
TN:
SF:services/gupy/branch/branchsSeniorGupy.service.ts
FN:22,(anonymous_15)
FN:30,(anonymous_16)
FNF:2
FNH:0
FNDA:0,(anonymous_15)
FNDA:0,(anonymous_16)
DA:1,0
DA:3,0
DA:4,0
DA:5,0
DA:7,0
DA:8,0
DA:9,0
DA:11,0
DA:15,0
DA:17,0
DA:18,0
DA:19,0
DA:20,0
DA:22,0
DA:23,0
DA:30,0
DA:31,0
DA:32,0
DA:45,0
DA:46,0
DA:51,0
DA:52,0
DA:57,0
DA:58,0
DA:63,0
DA:65,0
DA:74,0
DA:76,0
DA:85,0
LF:29
LH:0
BRDA:45,0,0,0
BRDA:51,1,0,0
BRDA:57,2,0,0
BRF:3
BRH:0
end_of_record
TN:
SF:services/gupy/candidate/candidateHiredSeniorGupy.service.ts
FN:23,(anonymous_13)
FN:36,(anonymous_14)
FN:62,(anonymous_16)
FN:84,(anonymous_18)
FNF:4
FNH:0
FNDA:0,(anonymous_13)
FNDA:0,(anonymous_14)
FNDA:0,(anonymous_16)
FNDA:0,(anonymous_18)
DA:1,0
DA:3,0
DA:4,0
DA:10,0
DA:12,0
DA:13,0
DA:15,0
DA:18,0
DA:19,0
DA:20,0
DA:21,0
DA:23,0
DA:24,0
DA:25,0
DA:40,0
DA:44,0
DA:45,0
DA:47,0
DA:65,0
DA:66,0
DA:68,0
DA:70,0
DA:75,0
DA:84,0
DA:85,0
DA:88,0
DA:97,0
DA:99,0
DA:103,0
DA:105,0
DA:114,0
DA:123,0
LF:32
LH:0
BRDA:44,0,0,0
BRDA:44,0,1,0
BRDA:99,1,0,0
BRDA:99,1,1,0
BRDA:100,2,0,0
BRDA:100,2,1,0
BRF:6
BRH:0
end_of_record
TN:
SF:services/gupy/departament/departamentsSeniorGupy.service.ts
FN:22,(anonymous_15)
FN:30,(anonymous_16)
FNF:2
FNH:0
FNDA:0,(anonymous_15)
FNDA:0,(anonymous_16)
DA:1,0
DA:3,0
DA:4,0
DA:5,0
DA:7,0
DA:8,0
DA:9,0
DA:11,0
DA:15,0
DA:17,0
DA:18,0
DA:19,0
DA:20,0
DA:22,0
DA:23,0
DA:30,0
DA:33,0
DA:34,0
DA:47,0
DA:48,0
DA:53,0
DA:54,0
DA:59,0
DA:60,0
DA:65,0
DA:67,0
DA:76,0
DA:78,0
DA:87,0
LF:29
LH:0
BRDA:47,0,0,0
BRDA:53,1,0,0
BRDA:59,2,0,0
BRF:3
BRH:0
end_of_record
TN:
SF:services/gupy/healthCheck/healthCheck.service.ts
FN:14,(anonymous_13)
FN:27,(anonymous_14)
FNF:2
FNH:0
FNDA:0,(anonymous_13)
FNDA:0,(anonymous_14)
DA:3,0
DA:4,0
DA:9,0
DA:11,0
DA:13,0
DA:14,0
DA:15,0
DA:16,0
DA:28,0
DA:33,0
DA:47,0
DA:51,0
DA:52,0
DA:58,0
DA:65,0
DA:71,0
LF:16
LH:0
BRDA:51,0,0,0
BRDA:51,0,1,0
BRF:2
BRH:0
end_of_record
TN:
SF:services/gupy/job/createJobSeniorGupy.service.ts
FN:22,(anonymous_15)
FN:30,(anonymous_16)
FNF:2
FNH:0
FNDA:0,(anonymous_15)
FNDA:0,(anonymous_16)
DA:1,0
DA:3,0
DA:4,0
DA:5,0
DA:7,0
DA:8,0
DA:9,0
DA:11,0
DA:15,0
DA:17,0
DA:18,0
DA:19,0
DA:20,0
DA:22,0
DA:23,0
DA:30,0
DA:33,0
DA:34,0
DA:48,0
DA:50,0
DA:59,0
DA:61,0
DA:70,0
LF:23
LH:0
BRF:0
BRH:0
end_of_record
TN:
SF:services/gupy/job/customFieldsSeniorGupy.service.ts
FN:22,(anonymous_15)
FN:30,(anonymous_16)
FNF:2
FNH:0
FNDA:0,(anonymous_15)
FNDA:0,(anonymous_16)
DA:1,0
DA:3,0
DA:4,0
DA:5,0
DA:7,0
DA:8,0
DA:9,0
DA:11,0
DA:15,0
DA:17,0
DA:18,0
DA:19,0
DA:20,0
DA:22,0
DA:23,0
DA:30,0
DA:31,0
DA:32,0
DA:45,0
DA:46,0
DA:51,0
DA:52,0
DA:57,0
DA:58,0
DA:60,0
DA:69,0
DA:71,0
DA:80,0
LF:28
LH:0
BRDA:45,0,0,0
BRDA:51,1,0,0
BRF:2
BRH:0
end_of_record
TN:
SF:services/gupy/role/listingRolesSeniorGupy.service.ts
FN:22,(anonymous_15)
FN:30,(anonymous_16)
FNF:2
FNH:0
FNDA:0,(anonymous_15)
FNDA:0,(anonymous_16)
DA:1,0
DA:3,0
DA:4,0
DA:5,0
DA:7,0
DA:8,0
DA:9,0
DA:11,0
DA:15,0
DA:17,0
DA:18,0
DA:19,0
DA:20,0
DA:22,0
DA:23,0
DA:30,0
DA:31,0
DA:32,0
DA:45,0
DA:46,0
DA:51,0
DA:52,0
DA:57,0
DA:58,0
DA:63,0
DA:65,0
DA:74,0
DA:76,0
DA:85,0
LF:29
LH:0
BRDA:45,0,0,0
BRDA:51,1,0,0
BRDA:57,2,0,0
BRF:3
BRH:0
end_of_record
TN:
SF:services/healthlog/cte/documentsCte.service.ts
FN:24,(anonymous_10)
FN:32,(anonymous_11)
FNF:2
FNH:0
FNDA:0,(anonymous_10)
FNDA:0,(anonymous_11)
DA:1,0
DA:3,0
DA:4,0
DA:5,0
DA:10,0
DA:12,0
DA:16,0
DA:17,0
DA:18,0
DA:19,0
DA:20,0
DA:21,0
DA:24,0
DA:25,0
DA:32,0
DA:33,0
DA:34,0
DA:35,0
DA:37,0
DA:46,0
DA:54,0
LF:21
LH:0
BRF:0
BRH:0
end_of_record
TN:
SF:services/integration/branch/listingBranchesSeniorGupy.service.ts
FN:22,(anonymous_10)
FN:30,(anonymous_11)
FN:54,(anonymous_13)
FNF:3
FNH:0
FNDA:0,(anonymous_10)
FNDA:0,(anonymous_11)
FNDA:0,(anonymous_13)
DA:1,0
DA:3,0
DA:4,0
DA:6,0
DA:8,0
DA:10,0
DA:14,0
DA:17,0
DA:18,0
DA:19,0
DA:20,0
DA:22,0
DA:23,0
DA:30,0
DA:33,0
DA:34,0
DA:36,0
DA:40,0
DA:45,0
DA:54,0
DA:55,0
DA:58,0
DA:67,0
DA:69,0
DA:78,0
LF:25
LH:0
BRF:0
BRH:0
end_of_record
TN:
SF:services/integration/candidate/candidateHiredSeniorGupy.service.ts
FN:20,(anonymous_9)
FN:28,(anonymous_10)
FN:47,(anonymous_12)
FNF:3
FNH:0
FNDA:0,(anonymous_9)
FNDA:0,(anonymous_10)
FNDA:0,(anonymous_12)
DA:1,0
DA:3,0
DA:4,0
DA:6,0
DA:8,0
DA:12,0
DA:15,0
DA:16,0
DA:17,0
DA:18,0
DA:20,0
DA:21,0
DA:28,0
DA:31,0
DA:32,0
DA:33,0
DA:38,0
DA:47,0
DA:48,0
DA:51,0
DA:60,0
DA:62,0
DA:71,0
LF:23
LH:0
BRF:0
BRH:0
end_of_record
TN:
SF:services/integration/candidate/candidateHiredSeniorUnico.service.ts
FN:19,(anonymous_9)
FN:27,(anonymous_10)
FN:45,(anonymous_12)
FNF:3
FNH:0
FNDA:0,(anonymous_9)
FNDA:0,(anonymous_10)
FNDA:0,(anonymous_12)
DA:1,0
DA:2,0
DA:3,0
DA:5,0
DA:7,0
DA:11,0
DA:14,0
DA:15,0
DA:16,0
DA:17,0
DA:19,0
DA:20,0
DA:27,0
DA:30,0
DA:31,0
DA:36,0
DA:45,0
DA:46,0
DA:49,0
DA:58,0
DA:60,0
LF:21
LH:0
BRF:0
BRH:0
end_of_record
TN:
SF:services/integration/companie/checkSubsidiary.service.ts
FN:29,(anonymous_10)
FN:33,(anonymous_11)
FN:61,(anonymous_13)
FN:125,(anonymous_15)
FNF:4
FNH:0
FNDA:0,(anonymous_10)
FNDA:0,(anonymous_11)
FNDA:0,(anonymous_13)
FNDA:0,(anonymous_15)
DA:1,0
DA:7,0
DA:8,0
DA:9,0
DA:11,0
DA:13,0
DA:17,0
DA:20,0
DA:21,0
DA:22,0
DA:23,0
DA:25,0
DA:26,0
DA:27,0
DA:29,0
DA:30,0
DA:34,0
DA:35,0
DA:37,0
DA:45,0
DA:61,0
DA:62,0
DA:63,0
DA:65,0
DA:69,0
DA:73,0
DA:82,0
DA:83,0
DA:92,0
DA:98,0
DA:107,0
DA:114,0
DA:126,0
LF:33
LH:0
BRDA:82,0,0,0
BRDA:82,0,1,0
BRF:2
BRH:0
end_of_record
TN:
SF:services/integration/companie/poolQueryOrdersBranchIdsData.service.ts
FN:26,(anonymous_9)
FN:29,(anonymous_10)
FN:29,(anonymous_11)
FN:47,(anonymous_12)
FNF:4
FNH:0
FNDA:0,(anonymous_9)
FNDA:0,(anonymous_10)
FNDA:0,(anonymous_11)
FNDA:0,(anonymous_12)
DA:3,0
DA:4,0
DA:9,0
DA:14,0
DA:15,0
DA:17,0
DA:21,0
DA:22,0
DA:23,0
DA:24,0
DA:26,0
DA:27,0
DA:29,0
DA:30,0
DA:31,0
DA:36,0
DA:40,0
DA:47,0
DA:48,0
DA:49,0
DA:50,0
DA:54,0
DA:56,0
DA:57,0
DA:58,0
DA:66,0
DA:70,0
DA:78,0
LF:28
LH:0
BRDA:40,0,0,0
BRDA:49,1,0,0
BRDA:56,2,0,0
BRF:3
BRH:0
end_of_record
TN:
SF:services/integration/consumer/consValidateConsumer.service.ts
FN:27,(anonymous_16)
FN:35,(anonymous_17)
FN:55,(anonymous_19)
FN:173,(anonymous_21)
FNF:4
FNH:0
FNDA:0,(anonymous_16)
FNDA:0,(anonymous_17)
FNDA:0,(anonymous_19)
FNDA:0,(anonymous_21)
DA:3,0
DA:4,0
DA:9,0
DA:10,0
DA:11,0
DA:12,0
DA:13,0
DA:17,0
DA:19,0
DA:20,0
DA:24,0
DA:27,0
DA:28,0
DA:31,0
DA:32,0
DA:33,0
DA:36,0
DA:37,0
DA:39,0
DA:47,0
DA:55,0
DA:56,0
DA:57,0
DA:59,0
DA:60,0
DA:61,0
DA:62,0
DA:69,0
DA:73,0
DA:80,0
DA:81,0
DA:82,0
DA:83,0
DA:84,0
DA:86,0
DA:87,0
DA:88,0
DA:89,0
DA:90,0
DA:92,0
DA:93,0
DA:94,0
DA:95,0
DA:96,0
DA:100,0
DA:105,0
DA:106,0
DA:108,0
DA:113,0
DA:114,0
DA:120,0
DA:125,0
DA:138,0
DA:144,0
DA:149,0
DA:155,0
DA:163,0
DA:174,0
LF:58
LH:0
BRDA:80,0,0,0
BRDA:80,0,1,0
BRDA:80,1,0,0
BRDA:80,1,1,0
BRDA:86,2,0,0
BRDA:86,2,1,0
BRDA:86,3,0,0
BRDA:86,3,1,0
BRDA:92,4,0,0
BRDA:92,5,0,0
BRDA:92,5,1,0
BRDA:113,6,0,0
BRF:12
BRH:0
end_of_record
TN:
SF:services/integration/customer/customersFuncional.service.ts
FN:29,(anonymous_10)
FN:36,(anonymous_11)
FNF:2
FNH:0
FNDA:0,(anonymous_10)
FNDA:0,(anonymous_11)
DA:1,0
DA:7,0
DA:8,0
DA:13,0
DA:15,0
DA:19,0
DA:24,0
DA:25,0
DA:26,0
DA:27,0
DA:29,0
DA:30,0
DA:36,0
DA:39,0
DA:40,0
DA:43,0
DA:44,0
DA:46,0
DA:52,0
DA:56,0
DA:57,0
DA:59,0
DA:65,0
DA:69,0
DA:70,0
DA:72,0
DA:77,0
DA:83,0
DA:88,0
DA:89,0
DA:92,0
DA:93,0
DA:104,0
DA:113,0
DA:115,0
DA:123,0
DA:126,0
DA:134,0
DA:135,0
LF:39
LH:0
BRDA:44,0,0,0
BRDA:44,0,1,0
BRDA:44,0,2,0
BRDA:92,1,0,0
BRDA:92,1,1,0
BRDA:95,2,0,0
BRDA:95,2,1,0
BRDA:99,3,0,0
BRDA:99,3,1,0
BRF:9
BRH:0
end_of_record
TN:
SF:services/integration/delivery/deliveryExpedLog.service.ts
FN:25,(anonymous_10)
FN:33,(anonymous_11)
FNF:2
FNH:0
FNDA:0,(anonymous_10)
FNDA:0,(anonymous_11)
DA:1,0
DA:3,0
DA:4,0
DA:5,0
DA:8,0
DA:10,0
DA:14,0
DA:15,0
DA:16,0
DA:17,0
DA:18,0
DA:19,0
DA:20,0
DA:21,0
DA:25,0
DA:26,0
DA:33,0
DA:34,0
DA:35,0
DA:36,0
DA:40,0
DA:49,0
DA:51,0
DA:59,0
LF:24
LH:0
BRF:0
BRH:0
end_of_record
TN:
SF:services/integration/department/listingDepartmentsSeniorGupy.service.ts
FN:21,(anonymous_10)
FN:29,(anonymous_11)
FN:52,(anonymous_13)
FNF:3
FNH:0
FNDA:0,(anonymous_10)
FNDA:0,(anonymous_11)
FNDA:0,(anonymous_13)
DA:1,0
DA:3,0
DA:4,0
DA:5,0
DA:7,0
DA:9,0
DA:13,0
DA:16,0
DA:17,0
DA:18,0
DA:19,0
DA:21,0
DA:22,0
DA:29,0
DA:32,0
DA:33,0
DA:35,0
DA:38,0
DA:43,0
DA:52,0
DA:53,0
DA:56,0
DA:65,0
DA:67,0
DA:76,0
LF:25
LH:0
BRF:0
BRH:0
end_of_record
TN:
SF:services/integration/devolution/devolutionIntegrationExpedLog.service.ts
FN:28,(anonymous_10)
FN:33,(anonymous_11)
FN:33,(anonymous_12)
FN:45,(anonymous_13)
FN:61,(anonymous_15)
FN:61,(anonymous_16)
FNF:6
FNH:0
FNDA:0,(anonymous_10)
FNDA:0,(anonymous_11)
FNDA:0,(anonymous_12)
FNDA:0,(anonymous_13)
FNDA:0,(anonymous_15)
[...]
DA:93,0
DA:101,0
DA:102,0
DA:103,0
DA:105,0
DA:106,0
LF:47
LH:0
BRDA:24,0,0,0
BRDA:44,1,0,0
BRDA:58,2,0,0
BRDA:58,3,0,0
BRDA:58,3,1,0
BRDA:61,4,0,0
BRDA:64,5,0,0
BRDA:80,6,0,0
BRDA:80,7,0,0
BRDA:80,7,1,0
BRDA:83,8,0,0
BRDA:86,9,0,0
BRDA:92,10,0,0
BRF:13
BRH:0
end_of_record
TN:
SF:services/library/auth/authorizationToken.service.ts
FN:21,(anonymous_15)
FN:32,(anonymous_16)
FN:69,(anonymous_18)
FN:73,(anonymous_19)
FN:75,(anonymous_20)
FNF:5
FNH:0
FNDA:0,(anonymous_15)
FNDA:0,(anonymous_16)
FNDA:0,(anonymous_18)
FNDA:0,(anonymous_19)
FNDA:0,(anonymous_20)
DA:1,0
DA:2,0
DA:3,0
DA:10,0
DA:12,0
DA:13,0
DA:14,0
DA:15,0
DA:16,0
DA:20,0
DA:21,0
DA:22,0
DA:32,0
DA:33,0
DA:34,0
DA:35,0
DA:36,0
DA:38,0
DA:41,0
DA:42,0
DA:43,0
DA:45,0
DA:52,0
DA:55,0
DA:58,0
DA:62,0
DA:63,0
DA:65,0
DA:69,0
DA:70,0
DA:73,0
DA:75,0
DA:76,0
DA:78,0
DA:79,0
LF:35
LH:0
BRDA:35,0,0,0
BRDA:41,1,0,0
BRDA:55,2,0,0
BRDA:62,3,0,0
BRF:4
BRH:0
end_of_record
TN:
SF:services/library/axios/axiosInterceptos.ts
FN:5,axiosInterceptors
FNF:1
FNH:1
FNDA:1,axiosInterceptors
DA:1,1
DA:2,1
DA:5,1
DA:6,1
DA:7,1
DA:8,1
DA:10,1
DA:12,1
DA:13,1
DA:14,1
DA:16,0
DA:17,0
DA:18,0
DA:21,0
DA:25,1
LF:15
LH:11
BRDA:14,0,0,0
BRDA:14,0,1,1
BRDA:14,1,0,1
BRDA:14,1,1,1
BRDA:16,2,0,0
BRDA:16,3,0,0
BRDA:16,3,1,0
BRDA:18,4,0,0
BRDA:18,4,1,0
BRDA:18,5,0,0
BRDA:18,5,1,0
BRF:11
BRH:3
end_of_record
TN:
SF:services/library/axios/axiosRequest.ts
FN:6,AxiosRequestComplete
FN:40,(anonymous_10)
FN:59,(anonymous_11)
FN:79,AxiosRequestSimple
FN:94,(anonymous_14)
FN:98,(anonymous_15)
FN:117,AxiosRequestWithOutAuth
FN:142,(anonymous_18)
FN:149,(anonymous_19)
FN:166,AxiosRequestType
FN:186,(anonymous_22)
FN:192,(anonymous_23)
FN:213,AxiosRequest
FN:220,(anonymous_26)
FN:224,(anonymous_27)
FN:238,simpleRequest
FNF:16
FNH:0
FNDA:0,AxiosRequestComplete
FNDA:0,(anonymous_10)
FNDA:0,(anonymous_11)
FNDA:0,AxiosRequestSimple
FNDA:0,(anonymous_14)
FNDA:0,(anonymous_15)
FNDA:0,AxiosRequestWithOutAuth
FNDA:0,(anonymous_18)
FNDA:0,(anonymous_19)
FNDA:0,AxiosRequestType
FNDA:0,(anonymous_22)
FNDA:0,(anonymous_23)
FNDA:0,AxiosRequest
FNDA:0,(anonymous_26)
FNDA:0,(anonymous_27)
FNDA:0,simpleRequest
DA:1,0
DA:2,0
DA:3,0
DA:6,0
DA:18,0
DA:20,0
DA:21,0
DA:22,0
DA:25,0
DA:41,0
DA:42,0
DA:43,0
DA:47,0
DA:48,0
DA:53,0
DA:60,0
DA:61,0
DA:62,0
DA:67,0
DA:68,0
DA:73,0
DA:75,0
DA:79,0
DA:83,0
DA:86,0
DA:95,0
DA:96,0
DA:99,0
DA:103,0
DA:107,0
DA:110,0
DA:117,0
DA:124,0
DA:127,0
DA:143,0
DA:144,0
DA:150,0
DA:156,0
DA:160,0
DA:162,0
DA:166,0
DA:173,0
DA:175,0
DA:187,0
DA:193,0
DA:194,0
DA:196,0
DA:201,0
DA:203,0
DA:207,0
DA:209,0
DA:213,0
DA:216,0
DA:219,0
DA:221,0
DA:222,0
DA:225,0
DA:229,0
DA:232,0
DA:234,0
DA:238,0
DA:244,0
DA:245,0
DA:251,0
DA:252,0
DA:253,0
DA:254,0
DA:257,0
DA:261,0
DA:263,0
DA:269,0
DA:270,0
DA:271,0
DA:273,0
LF:74
LH:0
BRDA:20,0,0,0
BRDA:20,1,0,0
BRDA:20,1,1,0
BRDA:42,2,0,0
BRDA:42,2,1,0
BRDA:42,3,0,0
BRDA:42,3,1,0
BRDA:42,4,0,0
BRDA:42,4,1,0
BRDA:42,5,0,0
BRDA:42,5,1,0
BRDA:42,6,0,0
BRDA:42,6,1,0
BRDA:45,7,0,0
BRDA:45,7,1,0
BRDA:45,8,0,0
BRDA:45,8,1,0
BRDA:45,9,0,0
BRDA:45,9,1,0
BRDA:45,10,0,0
BRDA:45,10,1,0
BRDA:47,11,0,0
BRDA:47,11,1,0
BRDA:47,12,0,0
BRDA:47,12,1,0
BRDA:47,13,0,0
BRDA:47,13,1,0
BRDA:50,14,0,0
BRDA:50,14,1,0
BRDA:50,15,0,0
BRDA:50,15,1,0
BRDA:60,16,0,0
BRDA:60,16,1,0
BRDA:61,17,0,0
BRDA:61,17,1,0
BRDA:61,18,0,0
BRDA:61,18,1,0
BRDA:61,19,0,0
BRDA:61,19,1,0
BRDA:61,20,0,0
BRDA:61,20,1,0
BRDA:61,21,0,0
BRDA:61,21,1,0
BRDA:67,22,0,0
BRDA:67,22,1,0
BRDA:67,23,0,0
BRDA:67,23,1,0
BRDA:67,24,0,0
BRDA:67,24,1,0
BRDA:67,25,0,0
BRDA:67,25,1,0
BRDA:67,26,0,0
BRDA:67,26,1,0
BRDA:100,27,0,0
BRDA:100,27,1,0
BRDA:100,28,0,0
BRDA:100,28,1,0
BRDA:151,29,0,0
BRDA:151,29,1,0
BRDA:151,30,0,0
BRDA:151,30,1,0
BRDA:152,31,0,0
BRDA:152,31,1,0
BRDA:193,32,0,0
BRDA:193,32,1,0
BRDA:195,33,0,0
BRDA:195,33,1,0
BRDA:202,34,0,0
BRDA:202,34,1,0
BRDA:226,35,0,0
BRDA:226,35,1,0
BRDA:226,36,0,0
BRDA:226,36,1,0
BRDA:253,37,0,0
BRDA:253,38,0,0
BRDA:253,38,1,0
BRDA:269,39,0,0
BRDA:270,40,0,0
BRDA:270,40,1,0
BRDA:270,41,0,0
BRDA:270,41,1,0
BRDA:270,42,0,0
BRDA:270,42,1,0
BRDA:270,43,0,0
BRDA:270,43,1,0
BRDA:270,44,0,0
BRDA:270,44,1,0
BRDA:271,45,0,0
BRDA:271,45,1,0
BRDA:271,46,0,0
BRDA:271,46,1,0
BRDA:271,47,0,0
BRDA:271,47,1,0
BRF:93
BRH:0
end_of_record
TN:
SF:services/library/convert/convertValue.ts
FN:1,convertValue
FNF:1
FNH:0
FNDA:0,convertValue
DA:1,0
DA:5,0
DA:6,0
DA:7,0
DA:10,0
DA:11,0
DA:14,0
DA:15,0
DA:18,0
DA:20,0
LF:10
LH:0
BRDA:7,0,0,0
BRDA:7,0,1,0
BRF:2
BRH:0
end_of_record
TN:
SF:services/library/crmiso/removeEspecialCharacters.ts
FN:1,removeEspecialCharacters
FNF:1
FNH:0
FNDA:0,removeEspecialCharacters
DA:1,0
DA:4,0
DA:5,0
DA:8,0
DA:10,0
DA:11,0
DA:14,0
DA:29,0
LF:8
LH:0
BRDA:4,0,0,0
BRDA:10,1,0,0
BRF:2
BRH:0
end_of_record
TN:
SF:services/library/cronJob/cronJobOne.service.ts
FN:18,(anonymous_9)
FN:23,(anonymous_10)
FN:23,(anonymous_11)
FN:37,(anonymous_12)
FN:37,(anonymous_13)
FN:51,(anonymous_14)
FN:51,(anonymous_15)
FN:65,(anonymous_16)
FN:65,(anonymous_17)
FN:79,(anonymous_18)
FN:79,(anonymous_19)
FN:102,(anonymous_20)
FN:134,(anonymous_22)
FN:168,(anonymous_24)
FN:193,(anonymous_26)
FN:216,(anonymous_28)
FNF:16
FNH:0
FNDA:0,(anonymous_9)
FNDA:0,(anonymous_10)
FNDA:0,(anonymous_11)
FNDA:0,(anonymous_12)
FNDA:0,(anonymous_13)
FNDA:0,(anonymous_14)
FNDA:0,(anonymous_15)
FNDA:0,(anonymous_16)
FNDA:0,(anonymous_17)
FNDA:0,(anonymous_18)
FNDA:0,(anonymous_19)
FNDA:0,(anonymous_20)
FNDA:0,(anonymous_22)
FNDA:0,(anonymous_24)
FNDA:0,(anonymous_26)
FNDA:0,(anonymous_28)
DA:3,0
DA:4,0
DA:5,0
DA:6,0
DA:8,0
DA:12,0
DA:14,0
DA:19,0
DA:21,0
DA:23,0
DA:24,0
DA:25,0
DA:30,0
DA:35,0
DA:37,0
DA:38,0
DA:39,0
DA:44,0
DA:49,0
DA:51,0
DA:52,0
DA:53,0
DA:58,0
DA:63,0
DA:65,0
DA:66,0
DA:67,0
DA:72,0
DA:77,0
DA:79,0
DA:80,0
DA:81,0
DA:86,0
DA:91,0
DA:92,0
DA:93,0
DA:94,0
DA:95,0
DA:102,0
DA:103,0
DA:104,0
DA:106,0
DA:111,0
DA:117,0
DA:125,0
DA:126,0
DA:134,0
DA:135,0
DA:136,0
DA:137,0
DA:141,0
DA:145,0
DA:151,0
DA:159,0
DA:160,0
DA:168,0
DA:169,0
DA:170,0
DA:171,0
DA:176,0
DA:184,0
DA:185,0
DA:193,0
DA:194,0
DA:195,0
DA:196,0
DA:199,0
DA:207,0
DA:208,0
DA:216,0
DA:217,0
DA:218,0
DA:219,0
DA:223,0
DA:228,0
DA:236,0
DA:237,0
LF:77
LH:0
BRDA:91,0,0,0
BRDA:92,1,0,0
BRDA:93,2,0,0
BRDA:94,3,0,0
BRDA:95,4,0,0
BRDA:104,5,0,0
BRDA:136,6,0,0
BRDA:170,7,0,0
BRDA:195,8,0,0
BRDA:218,9,0,0
BRF:10
BRH:0
end_of_record
TN:
SF:services/library/dateTime/formatDateTime.ts
FN:1,padTo2Digits
FN:5,formatDate
FNF:2
FNH:0
FNDA:0,padTo2Digits
FNDA:0,formatDate
DA:1,0
DA:2,0
DA:5,0
DA:14,0
DA:25,0
LF:5
LH:0
BRF:0
BRH:0
end_of_record
TN:
SF:services/library/elasticSearch/elasticApm.ts
FNF:0
FNH:0
DA:1,0
DA:2,0
DA:3,0
DA:4,0
DA:5,0
DA:7,0
LF:6
LH:0
BRF:0
BRH:0
end_of_record
TN:
SF:services/library/elasticSearch/elasticSearch.ts
FN:26,loggerElastic
FNF:1
FNH:0
FNDA:0,loggerElastic
DA:1,0
DA:2,0
DA:3,0
DA:4,0
DA:5,0
DA:6,0
DA:7,0
DA:8,0
DA:10,0
DA:12,0
DA:26,0
DA:34,0
DA:35,0
DA:37,0
DA:50,0
DA:52,0
LF:16
LH:0
BRDA:13,0,0,0
BRDA:13,0,1,0
BRDA:15,1,0,0
BRDA:15,1,1,0
BRDA:16,2,0,0
BRDA:16,2,1,0
BRF:6
BRH:0
end_of_record
TN:
SF:services/library/elasticSearch/environment.ts
FN:3,(anonymous_1)
FNF:1
FNH:0
FNDA:0,(anonymous_1)
DA:1,0
DA:3,0
DA:6,0
DA:8,0
DA:9,0
DA:11,0
DA:12,0
DA:14,0
DA:15,0
DA:18,0
LF:10
LH:0
BRDA:6,0,0,0
BRDA:6,0,1,0
BRDA:6,0,2,0
BRF:3
BRH:0
end_of_record
TN:
SF:services/library/erpProtheus/clearJson.ts
FN:1,clearJson
FN:22,removerAcentos
FN:65,(anonymous_11)
FNF:3
FNH:0
FNDA:0,clearJson
FNDA:0,removerAcentos
FNDA:0,(anonymous_11)
DA:1,0
DA:2,0
DA:3,0
DA:4,0
DA:5,0
DA:6,0
DA:7,0
DA:8,0
DA:9,0
DA:10,0
DA:11,0
DA:12,0
DA:13,0
DA:14,0
DA:16,0
DA:18,0
DA:22,0
DA:23,0
DA:64,0
DA:66,0
LF:20
LH:0
BRDA:66,0,0,0
BRDA:66,0,1,0
BRF:2
BRH:0
end_of_record
TN:
SF:services/library/erpProtheus/getToken.ts
FN:15,getToken
FN:49,getTokenGlobal
FN:68,getTokenUrlGlobal
FNF:3
FNH:0
FNDA:0,getToken
FNDA:0,getTokenGlobal
FNDA:0,getTokenUrlGlobal
DA:1,0
DA:2,0
DA:3,0
DA:4,0
DA:5,0
DA:7,0
DA:9,0
DA:10,0
DA:11,0
DA:12,0
DA:15,0
DA:16,0
DA:18,0
DA:24,0
DA:26,0
DA:35,0
DA:37,0
DA:45,0
DA:49,0
DA:56,0
DA:58,0
DA:60,0
DA:62,0
DA:64,0
DA:68,0
DA:69,0
DA:70,0
DA:72,0
DA:74,0
DA:76,0
LF:30
LH:0
BRF:0
BRH:0
end_of_record
TN:
SF:services/library/gko/getToken.ts
FN:9,getToken
FNF:1
FNH:0
FNDA:0,getToken
DA:1,0
DA:2,0
DA:5,0
DA:6,0
DA:8,0
DA:10,0
DA:21,0
DA:26,0
DA:29,0
DA:34,0
DA:35,0
DA:40,0
DA:41,0
DA:43,0
DA:44,0
DA:45,0
DA:47,0
DA:56,0
DA:59,0
LF:19
LH:0
BRDA:40,0,0,0
BRDA:40,1,0,0
BRDA:40,1,1,0
BRDA:40,2,0,0
BRDA:40,2,1,0
BRF:5
BRH:0
end_of_record
TN:
SF:services/library/gko/logoutToken.ts
FN:4,logoutToken
FNF:1
FNH:0
FNDA:0,logoutToken
DA:1,0
DA:5,0
DA:11,0
DA:15,0
DA:16,0
DA:22,0
DA:24,0
DA:33,0
DA:37,0
LF:9
LH:0
BRF:0
BRH:0
end_of_record
TN:
SF:services/library/healthCheck/health.service.ts
FN:7,(anonymous_7)
FN:19,(anonymous_8)
FN:28,(anonymous_10)
FNF:3
FNH:0
FNDA:0,(anonymous_7)
FNDA:0,(anonymous_8)
FNDA:0,(anonymous_10)
DA:2,0
DA:5,0
DA:7,0
DA:8,0
DA:9,0
DA:20,0
DA:29,0
DA:31,0
DA:32,0
DA:37,0
DA:43,0
LF:11
LH:0
BRDA:31,0,0,0
BRDA:31,0,1,0
BRF:2
BRH:0
end_of_record
TN:
SF:services/library/security/onBeforeCall.ts
FN:10,isOnBefore
FN:52,isPostBefore
FNF:2
FNH:0
FNDA:0,isOnBefore
FNDA:0,isPostBefore
DA:1,0
DA:5,0
DA:6,0
DA:7,0
DA:10,0
DA:14,0
DA:15,0
DA:16,0
DA:18,0
DA:19,0
DA:20,0
DA:22,0
DA:24,0
DA:25,0
DA:28,0
DA:37,0
DA:39,0
DA:48,0
DA:52,0
DA:53,0
DA:54,0
DA:56,0
DA:60,0
DA:61,0
DA:62,0
DA:67,0
DA:76,0
DA:78,0
DA:87,0
LF:29
LH:0
BRDA:18,0,0,0
BRDA:24,1,0,0
BRDA:60,2,0,0
BRF:3
BRH:0
end_of_record
TN:
SF:services/library/security/sanitize/paramsSanitize.ts
FN:4,sanitizeString
FN:12,sanitizeObject
FN:33,paramsSanitize
FN:39,(anonymous_4)
FN:54,validateXml
FNF:5
FNH:0
FNDA:0,sanitizeString
FNDA:0,sanitizeObject
FNDA:0,paramsSanitize
FNDA:0,(anonymous_4)
FNDA:0,validateXml
DA:1,0
DA:2,0
DA:8,0
DA:9,0
DA:16,0
DA:18,0
DA:19,0
DA:20,0
DA:21,0
DA:22,0
DA:23,0
DA:25,0
DA:26,0
DA:30,0
DA:33,0
DA:34,0
DA:39,0
DA:42,0
DA:43,0
DA:44,0
DA:47,0
DA:48,0
DA:51,0
DA:54,0
DA:55,0
DA:56,0
LF:26
LH:0
BRDA:9,0,0,0
BRDA:9,0,1,0
BRDA:19,1,0,0
BRDA:19,1,1,0
BRDA:22,2,0,0
BRDA:25,3,0,0
BRDA:26,4,0,0
BRDA:26,4,1,0
BRDA:42,5,0,0
BRDA:47,6,0,0
BRDA:47,7,0,0
BRDA:47,7,1,0
BRF:12
BRH:0
end_of_record
TN:
SF:services/library/security/sanitize/queryString.ts
FN:2,(anonymous_0)
FN:15,(anonymous_1)
FNF:2
FNH:0
FNDA:0,(anonymous_0)
FNDA:0,(anonymous_1)
DA:1,0
DA:2,0
DA:3,0
DA:4,0
DA:5,0
DA:12,0
DA:14,0
DA:16,0
DA:17,0
DA:22,0
DA:31,0
DA:36,0
DA:45,0
DA:47,0
DA:56,0
LF:15
LH:0
BRDA:16,0,0,0
BRF:1
BRH:0
end_of_record
TN:
SF:services/library/security/sanitize/userAgent.ts
FN:4,(anonymous_1)
FN:18,(anonymous_2)
FNF:2
FNH:0
FNDA:0,(anonymous_1)
FNDA:0,(anonymous_2)
DA:1,0
DA:2,0
DA:4,0
DA:5,0
DA:6,0
DA:8,0
DA:17,0
DA:18,0
DA:21,0
DA:23,0
DA:32,0
LF:11
LH:0
BRF:0
BRH:0
end_of_record
TN:
SF:services/library/shared/xlm-json.ts
FN:3,xmlToJSON
FN:10,jsonToXml
FNF:2
FNH:0
FNDA:0,xmlToJSON
FNDA:0,jsonToXml
DA:1,0
DA:4,0
DA:5,0
DA:7,0
DA:11,0
DA:12,0
DA:15,0
LF:7
LH:0
BRF:0
BRH:0
end_of_record
TN:
SF:services/ouro/register/registerOuroSenior.service.ts
FN:26,(anonymous_10)
FN:34,(anonymous_11)
FNF:2
FNH:0
FNDA:0,(anonymous_10)
FNDA:0,(anonymous_11)
DA:1,0
DA:3,0
DA:4,0
DA:5,0
DA:11,0
DA:12,0
DA:14,0
DA:18,0
DA:21,0
DA:22,0
DA:23,0
DA:24,0
DA:26,0
DA:27,0
DA:34,0
DA:35,0
DA:36,0
DA:51,0
DA:52,0
DA:53,0
DA:54,0
DA:55,0
DA:68,0
DA:70,0
DA:78,0
DA:80,0
LF:26
LH:0
BRDA:54,0,0,0
BRDA:54,0,1,0
BRF:2
BRH:0
end_of_record
TN:
SF:services/sap/request/request.service.ts
FN:22,(anonymous_16)
FN:36,(anonymous_17)
FNF:2
FNH:0
FNDA:0,(anonymous_16)
FNDA:0,(anonymous_17)
DA:3,0
DA:4,0
DA:5,0
DA:12,0
DA:14,0
DA:16,0
DA:17,0
DA:21,0
DA:22,0
DA:23,0
DA:26,0
DA:27,0
DA:28,0
DA:36,0
DA:37,0
DA:38,0
DA:61,0
DA:62,0
DA:64,0
DA:65,0
DA:67,0
DA:76,0
DA:81,0
DA:83,0
DA:91,0
DA:100,0
LF:26
LH:0
BRDA:64,0,0,0
BRDA:64,0,1,0
BRDA:85,1,0,0
BRDA:85,1,1,0
BRF:4
BRH:0
end_of_record
TN:
SF:services/sap/request/requestOrderSale.service.ts
FN:23,(anonymous_16)
FN:37,(anonymous_17)
FNF:2
FNH:0
FNDA:0,(anonymous_16)
FNDA:0,(anonymous_17)
DA:3,0
DA:4,0
DA:5,0
DA:12,0
DA:14,0
DA:15,0
DA:17,0
DA:18,0
DA:22,0
DA:23,0
DA:24,0
DA:27,0
DA:28,0
DA:29,0
DA:37,0
DA:38,0
DA:40,0
DA:41,0
DA:43,0
DA:44,0
DA:46,0
DA:55,0
DA:60,0
DA:62,0
DA:70,0
DA:79,0
LF:26
LH:0
BRDA:43,0,0,0
BRDA:43,0,1,0
BRDA:64,1,0,0
BRDA:64,1,1,0
BRF:4
BRH:0
end_of_record
TN:
SF:services/sap/stock/stockPfs.service.ts
FN:23,(anonymous_15)
FN:35,(anonymous_16)
FNF:2
FNH:0
FNDA:0,(anonymous_15)
FNDA:0,(anonymous_16)
DA:3,0
DA:9,0
DA:10,0
DA:11,0
DA:13,0
DA:14,0
DA:15,0
DA:17,0
DA:18,0
DA:22,0
DA:23,0
DA:24,0
DA:27,0
DA:28,0
DA:29,0
DA:35,0
DA:36,0
DA:37,0
DA:41,0
DA:47,0
DA:49,0
DA:54,0
DA:55,0
DA:56,0
DA:61,0
DA:64,0
DA:70,0
DA:79,0
DA:87,0
LF:29
LH:0
BRDA:54,0,0,0
BRDA:54,0,1,0
BRDA:63,1,0,0
BRDA:63,1,1,0
BRDA:63,2,0,0
BRDA:63,2,1,0
BRDA:63,3,0,0
BRDA:63,3,1,0
BRDA:63,4,0,0
BRDA:63,4,1,0
BRF:10
BRH:0
end_of_record
TN:
SF:services/sap/type/triangulationType.service.ts
FN:24,(anonymous_15)
FN:36,(anonymous_16)
FNF:2
FNH:0
FNDA:0,(anonymous_15)
FNDA:0,(anonymous_16)
DA:3,0
DA:4,0
DA:10,0
DA:11,0
DA:12,0
DA:14,0
DA:15,0
DA:17,0
DA:19,0
DA:23,0
DA:24,0
DA:25,0
DA:28,0
DA:29,0
DA:30,0
DA:36,0
DA:37,0
DA:38,0
DA:42,0
DA:48,0
DA:49,0
DA:52,0
DA:56,0
DA:57,0
DA:58,0
DA:64,0
DA:73,0
DA:81,0
LF:28
LH:0
BRDA:48,0,0,0
BRDA:56,1,0,0
BRDA:66,2,0,0
BRDA:66,2,1,0
BRF:4
BRH:0
end_of_record
TN:
SF:services/senior/branch/listingBranchesSeniorGupy.service.ts
FN:23,(anonymous_7)
FN:36,(anonymous_8)
FN:62,(anonymous_10)
FN:84,(anonymous_12)
FNF:4
FNH:0
FNDA:0,(anonymous_7)
FNDA:0,(anonymous_8)
FNDA:0,(anonymous_10)
FNDA:0,(anonymous_12)
DA:1,0
DA:3,0
DA:13,0
DA:15,0
DA:18,0
DA:19,0
DA:20,0
DA:21,0
DA:23,0
DA:24,0
DA:25,0
DA:40,0
DA:43,0
DA:44,0
DA:54,0
DA:65,0
DA:66,0
DA:68,0
DA:70,0
DA:75,0
DA:84,0
DA:85,0
DA:88,0
DA:97,0
DA:99,0
DA:101,0
DA:110,0
LF:27
LH:0
BRDA:43,0,0,0
BRDA:43,0,1,0
BRDA:47,1,0,0
BRDA:47,1,1,0
BRDA:47,2,0,0
BRDA:47,2,1,0
BRF:6
BRH:0
end_of_record
TN:
SF:services/senior/candidate/candidateHiredSeniorGupy.service.ts
FN:25,(anonymous_9)
FN:33,(anonymous_10)
FNF:2
FNH:0
FNDA:0,(anonymous_9)
FNDA:0,(anonymous_10)
DA:1,0
DA:3,0
DA:4,0
DA:5,0
DA:11,0
DA:12,0
DA:14,0
DA:18,0
DA:20,0
DA:21,0
DA:22,0
DA:23,0
DA:25,0
DA:26,0
DA:33,0
DA:36,0
DA:37,0
DA:56,0
DA:59,0
DA:63,0
DA:64,0
DA:82,0
DA:84,0
DA:94,0
DA:99,0
DA:101,0
DA:110,0
DA:115,0
LF:28
LH:0
BRDA:63,0,0,0
BRF:1
BRH:0
end_of_record
TN:
SF:services/senior/candidate/candidateHiredSeniorUnico.service.ts
FN:25,(anonymous_9)
FN:33,(anonymous_10)
FNF:2
FNH:0
FNDA:0,(anonymous_9)
FNDA:0,(anonymous_10)
DA:1,0
DA:3,0
DA:4,0
DA:5,0
DA:11,0
DA:12,0
DA:14,0
DA:18,0
DA:20,0
DA:21,0
DA:22,0
DA:23,0
DA:25,0
DA:26,0
DA:33,0
DA:36,0
DA:37,0
DA:41,0
DA:60,0
DA:63,0
DA:67,0
DA:68,0
DA:86,0
DA:88,0
DA:98,0
DA:103,0
DA:105,0
DA:114,0
LF:28
LH:0
BRDA:67,0,0,0
BRF:1
BRH:0
end_of_record
TN:
SF:services/senior/department/listingDepartmentsSeniorGupy.service.ts
FN:23,(anonymous_7)
FN:36,(anonymous_8)
FN:62,(anonymous_10)
FN:84,(anonymous_12)
FNF:4
FNH:0
FNDA:0,(anonymous_7)
FNDA:0,(anonymous_8)
FNDA:0,(anonymous_10)
FNDA:0,(anonymous_12)
DA:1,0
DA:3,0
DA:13,0
DA:15,0
DA:18,0
DA:19,0
DA:20,0
DA:21,0
DA:23,0
DA:24,0
DA:25,0
DA:40,0
DA:43,0
DA:44,0
DA:54,0
DA:65,0
DA:66,0
DA:68,0
DA:70,0
DA:75,0
DA:84,0
DA:85,0
DA:88,0
DA:97,0
DA:99,0
DA:101,0
DA:110,0
LF:27
LH:0
BRDA:43,0,0,0
BRDA:43,0,1,0
BRDA:47,1,0,0
BRDA:47,1,1,0
BRDA:47,2,0,0
BRDA:47,2,1,0
BRF:6
BRH:0
end_of_record
TN:
SF:services/senior/healthCheck/healthCheck.service.ts
FN:14,(anonymous_13)
FN:27,(anonymous_14)
FNF:2
FNH:2
FNDA:2,(anonymous_13)
FNDA:1,(anonymous_14)
DA:3,1
DA:4,1
DA:9,1
DA:11,1
DA:13,1
DA:14,2
DA:15,2
DA:16,2
DA:28,1
DA:33,1
DA:47,1
DA:51,1
DA:52,0
DA:58,1
DA:65,1
DA:71,1
LF:16
LH:15
BRDA:51,0,0,0
BRDA:51,0,1,1
BRF:2
BRH:1
end_of_record
TN:
SF:services/senior/job/createJobSeniorGupy.service.ts
FN:23,(anonymous_7)
FN:67,(anonymous_8)
FN:103,(anonymous_10)
FN:125,(anonymous_12)
FNF:4
FNH:0
FNDA:0,(anonymous_7)
FNDA:0,(anonymous_8)
FNDA:0,(anonymous_10)
FNDA:0,(anonymous_12)
DA:1,0
DA:3,0
DA:13,0
DA:15,0
DA:18,0
DA:19,0
DA:20,0
DA:21,0
DA:23,0
DA:24,0
DA:25,0
DA:71,0
DA:74,0
DA:75,0
DA:95,0
DA:106,0
DA:107,0
DA:109,0
DA:111,0
DA:116,0
DA:125,0
DA:126,0
DA:129,0
DA:138,0
DA:140,0
DA:142,0
DA:151,0
LF:27
LH:0
BRDA:74,0,0,0
BRDA:74,0,1,0
BRDA:77,1,0,0
BRDA:77,1,1,0
BRDA:88,2,0,0
BRDA:88,2,1,0
BRDA:88,3,0,0
BRDA:88,3,1,0
BRF:8
BRH:0
end_of_record
TN:
SF:services/senior/job/createJobSeniorUnico.service.ts
FN:23,(anonymous_7)
FN:36,(anonymous_8)
FN:46,(anonymous_10)
FN:70,(anonymous_12)
FNF:4
FNH:0
FNDA:0,(anonymous_7)
FNDA:0,(anonymous_8)
FNDA:0,(anonymous_10)
FNDA:0,(anonymous_12)
DA:1,0
DA:3,0
DA:13,0
DA:15,0
DA:18,0
DA:19,0
DA:20,0
DA:21,0
DA:23,0
DA:24,0
DA:25,0
DA:37,0
DA:49,0
DA:50,0
DA:54,0
DA:56,0
DA:61,0
DA:70,0
DA:71,0
DA:74,0
DA:76,0
DA:85,0
DA:86,0
DA:88,0
DA:100,0
LF:25
LH:0
BRDA:85,0,0,0
BRDA:85,0,1,0
BRDA:90,1,0,0
BRDA:90,1,1,0
BRDA:93,2,0,0
BRDA:93,2,1,0
BRF:6
BRH:0
end_of_record
TN:
SF:services/senior/job/customFieldSeniorGupy.service.ts
FN:23,(anonymous_7)
FN:36,(anonymous_8)
FN:62,(anonymous_10)
FN:84,(anonymous_12)
FNF:4
FNH:0
FNDA:0,(anonymous_7)
FNDA:0,(anonymous_8)
FNDA:0,(anonymous_10)
FNDA:0,(anonymous_12)
DA:1,0
DA:3,0
DA:13,0
DA:15,0
DA:18,0
DA:19,0
DA:20,0
DA:21,0
DA:23,0
DA:24,0
DA:25,0
DA:40,0
DA:43,0
DA:44,0
DA:54,0
DA:65,0
DA:66,0
DA:68,0
DA:70,0
DA:75,0
DA:84,0
DA:85,0
DA:88,0
DA:97,0
DA:99,0
DA:101,0
DA:110,0
LF:27
LH:0
BRDA:43,0,0,0
BRDA:43,0,1,0
BRDA:47,1,0,0
BRDA:47,1,1,0
BRDA:47,2,0,0
BRDA:47,2,1,0
BRF:6
BRH:0
end_of_record
TN:
SF:services/senior/register/registerSeniorOuro.service.ts
FN:22,(anonymous_7)
FN:35,(anonymous_8)
FN:59,(anonymous_10)
FN:66,(anonymous_12)
FNF:4
FNH:0
FNDA:0,(anonymous_7)
FNDA:0,(anonymous_8)
FNDA:0,(anonymous_10)
FNDA:0,(anonymous_12)
DA:2,0
DA:12,0
DA:14,0
DA:17,0
DA:18,0
DA:19,0
DA:20,0
DA:22,0
DA:23,0
DA:24,0
DA:39,0
DA:40,0
DA:41,0
DA:51,0
DA:60,0
DA:61,0
DA:66,0
DA:67,0
DA:70,0
DA:78,0
DA:80,0
DA:88,0
DA:89,0
LF:23
LH:0
BRDA:40,0,0,0
BRDA:40,0,1,0
BRDA:44,1,0,0
BRDA:44,1,1,0
BRDA:44,2,0,0
BRDA:44,2,1,0
BRF:6
BRH:0
end_of_record
TN:
SF:services/senior/role/listingRolesSeniorGupy.service.ts
FN:23,(anonymous_7)
FN:36,(anonymous_8)
FN:62,(anonymous_10)
FN:84,(anonymous_12)
FNF:4
FNH:0
FNDA:0,(anonymous_7)
FNDA:0,(anonymous_8)
FNDA:0,(anonymous_10)
FNDA:0,(anonymous_12)
DA:1,0
DA:3,0
DA:13,0
DA:15,0
DA:18,0
DA:19,0
DA:20,0
DA:21,0
DA:23,0
DA:24,0
DA:25,0
DA:40,0
DA:43,0
DA:44,0
DA:54,0
DA:65,0
DA:66,0
DA:68,0
DA:70,0
DA:75,0
DA:84,0
DA:85,0
DA:88,0
DA:97,0
DA:99,0
DA:101,0
DA:110,0
LF:27
LH:0
BRDA:43,0,0,0
BRDA:43,0,1,0
BRDA:47,1,0,0
BRDA:47,1,1,0
BRDA:47,2,0,0
BRDA:47,2,1,0
BRF:6
BRH:0
end_of_record
TN:
SF:services/unico/candidate/candidateHiredSeniorUnico.service.ts
FN:33,(anonymous_13)
FN:53,(anonymous_14)
FN:79,(anonymous_16)
FN:156,(anonymous_18)
FNF:4
FNH:0
FNDA:0,(anonymous_13)
FNDA:0,(anonymous_14)
FNDA:0,(anonymous_16)
FNDA:0,(anonymous_18)
DA:1,0
DA:3,0
DA:4,0
DA:10,0
DA:20,0
DA:21,0
DA:23,0
DA:25,0
DA:28,0
DA:29,0
DA:30,0
DA:31,0
DA:33,0
DA:34,0
DA:35,0
DA:57,0
DA:61,0
DA:62,0
DA:64,0
DA:82,0
DA:83,0
DA:85,0
DA:87,0
DA:92,0
DA:103,0
DA:108,0
DA:109,0
DA:111,0
DA:112,0
DA:116,0
DA:130,0
DA:132,0
DA:136,0
DA:137,0
DA:142,0
DA:147,0
DA:156,0
DA:157,0
DA:160,0
DA:166,0
DA:171,0
DA:181,0
DA:183,0
DA:185,0
DA:194,0
LF:45
LH:0
BRDA:61,0,0,0
BRDA:61,0,1,0
BRDA:111,1,0,0
BRDA:111,1,1,0
BRDA:136,2,0,0
BRDA:136,2,1,0
BRF:6
BRH:0
end_of_record
TN:
SF:services/unico/job/createJobSeniorUnico.service.ts
FN:32,(anonymous_15)
FN:40,(anonymous_16)
FNF:2
FNH:0
FNDA:0,(anonymous_15)
FNDA:0,(anonymous_16)
DA:1,0
DA:3,0
DA:4,0
DA:5,0
DA:6,0
DA:16,0
DA:17,0
DA:19,0
DA:21,0
DA:25,0
DA:27,0
DA:28,0
DA:29,0
DA:30,0
DA:32,0
DA:33,0
DA:40,0
DA:43,0
DA:44,0
DA:48,0
DA:59,0
DA:63,0
DA:68,0
DA:69,0
DA:71,0
DA:72,0
DA:76,0
DA:79,0
DA:97,0
DA:102,0
DA:104,0
DA:113,0
DA:118,0
DA:120,0
DA:124,0
DA:128,0
DA:129,0
DA:130,0
DA:135,0
DA:140,0
DA:142,0
DA:146,0
DA:149,0
DA:151,0
DA:163,0
DA:168,0
DA:173,0
LF:47
LH:0
BRDA:71,0,0,0
BRDA:71,0,1,0
BRDA:118,1,0,0
BRDA:118,1,1,0
BRDA:118,1,2,0
BRDA:118,1,3,0
BRDA:118,1,4,0
BRDA:129,2,0,0
BRDA:129,2,1,0
BRF:9
BRH:0
end_of_record
